Files already downloaded and verified
3
Writing logs to logs/CNN_bs=128_lr=0.01_run_13
/mnt/storage/software/languages/anaconda/Anaconda3.8.8/lib/python3.8/site-packages/torch/utils/data/dataloader.py:563: UserWarning: This DataLoader will create 28 worker processes in total. Our suggested max number of worker in current system is 1, which is smaller than what this DataLoader is going to create. Please be aware that excessive worker creation might get DataLoader running slow or even freeze, lower the worker number to avoid potential slowness/freeze if necessary.
  warnings.warn(_create_warning_msg(
epoch: [0], step: [9/391], batch loss: 2.93700, batch accuracy: 9.38, data load time: 0.00031, step time: 0.00128
epoch: [0], step: [19/391], batch loss: 3.19198, batch accuracy: 7.81, data load time: 0.00032, step time: 0.00128
epoch: [0], step: [29/391], batch loss: 3.03952, batch accuracy: 7.81, data load time: 0.00030, step time: 0.00128
epoch: [0], step: [39/391], batch loss: 3.03788, batch accuracy: 8.59, data load time: 0.00030, step time: 0.00127
epoch: [0], step: [49/391], batch loss: 2.98767, batch accuracy: 12.50, data load time: 0.00030, step time: 0.00128
epoch: [0], step: [59/391], batch loss: 3.04850, batch accuracy: 12.50, data load time: 0.00030, step time: 0.00128
epoch: [0], step: [69/391], batch loss: 3.01411, batch accuracy: 11.72, data load time: 0.00030, step time: 0.00128
epoch: [0], step: [79/391], batch loss: 2.95514, batch accuracy: 15.62, data load time: 0.00031, step time: 0.00129
epoch: [0], step: [89/391], batch loss: 3.12296, batch accuracy: 10.94, data load time: 0.00031, step time: 0.00128
epoch: [0], step: [99/391], batch loss: 2.98446, batch accuracy: 9.38, data load time: 0.00029, step time: 0.00129
epoch: [0], step: [109/391], batch loss: 3.06243, batch accuracy: 10.94, data load time: 0.00030, step time: 0.00128
epoch: [0], step: [119/391], batch loss: 2.93880, batch accuracy: 10.94, data load time: 0.00153, step time: 0.00129
epoch: [0], step: [129/391], batch loss: 3.07543, batch accuracy: 7.03, data load time: 0.00037, step time: 0.00128
epoch: [0], step: [139/391], batch loss: 3.31962, batch accuracy: 5.47, data load time: 0.00036, step time: 0.00128
epoch: [0], step: [149/391], batch loss: 3.06152, batch accuracy: 11.72, data load time: 0.00037, step time: 0.00128
epoch: [0], step: [159/391], batch loss: 3.10837, batch accuracy: 8.59, data load time: 0.00030, step time: 0.00128
epoch: [0], step: [169/391], batch loss: 3.09152, batch accuracy: 7.81, data load time: 0.00030, step time: 0.00129
epoch: [0], step: [179/391], batch loss: 3.21614, batch accuracy: 10.16, data load time: 0.00037, step time: 0.00129
epoch: [0], step: [189/391], batch loss: 3.08524, batch accuracy: 10.94, data load time: 0.02244, step time: 0.00128
epoch: [0], step: [199/391], batch loss: 3.11378, batch accuracy: 8.59, data load time: 0.02254, step time: 0.00128
epoch: [0], step: [209/391], batch loss: 3.17155, batch accuracy: 9.38, data load time: 0.02254, step time: 0.00129
epoch: [0], step: [219/391], batch loss: 3.09725, batch accuracy: 8.59, data load time: 0.00030, step time: 0.00128
epoch: [0], step: [229/391], batch loss: 3.09749, batch accuracy: 9.38, data load time: 0.00030, step time: 0.00129
epoch: [0], step: [239/391], batch loss: 2.90009, batch accuracy: 14.06, data load time: 0.00031, step time: 0.00128
epoch: [0], step: [249/391], batch loss: 3.12182, batch accuracy: 9.38, data load time: 0.00029, step time: 0.00128
epoch: [0], step: [259/391], batch loss: 3.14296, batch accuracy: 9.38, data load time: 0.00031, step time: 0.00128
epoch: [0], step: [269/391], batch loss: 3.01139, batch accuracy: 9.38, data load time: 0.00032, step time: 0.00128
epoch: [0], step: [279/391], batch loss: 2.98307, batch accuracy: 13.28, data load time: 0.00030, step time: 0.00128
epoch: [0], step: [289/391], batch loss: 3.13893, batch accuracy: 6.25, data load time: 0.00030, step time: 0.00128
epoch: [0], step: [299/391], batch loss: 3.04728, batch accuracy: 11.72, data load time: 0.00039, step time: 0.00129
epoch: [0], step: [309/391], batch loss: 3.05035, batch accuracy: 9.38, data load time: 0.00031, step time: 0.00128
epoch: [0], step: [319/391], batch loss: 3.18365, batch accuracy: 10.16, data load time: 0.00029, step time: 0.00128
epoch: [0], step: [329/391], batch loss: 3.16056, batch accuracy: 8.59, data load time: 0.00031, step time: 0.00129
epoch: [0], step: [339/391], batch loss: 2.93243, batch accuracy: 13.28, data load time: 0.00044, step time: 0.00128
epoch: [0], step: [349/391], batch loss: 3.01040, batch accuracy: 12.50, data load time: 0.00026, step time: 0.00127
epoch: [0], step: [359/391], batch loss: 3.10115, batch accuracy: 11.72, data load time: 0.00026, step time: 0.00128
epoch: [0], step: [369/391], batch loss: 2.95760, batch accuracy: 13.28, data load time: 0.00025, step time: 0.00127
epoch: [0], step: [379/391], batch loss: 3.10105, batch accuracy: 9.38, data load time: 0.00026, step time: 0.00128
epoch: [0], step: [389/391], batch loss: 2.98542, batch accuracy: 9.38, data load time: 0.00025, step time: 0.00130
epoch: [1], step: [8/391], batch loss: 3.00112, batch accuracy: 7.81, data load time: 0.00030, step time: 0.00119
epoch: [1], step: [18/391], batch loss: 3.01787, batch accuracy: 8.59, data load time: 0.00030, step time: 0.00118
epoch: [1], step: [28/391], batch loss: 3.02637, batch accuracy: 11.72, data load time: 0.00032, step time: 0.00129
epoch: [1], step: [38/391], batch loss: 3.03569, batch accuracy: 8.59, data load time: 0.00030, step time: 0.00129
epoch: [1], step: [48/391], batch loss: 3.11895, batch accuracy: 12.50, data load time: 0.00031, step time: 0.00129
epoch: [1], step: [58/391], batch loss: 3.00346, batch accuracy: 10.16, data load time: 0.00030, step time: 0.00129
epoch: [1], step: [68/391], batch loss: 2.93466, batch accuracy: 13.28, data load time: 0.00031, step time: 0.00128
epoch: [1], step: [78/391], batch loss: 3.06855, batch accuracy: 7.81, data load time: 0.00030, step time: 0.00128
epoch: [1], step: [88/391], batch loss: 3.25689, batch accuracy: 7.03, data load time: 0.00030, step time: 0.00128
epoch: [1], step: [98/391], batch loss: 3.06872, batch accuracy: 9.38, data load time: 0.00030, step time: 0.00129
epoch: [1], step: [108/391], batch loss: 3.17742, batch accuracy: 6.25, data load time: 0.00030, step time: 0.00128
epoch: [1], step: [118/391], batch loss: 3.11757, batch accuracy: 10.94, data load time: 0.00030, step time: 0.00128
epoch: [1], step: [128/391], batch loss: 3.12089, batch accuracy: 10.94, data load time: 0.00031, step time: 0.44285
epoch: [1], step: [138/391], batch loss: 2.94933, batch accuracy: 14.06, data load time: 0.00030, step time: 0.00128
epoch: [1], step: [148/391], batch loss: 3.13899, batch accuracy: 8.59, data load time: 0.00039, step time: 0.00128
epoch: [1], step: [158/391], batch loss: 3.09058, batch accuracy: 8.59, data load time: 0.00029, step time: 0.00128
epoch: [1], step: [168/391], batch loss: 3.21814, batch accuracy: 7.81, data load time: 0.00031, step time: 0.00128
epoch: [1], step: [178/391], batch loss: 2.92731, batch accuracy: 13.28, data load time: 0.00039, step time: 0.00128
epoch: [1], step: [188/391], batch loss: 3.28288, batch accuracy: 5.47, data load time: 0.00029, step time: 0.00128
epoch: [1], step: [198/391], batch loss: 3.12260, batch accuracy: 5.47, data load time: 0.00031, step time: 0.00128
epoch: [1], step: [208/391], batch loss: 3.21581, batch accuracy: 7.03, data load time: 0.00040, step time: 0.00128
epoch: [1], step: [218/391], batch loss: 3.00904, batch accuracy: 7.81, data load time: 0.00029, step time: 0.00127
epoch: [1], step: [228/391], batch loss: 3.13922, batch accuracy: 8.59, data load time: 0.00029, step time: 0.00128
epoch: [1], step: [238/391], batch loss: 3.07145, batch accuracy: 11.72, data load time: 0.00030, step time: 0.00128
epoch: [1], step: [248/391], batch loss: 3.05931, batch accuracy: 13.28, data load time: 0.00047, step time: 0.00128
epoch: [1], step: [258/391], batch loss: 3.01905, batch accuracy: 11.72, data load time: 0.00030, step time: 0.00128
epoch: [1], step: [268/391], batch loss: 3.05152, batch accuracy: 8.59, data load time: 0.00030, step time: 0.00129
epoch: [1], step: [278/391], batch loss: 3.03855, batch accuracy: 11.72, data load time: 0.00030, step time: 0.00128
epoch: [1], step: [288/391], batch loss: 3.09705, batch accuracy: 8.59, data load time: 0.00043, step time: 0.00128
epoch: [1], step: [298/391], batch loss: 2.79662, batch accuracy: 12.50, data load time: 0.00030, step time: 0.00128
epoch: [1], step: [308/391], batch loss: 3.13837, batch accuracy: 10.94, data load time: 0.00030, step time: 0.00127
epoch: [1], step: [318/391], batch loss: 3.02681, batch accuracy: 7.03, data load time: 0.00039, step time: 0.00129
epoch: [1], step: [328/391], batch loss: 2.94937, batch accuracy: 11.72, data load time: 0.00032, step time: 0.00128
epoch: [1], step: [338/391], batch loss: 2.87677, batch accuracy: 17.19, data load time: 0.00026, step time: 0.00128
epoch: [1], step: [348/391], batch loss: 3.14607, batch accuracy: 7.03, data load time: 0.00025, step time: 0.00128
epoch: [1], step: [358/391], batch loss: 3.02176, batch accuracy: 11.72, data load time: 0.00028, step time: 0.00128
epoch: [1], step: [368/391], batch loss: 3.13229, batch accuracy: 9.38, data load time: 0.00025, step time: 0.00128
epoch: [1], step: [378/391], batch loss: 2.86712, batch accuracy: 14.06, data load time: 0.00025, step time: 0.00128
epoch: [1], step: [388/391], batch loss: 2.92741, batch accuracy: 10.94, data load time: 0.00026, step time: 0.00128
validation loss: 3.07258, accuracy: 10.00
epoch: [2], step: [7/391], batch loss: 2.97477, batch accuracy: 15.62, data load time: 0.00030, step time: 0.00119
epoch: [2], step: [17/391], batch loss: 3.02154, batch accuracy: 10.16, data load time: 0.00031, step time: 0.00118
epoch: [2], step: [27/391], batch loss: 2.87726, batch accuracy: 13.28, data load time: 0.02894, step time: 0.00119
epoch: [2], step: [37/391], batch loss: 2.85670, batch accuracy: 9.38, data load time: 0.00031, step time: 0.00118
epoch: [2], step: [47/391], batch loss: 3.09902, batch accuracy: 7.81, data load time: 0.00031, step time: 0.00118
epoch: [2], step: [57/391], batch loss: 3.14877, batch accuracy: 9.38, data load time: 0.00030, step time: 0.00118
epoch: [2], step: [67/391], batch loss: 3.20096, batch accuracy: 7.81, data load time: 0.00030, step time: 0.00118
epoch: [2], step: [77/391], batch loss: 3.03025, batch accuracy: 7.81, data load time: 0.00030, step time: 0.00118
epoch: [2], step: [87/391], batch loss: 3.00179, batch accuracy: 8.59, data load time: 0.00030, step time: 0.00119
epoch: [2], step: [97/391], batch loss: 3.06549, batch accuracy: 11.72, data load time: 0.00030, step time: 0.00118
epoch: [2], step: [107/391], batch loss: 3.11450, batch accuracy: 10.94, data load time: 0.00030, step time: 0.00118
epoch: [2], step: [117/391], batch loss: 2.99864, batch accuracy: 12.50, data load time: 0.00030, step time: 0.00118
epoch: [2], step: [127/391], batch loss: 3.12607, batch accuracy: 8.59, data load time: 0.00030, step time: 0.00119
epoch: [2], step: [137/391], batch loss: 2.86128, batch accuracy: 12.50, data load time: 0.00036, step time: 0.00119
epoch: [2], step: [147/391], batch loss: 3.18791, batch accuracy: 10.94, data load time: 0.00036, step time: 0.00118
epoch: [2], step: [157/391], batch loss: 3.18274, batch accuracy: 7.03, data load time: 0.00036, step time: 0.00118
epoch: [2], step: [167/391], batch loss: 3.05419, batch accuracy: 11.72, data load time: 0.00031, step time: 0.00118
epoch: [2], step: [177/391], batch loss: 3.09809, batch accuracy: 12.50, data load time: 0.00029, step time: 0.00118
epoch: [2], step: [187/391], batch loss: 2.99960, batch accuracy: 14.06, data load time: 0.00030, step time: 0.00118
epoch: [2], step: [197/391], batch loss: 3.17622, batch accuracy: 8.59, data load time: 0.00030, step time: 0.00118
epoch: [2], step: [207/391], batch loss: 3.13409, batch accuracy: 6.25, data load time: 0.00036, step time: 0.00118
epoch: [2], step: [217/391], batch loss: 2.99515, batch accuracy: 12.50, data load time: 0.02279, step time: 0.00118
epoch: [2], step: [227/391], batch loss: 3.00478, batch accuracy: 10.94, data load time: 0.00030, step time: 0.00118
epoch: [2], step: [237/391], batch loss: 3.18838, batch accuracy: 5.47, data load time: 0.00031, step time: 0.00119
epoch: [2], step: [247/391], batch loss: 3.03182, batch accuracy: 10.16, data load time: 0.02267, step time: 0.00119
epoch: [2], step: [257/391], batch loss: 3.02446, batch accuracy: 8.59, data load time: 0.00561, step time: 0.00119
epoch: [2], step: [267/391], batch loss: 3.19118, batch accuracy: 7.03, data load time: 0.00030, step time: 0.00118
epoch: [2], step: [277/391], batch loss: 2.98156, batch accuracy: 12.50, data load time: 0.00031, step time: 0.00118
epoch: [2], step: [287/391], batch loss: 3.12627, batch accuracy: 9.38, data load time: 0.00037, step time: 0.00119
epoch: [2], step: [297/391], batch loss: 3.08620, batch accuracy: 9.38, data load time: 0.02268, step time: 0.00119
epoch: [2], step: [307/391], batch loss: 3.04522, batch accuracy: 7.81, data load time: 0.09386, step time: 0.00128
epoch: [2], step: [317/391], batch loss: 3.13330, batch accuracy: 7.81, data load time: 0.00030, step time: 0.00118
epoch: [2], step: [327/391], batch loss: 2.92413, batch accuracy: 12.50, data load time: 0.44376, step time: 0.00127
epoch: [2], step: [337/391], batch loss: 3.11741, batch accuracy: 10.16, data load time: 0.00025, step time: 0.00119
epoch: [2], step: [347/391], batch loss: 3.14828, batch accuracy: 5.47, data load time: 0.00026, step time: 0.00119
epoch: [2], step: [357/391], batch loss: 3.03658, batch accuracy: 13.28, data load time: 0.00026, step time: 0.00118
epoch: [2], step: [367/391], batch loss: 3.01081, batch accuracy: 10.16, data load time: 0.00025, step time: 0.00118
epoch: [2], step: [377/391], batch loss: 3.09441, batch accuracy: 13.28, data load time: 0.00025, step time: 0.00118
epoch: [2], step: [387/391], batch loss: 3.03916, batch accuracy: 6.25, data load time: 0.00026, step time: 0.00118
epoch: [3], step: [6/391], batch loss: 3.27772, batch accuracy: 7.03, data load time: 0.00032, step time: 0.00118
epoch: [3], step: [16/391], batch loss: 2.97840, batch accuracy: 11.72, data load time: 0.00031, step time: 0.00118
epoch: [3], step: [26/391], batch loss: 2.99404, batch accuracy: 11.72, data load time: 0.05190, step time: 0.00119
epoch: [3], step: [36/391], batch loss: 3.30026, batch accuracy: 7.03, data load time: 0.00030, step time: 0.00118
epoch: [3], step: [46/391], batch loss: 2.97426, batch accuracy: 10.94, data load time: 0.00031, step time: 0.00118
epoch: [3], step: [56/391], batch loss: 3.01932, batch accuracy: 11.72, data load time: 0.00032, step time: 0.00118
epoch: [3], step: [66/391], batch loss: 3.13285, batch accuracy: 11.72, data load time: 0.00030, step time: 0.00118
epoch: [3], step: [76/391], batch loss: 2.96011, batch accuracy: 12.50, data load time: 0.00030, step time: 0.00118
epoch: [3], step: [86/391], batch loss: 3.10958, batch accuracy: 9.38, data load time: 0.00030, step time: 0.00119
epoch: [3], step: [96/391], batch loss: 3.11924, batch accuracy: 6.25, data load time: 0.00031, step time: 0.00118
epoch: [3], step: [106/391], batch loss: 3.12632, batch accuracy: 8.59, data load time: 0.00030, step time: 0.00118
epoch: [3], step: [116/391], batch loss: 2.97120, batch accuracy: 11.72, data load time: 0.00030, step time: 0.00118
epoch: [3], step: [126/391], batch loss: 2.90608, batch accuracy: 10.94, data load time: 0.00030, step time: 0.00118
epoch: [3], step: [136/391], batch loss: 3.07104, batch accuracy: 12.50, data load time: 0.00036, step time: 0.00118
epoch: [3], step: [146/391], batch loss: 3.21921, batch accuracy: 10.16, data load time: 0.85101, step time: 0.00127
epoch: [3], step: [156/391], batch loss: 3.18637, batch accuracy: 7.81, data load time: 0.00030, step time: 0.00119
epoch: [3], step: [166/391], batch loss: 3.07138, batch accuracy: 9.38, data load time: 0.00200, step time: 0.00119
epoch: [3], step: [176/391], batch loss: 3.04995, batch accuracy: 13.28, data load time: 0.00030, step time: 0.00118
epoch: [3], step: [186/391], batch loss: 3.13957, batch accuracy: 6.25, data load time: 0.00030, step time: 0.00119
epoch: [3], step: [196/391], batch loss: 3.07672, batch accuracy: 7.03, data load time: 0.00037, step time: 0.00119
epoch: [3], step: [206/391], batch loss: 2.96876, batch accuracy: 12.50, data load time: 0.00037, step time: 0.00119
epoch: [3], step: [216/391], batch loss: 3.02610, batch accuracy: 10.16, data load time: 0.00030, step time: 0.00118
epoch: [3], step: [226/391], batch loss: 3.07568, batch accuracy: 10.94, data load time: 0.00038, step time: 0.00118
epoch: [3], step: [236/391], batch loss: 3.16197, batch accuracy: 5.47, data load time: 0.00036, step time: 0.00118
epoch: [3], step: [246/391], batch loss: 2.95048, batch accuracy: 10.94, data load time: 0.03711, step time: 0.00118
epoch: [3], step: [256/391], batch loss: 3.21004, batch accuracy: 7.03, data load time: 0.00030, step time: 0.00118
epoch: [3], step: [266/391], batch loss: 2.86686, batch accuracy: 12.50, data load time: 0.00030, step time: 0.00117
epoch: [3], step: [276/391], batch loss: 3.06972, batch accuracy: 10.16, data load time: 0.02263, step time: 0.00119
epoch: [3], step: [286/391], batch loss: 2.95397, batch accuracy: 14.06, data load time: 0.02265, step time: 0.00119
epoch: [3], step: [296/391], batch loss: 2.94672, batch accuracy: 13.28, data load time: 0.00030, step time: 0.00118
epoch: [3], step: [306/391], batch loss: 3.13216, batch accuracy: 7.81, data load time: 0.00030, step time: 0.00118
epoch: [3], step: [316/391], batch loss: 2.88335, batch accuracy: 14.84, data load time: 0.02275, step time: 0.00118
epoch: [3], step: [326/391], batch loss: 2.91179, batch accuracy: 10.16, data load time: 0.02277, step time: 0.00119
epoch: [3], step: [336/391], batch loss: 3.25622, batch accuracy: 4.69, data load time: 0.00027, step time: 0.00118
epoch: [3], step: [346/391], batch loss: 2.94461, batch accuracy: 12.50, data load time: 0.00027, step time: 0.00118
epoch: [3], step: [356/391], batch loss: 2.97306, batch accuracy: 10.94, data load time: 0.00025, step time: 0.00118
epoch: [3], step: [366/391], batch loss: 3.16475, batch accuracy: 7.03, data load time: 0.00026, step time: 0.00118
epoch: [3], step: [376/391], batch loss: 3.03939, batch accuracy: 7.03, data load time: 0.00030, step time: 0.00118
epoch: [3], step: [386/391], batch loss: 2.98080, batch accuracy: 12.50, data load time: 0.00025, step time: 0.00117
validation loss: 3.07258, accuracy: 10.00
epoch: [4], step: [5/391], batch loss: 2.89020, batch accuracy: 14.84, data load time: 0.00030, step time: 0.00118
epoch: [4], step: [15/391], batch loss: 3.17471, batch accuracy: 7.81, data load time: 0.00031, step time: 0.00118
epoch: [4], step: [25/391], batch loss: 3.21352, batch accuracy: 6.25, data load time: 0.08752, step time: 0.00122
epoch: [4], step: [35/391], batch loss: 2.95150, batch accuracy: 10.16, data load time: 0.00030, step time: 0.00118
epoch: [4], step: [45/391], batch loss: 3.09644, batch accuracy: 10.16, data load time: 0.00030, step time: 0.00117
epoch: [4], step: [55/391], batch loss: 3.14743, batch accuracy: 7.03, data load time: 0.68109, step time: 0.00128
epoch: [4], step: [65/391], batch loss: 3.08011, batch accuracy: 10.16, data load time: 0.00030, step time: 0.00118
epoch: [4], step: [75/391], batch loss: 3.22071, batch accuracy: 8.59, data load time: 0.00030, step time: 0.00119
epoch: [4], step: [85/391], batch loss: 3.09914, batch accuracy: 7.81, data load time: 0.00030, step time: 0.00118
epoch: [4], step: [95/391], batch loss: 2.94162, batch accuracy: 11.72, data load time: 0.00031, step time: 0.00118
epoch: [4], step: [105/391], batch loss: 2.98419, batch accuracy: 7.03, data load time: 0.00030, step time: 0.00118
epoch: [4], step: [115/391], batch loss: 3.16979, batch accuracy: 7.81, data load time: 0.00030, step time: 0.00119
epoch: [4], step: [125/391], batch loss: 3.11890, batch accuracy: 7.03, data load time: 0.00030, step time: 0.00118
epoch: [4], step: [135/391], batch loss: 3.03866, batch accuracy: 10.94, data load time: 0.00037, step time: 0.00119
epoch: [4], step: [145/391], batch loss: 3.00299, batch accuracy: 8.59, data load time: 0.00030, step time: 0.00118
epoch: [4], step: [155/391], batch loss: 3.09554, batch accuracy: 11.72, data load time: 0.00030, step time: 0.00118
epoch: [4], step: [165/391], batch loss: 3.10502, batch accuracy: 9.38, data load time: 0.00036, step time: 0.00118
epoch: [4], step: [175/391], batch loss: 3.05377, batch accuracy: 9.38, data load time: 0.00031, step time: 0.00128
epoch: [4], step: [185/391], batch loss: 3.08965, batch accuracy: 12.50, data load time: 0.00030, step time: 0.00128
epoch: [4], step: [195/391], batch loss: 3.05647, batch accuracy: 10.94, data load time: 0.02258, step time: 0.00128
epoch: [4], step: [205/391], batch loss: 3.26187, batch accuracy: 4.69, data load time: 0.00662, step time: 0.00128
epoch: [4], step: [215/391], batch loss: 2.97927, batch accuracy: 11.72, data load time: 0.03426, step time: 0.00128
epoch: [4], step: [225/391], batch loss: 3.16490, batch accuracy: 10.94, data load time: 0.00031, step time: 0.00129
epoch: [4], step: [235/391], batch loss: 3.17072, batch accuracy: 11.72, data load time: 0.00033, step time: 0.00127
epoch: [4], step: [245/391], batch loss: 3.30521, batch accuracy: 7.03, data load time: 0.03258, step time: 0.00128
epoch: [4], step: [255/391], batch loss: 3.19154, batch accuracy: 7.03, data load time: 0.02265, step time: 0.00128
epoch: [4], step: [265/391], batch loss: 3.08251, batch accuracy: 9.38, data load time: 0.00030, step time: 0.00127
epoch: [4], step: [275/391], batch loss: 3.19929, batch accuracy: 4.69, data load time: 0.00031, step time: 0.00128
epoch: [4], step: [285/391], batch loss: 2.98192, batch accuracy: 11.72, data load time: 0.02255, step time: 0.00130
epoch: [4], step: [295/391], batch loss: 2.95995, batch accuracy: 11.72, data load time: 0.00031, step time: 0.00128
epoch: [4], step: [305/391], batch loss: 2.90726, batch accuracy: 7.81, data load time: 0.00030, step time: 0.00128
epoch: [4], step: [315/391], batch loss: 3.07420, batch accuracy: 13.28, data load time: 0.04613, step time: 0.00129
epoch: [4], step: [325/391], batch loss: 3.09420, batch accuracy: 10.16, data load time: 0.01189, step time: 0.00128
epoch: [4], step: [335/391], batch loss: 3.16278, batch accuracy: 10.94, data load time: 0.00026, step time: 0.00129
epoch: [4], step: [345/391], batch loss: 3.02385, batch accuracy: 13.28, data load time: 0.09105, step time: 0.00136
epoch: [4], step: [355/391], batch loss: 3.10004, batch accuracy: 11.72, data load time: 0.00026, step time: 0.00128
epoch: [4], step: [365/391], batch loss: 3.11255, batch accuracy: 7.81, data load time: 0.00026, step time: 0.00128
epoch: [4], step: [375/391], batch loss: 2.83779, batch accuracy: 16.41, data load time: 0.00026, step time: 0.00127
epoch: [4], step: [385/391], batch loss: 2.89228, batch accuracy: 10.16, data load time: 0.00025, step time: 0.00128
epoch: [5], step: [4/391], batch loss: 3.13285, batch accuracy: 7.81, data load time: 0.00030, step time: 0.00130
epoch: [5], step: [14/391], batch loss: 3.00579, batch accuracy: 10.94, data load time: 0.00030, step time: 0.00128
epoch: [5], step: [24/391], batch loss: 3.05772, batch accuracy: 10.16, data load time: 1.20809, step time: 0.00136
epoch: [5], step: [34/391], batch loss: 3.23733, batch accuracy: 6.25, data load time: 0.00030, step time: 0.00127
epoch: [5], step: [44/391], batch loss: 3.12848, batch accuracy: 9.38, data load time: 0.00030, step time: 0.00128
epoch: [5], step: [54/391], batch loss: 3.12519, batch accuracy: 8.59, data load time: 0.00030, step time: 0.00129
epoch: [5], step: [64/391], batch loss: 2.99883, batch accuracy: 10.16, data load time: 0.00030, step time: 0.00129
epoch: [5], step: [74/391], batch loss: 2.98719, batch accuracy: 11.72, data load time: 0.00030, step time: 0.00129
epoch: [5], step: [84/391], batch loss: 3.09267, batch accuracy: 8.59, data load time: 0.00032, step time: 0.00128
epoch: [5], step: [94/391], batch loss: 3.17208, batch accuracy: 7.03, data load time: 0.00030, step time: 0.00128
epoch: [5], step: [104/391], batch loss: 3.30280, batch accuracy: 2.34, data load time: 0.00030, step time: 0.00128
epoch: [5], step: [114/391], batch loss: 3.13840, batch accuracy: 8.59, data load time: 0.00031, step time: 0.00128
epoch: [5], step: [124/391], batch loss: 3.09258, batch accuracy: 8.59, data load time: 0.00030, step time: 0.00128
epoch: [5], step: [134/391], batch loss: 3.15096, batch accuracy: 11.72, data load time: 0.00030, step time: 0.00128
epoch: [5], step: [144/391], batch loss: 3.18248, batch accuracy: 7.81, data load time: 0.00029, step time: 0.00128
epoch: [5], step: [154/391], batch loss: 3.08314, batch accuracy: 8.59, data load time: 0.00030, step time: 0.00128
epoch: [5], step: [164/391], batch loss: 3.30901, batch accuracy: 6.25, data load time: 0.00030, step time: 0.00129
epoch: [5], step: [174/391], batch loss: 3.10487, batch accuracy: 7.81, data load time: 0.00030, step time: 0.00128
epoch: [5], step: [184/391], batch loss: 2.87195, batch accuracy: 11.72, data load time: 0.00030, step time: 0.00128
epoch: [5], step: [194/391], batch loss: 3.08445, batch accuracy: 9.38, data load time: 0.00029, step time: 0.00128
epoch: [5], step: [204/391], batch loss: 3.04443, batch accuracy: 14.84, data load time: 0.00030, step time: 0.00129
epoch: [5], step: [214/391], batch loss: 3.33379, batch accuracy: 5.47, data load time: 0.00032, step time: 0.00129
epoch: [5], step: [224/391], batch loss: 3.17403, batch accuracy: 8.59, data load time: 0.00031, step time: 0.00128
epoch: [5], step: [234/391], batch loss: 3.07492, batch accuracy: 9.38, data load time: 0.00030, step time: 0.00128
epoch: [5], step: [244/391], batch loss: 2.98998, batch accuracy: 11.72, data load time: 0.00029, step time: 0.87266
epoch: [5], step: [254/391], batch loss: 3.05837, batch accuracy: 11.72, data load time: 0.00031, step time: 0.00128
epoch: [5], step: [264/391], batch loss: 3.01487, batch accuracy: 10.16, data load time: 0.00042, step time: 0.00129
epoch: [5], step: [274/391], batch loss: 3.09859, batch accuracy: 12.50, data load time: 0.00030, step time: 0.00128
epoch: [5], step: [284/391], batch loss: 3.10213, batch accuracy: 4.69, data load time: 0.00030, step time: 0.00128
epoch: [5], step: [294/391], batch loss: 3.09930, batch accuracy: 9.38, data load time: 0.00042, step time: 0.00128
epoch: [5], step: [304/391], batch loss: 3.19031, batch accuracy: 7.03, data load time: 0.00030, step time: 0.00128
epoch: [5], step: [314/391], batch loss: 3.02854, batch accuracy: 11.72, data load time: 0.00030, step time: 0.00128
epoch: [5], step: [324/391], batch loss: 3.20426, batch accuracy: 4.69, data load time: 0.00030, step time: 0.00128
epoch: [5], step: [334/391], batch loss: 3.08731, batch accuracy: 10.16, data load time: 0.00296, step time: 0.00128
epoch: [5], step: [344/391], batch loss: 3.15923, batch accuracy: 7.81, data load time: 0.00026, step time: 0.00128
epoch: [5], step: [354/391], batch loss: 3.15178, batch accuracy: 9.38, data load time: 0.00025, step time: 0.28474
epoch: [5], step: [364/391], batch loss: 2.98625, batch accuracy: 10.94, data load time: 0.00029, step time: 0.00128
epoch: [5], step: [374/391], batch loss: 3.02240, batch accuracy: 13.28, data load time: 0.00027, step time: 0.00128
epoch: [5], step: [384/391], batch loss: 3.19613, batch accuracy: 9.38, data load time: 0.00027, step time: 0.00128
validation loss: 3.07258, accuracy: 10.00
epoch: [6], step: [3/391], batch loss: 3.25600, batch accuracy: 5.47, data load time: 0.00030, step time: 0.00129
epoch: [6], step: [13/391], batch loss: 2.90111, batch accuracy: 14.84, data load time: 0.00030, step time: 0.00128
epoch: [6], step: [23/391], batch loss: 3.15023, batch accuracy: 8.59, data load time: 0.00029, step time: 0.00128
epoch: [6], step: [33/391], batch loss: 2.96218, batch accuracy: 10.16, data load time: 0.00032, step time: 0.00129
epoch: [6], step: [43/391], batch loss: 3.01824, batch accuracy: 13.28, data load time: 0.00030, step time: 0.00128
epoch: [6], step: [53/391], batch loss: 2.90832, batch accuracy: 14.84, data load time: 0.00030, step time: 0.00128
epoch: [6], step: [63/391], batch loss: 3.27022, batch accuracy: 3.12, data load time: 0.00030, step time: 0.00129
epoch: [6], step: [73/391], batch loss: 2.88456, batch accuracy: 13.28, data load time: 0.00030, step time: 0.00129
epoch: [6], step: [83/391], batch loss: 3.03407, batch accuracy: 10.16, data load time: 0.68518, step time: 0.00135
epoch: [6], step: [93/391], batch loss: 2.73557, batch accuracy: 17.19, data load time: 0.00030, step time: 0.00128
epoch: [6], step: [103/391], batch loss: 3.01853, batch accuracy: 12.50, data load time: 0.00030, step time: 0.00129
epoch: [6], step: [113/391], batch loss: 3.24750, batch accuracy: 5.47, data load time: 0.00032, step time: 0.00128
epoch: [6], step: [123/391], batch loss: 2.99754, batch accuracy: 13.28, data load time: 0.00030, step time: 0.00128
epoch: [6], step: [133/391], batch loss: 3.10766, batch accuracy: 7.03, data load time: 0.00030, step time: 0.00129
epoch: [6], step: [143/391], batch loss: 2.96093, batch accuracy: 13.28, data load time: 0.00029, step time: 0.00128
epoch: [6], step: [153/391], batch loss: 3.19453, batch accuracy: 7.81, data load time: 0.00030, step time: 0.00128
epoch: [6], step: [163/391], batch loss: 3.21503, batch accuracy: 11.72, data load time: 0.00042, step time: 0.00128
epoch: [6], step: [173/391], batch loss: 3.13822, batch accuracy: 9.38, data load time: 0.00035, step time: 0.00134
epoch: [6], step: [183/391], batch loss: 3.10830, batch accuracy: 9.38, data load time: 0.00031, step time: 0.00129
epoch: [6], step: [193/391], batch loss: 2.92902, batch accuracy: 15.62, data load time: 0.00031, step time: 0.00128
epoch: [6], step: [203/391], batch loss: 2.97085, batch accuracy: 13.28, data load time: 0.00029, step time: 0.00129
epoch: [6], step: [213/391], batch loss: 3.03318, batch accuracy: 9.38, data load time: 0.00030, step time: 0.00128
epoch: [6], step: [223/391], batch loss: 3.19512, batch accuracy: 10.16, data load time: 0.00039, step time: 0.00129
epoch: [6], step: [233/391], batch loss: 3.16381, batch accuracy: 7.81, data load time: 0.00029, step time: 0.00129
epoch: [6], step: [243/391], batch loss: 2.90743, batch accuracy: 10.94, data load time: 0.00030, step time: 0.00127
epoch: [6], step: [253/391], batch loss: 3.19915, batch accuracy: 8.59, data load time: 0.00031, step time: 0.00129
epoch: [6], step: [263/391], batch loss: 3.12031, batch accuracy: 8.59, data load time: 0.00030, step time: 0.00128
epoch: [6], step: [273/391], batch loss: 3.09833, batch accuracy: 8.59, data load time: 0.00030, step time: 0.00129
epoch: [6], step: [283/391], batch loss: 3.24116, batch accuracy: 7.81, data load time: 0.00030, step time: 0.00128
epoch: [6], step: [293/391], batch loss: 3.11482, batch accuracy: 8.59, data load time: 0.00033, step time: 0.00128
epoch: [6], step: [303/391], batch loss: 3.22067, batch accuracy: 5.47, data load time: 0.00030, step time: 0.00129
epoch: [6], step: [313/391], batch loss: 3.16936, batch accuracy: 8.59, data load time: 0.00031, step time: 0.00128
epoch: [6], step: [323/391], batch loss: 3.07410, batch accuracy: 8.59, data load time: 0.00030, step time: 0.00128
epoch: [6], step: [333/391], batch loss: 2.90252, batch accuracy: 13.28, data load time: 0.00030, step time: 0.00129
epoch: [6], step: [343/391], batch loss: 2.99521, batch accuracy: 10.16, data load time: 0.00028, step time: 0.00128
epoch: [6], step: [353/391], batch loss: 3.24979, batch accuracy: 12.50, data load time: 0.00026, step time: 0.00128
epoch: [6], step: [363/391], batch loss: 3.11968, batch accuracy: 6.25, data load time: 0.00027, step time: 0.00128
epoch: [6], step: [373/391], batch loss: 2.76144, batch accuracy: 16.41, data load time: 0.00026, step time: 0.00127
epoch: [6], step: [383/391], batch loss: 3.04907, batch accuracy: 10.16, data load time: 0.00025, step time: 0.00127
epoch: [7], step: [2/391], batch loss: 3.26470, batch accuracy: 6.25, data load time: 0.00031, step time: 0.00129
epoch: [7], step: [12/391], batch loss: 2.88201, batch accuracy: 13.28, data load time: 0.00030, step time: 0.00128
epoch: [7], step: [22/391], batch loss: 2.99445, batch accuracy: 9.38, data load time: 0.00031, step time: 0.00129
epoch: [7], step: [32/391], batch loss: 3.08412, batch accuracy: 8.59, data load time: 0.00030, step time: 0.00128
epoch: [7], step: [42/391], batch loss: 3.07392, batch accuracy: 10.94, data load time: 0.00030, step time: 0.00129
epoch: [7], step: [52/391], batch loss: 3.08912, batch accuracy: 8.59, data load time: 0.00030, step time: 0.00129
epoch: [7], step: [62/391], batch loss: 2.96107, batch accuracy: 11.72, data load time: 0.00034, step time: 0.00130
epoch: [7], step: [72/391], batch loss: 3.20214, batch accuracy: 7.81, data load time: 0.00030, step time: 0.00128
epoch: [7], step: [82/391], batch loss: 3.03529, batch accuracy: 10.94, data load time: 0.00030, step time: 0.00129
epoch: [7], step: [92/391], batch loss: 3.06638, batch accuracy: 7.81, data load time: 0.00030, step time: 0.00127
epoch: [7], step: [102/391], batch loss: 3.17157, batch accuracy: 8.59, data load time: 0.00030, step time: 0.00128
epoch: [7], step: [112/391], batch loss: 3.19800, batch accuracy: 8.59, data load time: 0.00031, step time: 0.00127
epoch: [7], step: [122/391], batch loss: 3.03119, batch accuracy: 10.16, data load time: 0.00030, step time: 0.00128
epoch: [7], step: [132/391], batch loss: 2.93942, batch accuracy: 12.50, data load time: 0.00030, step time: 0.00128
epoch: [7], step: [142/391], batch loss: 3.22295, batch accuracy: 9.38, data load time: 0.00031, step time: 0.00128
epoch: [7], step: [152/391], batch loss: 3.23668, batch accuracy: 8.59, data load time: 0.00030, step time: 0.00128
epoch: [7], step: [162/391], batch loss: 3.03886, batch accuracy: 10.16, data load time: 0.00039, step time: 0.00129
epoch: [7], step: [172/391], batch loss: 3.23053, batch accuracy: 7.03, data load time: 0.00030, step time: 0.00128
epoch: [7], step: [182/391], batch loss: 3.27396, batch accuracy: 7.03, data load time: 0.00030, step time: 0.00127
epoch: [7], step: [192/391], batch loss: 3.06565, batch accuracy: 10.16, data load time: 0.00039, step time: 0.00129
epoch: [7], step: [202/391], batch loss: 3.08692, batch accuracy: 8.59, data load time: 0.00029, step time: 0.00128
epoch: [7], step: [212/391], batch loss: 2.88509, batch accuracy: 14.84, data load time: 0.00029, step time: 0.00128
epoch: [7], step: [222/391], batch loss: 3.13062, batch accuracy: 8.59, data load time: 0.00030, step time: 0.00128
epoch: [7], step: [232/391], batch loss: 3.07188, batch accuracy: 10.94, data load time: 0.00043, step time: 0.00128
epoch: [7], step: [242/391], batch loss: 2.81769, batch accuracy: 15.62, data load time: 0.00029, step time: 0.00127
epoch: [7], step: [252/391], batch loss: 3.14713, batch accuracy: 8.59, data load time: 0.00030, step time: 0.00129
epoch: [7], step: [262/391], batch loss: 3.16735, batch accuracy: 3.91, data load time: 0.00045, step time: 0.00128
epoch: [7], step: [272/391], batch loss: 2.95079, batch accuracy: 8.59, data load time: 0.00030, step time: 0.00128
epoch: [7], step: [282/391], batch loss: 3.01049, batch accuracy: 12.50, data load time: 0.00031, step time: 0.00128
epoch: [7], step: [292/391], batch loss: 3.03991, batch accuracy: 14.06, data load time: 0.00029, step time: 0.00128
epoch: [7], step: [302/391], batch loss: 3.19738, batch accuracy: 8.59, data load time: 0.00031, step time: 0.00127
epoch: [7], step: [312/391], batch loss: 3.13212, batch accuracy: 13.28, data load time: 0.00030, step time: 0.00128
epoch: [7], step: [322/391], batch loss: 3.02071, batch accuracy: 14.06, data load time: 0.00044, step time: 0.00128
epoch: [7], step: [332/391], batch loss: 2.95651, batch accuracy: 12.50, data load time: 0.00029, step time: 0.00128
epoch: [7], step: [342/391], batch loss: 3.05599, batch accuracy: 7.81, data load time: 0.00026, step time: 0.00128
epoch: [7], step: [352/391], batch loss: 3.03600, batch accuracy: 8.59, data load time: 0.00026, step time: 0.00129
epoch: [7], step: [362/391], batch loss: 3.02489, batch accuracy: 13.28, data load time: 0.00027, step time: 0.00128
epoch: [7], step: [372/391], batch loss: 3.00057, batch accuracy: 12.50, data load time: 0.00025, step time: 0.00128
epoch: [7], step: [382/391], batch loss: 3.27631, batch accuracy: 8.59, data load time: 0.00025, step time: 0.00128
validation loss: 3.07258, accuracy: 10.00
epoch: [8], step: [1/391], batch loss: 2.96483, batch accuracy: 13.28, data load time: 0.00032, step time: 0.00124
epoch: [8], step: [11/391], batch loss: 3.12745, batch accuracy: 10.16, data load time: 0.00031, step time: 0.00124
epoch: [8], step: [21/391], batch loss: 3.04509, batch accuracy: 12.50, data load time: 0.00031, step time: 0.00124
epoch: [8], step: [31/391], batch loss: 3.20044, batch accuracy: 7.81, data load time: 0.00030, step time: 0.00124
epoch: [8], step: [41/391], batch loss: 3.22326, batch accuracy: 7.81, data load time: 0.00030, step time: 0.00123
epoch: [8], step: [51/391], batch loss: 3.02655, batch accuracy: 10.94, data load time: 0.00031, step time: 0.00123
epoch: [8], step: [61/391], batch loss: 2.98308, batch accuracy: 12.50, data load time: 0.00030, step time: 0.00122
epoch: [8], step: [71/391], batch loss: 3.16397, batch accuracy: 8.59, data load time: 0.00030, step time: 0.00122
epoch: [8], step: [81/391], batch loss: 2.92921, batch accuracy: 11.72, data load time: 0.00031, step time: 0.00123
epoch: [8], step: [91/391], batch loss: 3.22202, batch accuracy: 9.38, data load time: 0.00030, step time: 0.00123
epoch: [8], step: [101/391], batch loss: 3.03134, batch accuracy: 11.72, data load time: 0.00030, step time: 0.00123
epoch: [8], step: [111/391], batch loss: 2.85057, batch accuracy: 14.84, data load time: 0.68757, step time: 0.00131
epoch: [8], step: [121/391], batch loss: 3.16939, batch accuracy: 4.69, data load time: 0.00030, step time: 0.00123
epoch: [8], step: [131/391], batch loss: 3.06562, batch accuracy: 7.81, data load time: 0.00037, step time: 0.00122
epoch: [8], step: [141/391], batch loss: 3.21063, batch accuracy: 5.47, data load time: 0.00036, step time: 0.00123
epoch: [8], step: [151/391], batch loss: 2.98765, batch accuracy: 10.16, data load time: 0.00036, step time: 0.00123
epoch: [8], step: [161/391], batch loss: 3.09503, batch accuracy: 7.03, data load time: 0.00030, step time: 0.00123
epoch: [8], step: [171/391], batch loss: 3.07566, batch accuracy: 9.38, data load time: 0.00030, step time: 0.00123
epoch: [8], step: [181/391], batch loss: 3.15474, batch accuracy: 7.03, data load time: 0.00030, step time: 0.00123
epoch: [8], step: [191/391], batch loss: 2.95306, batch accuracy: 10.94, data load time: 0.00031, step time: 0.00123
epoch: [8], step: [201/391], batch loss: 3.21972, batch accuracy: 7.03, data load time: 0.00037, step time: 0.00123
epoch: [8], step: [211/391], batch loss: 2.96292, batch accuracy: 13.28, data load time: 0.00037, step time: 0.00123
epoch: [8], step: [221/391], batch loss: 3.18782, batch accuracy: 7.03, data load time: 0.02266, step time: 0.00124
epoch: [8], step: [231/391], batch loss: 3.03525, batch accuracy: 7.81, data load time: 0.00030, step time: 0.00123
epoch: [8], step: [241/391], batch loss: 2.89589, batch accuracy: 11.72, data load time: 0.00030, step time: 0.00123
epoch: [8], step: [251/391], batch loss: 3.24377, batch accuracy: 8.59, data load time: 0.00044, step time: 0.08156
epoch: [8], step: [261/391], batch loss: 3.07304, batch accuracy: 10.94, data load time: 0.00030, step time: 0.00124
epoch: [8], step: [271/391], batch loss: 3.01462, batch accuracy: 10.16, data load time: 0.00030, step time: 0.00123
epoch: [8], step: [281/391], batch loss: 3.06818, batch accuracy: 5.47, data load time: 0.00030, step time: 0.00122
epoch: [8], step: [291/391], batch loss: 2.91932, batch accuracy: 15.62, data load time: 0.02412, step time: 0.00123
epoch: [8], step: [301/391], batch loss: 2.90759, batch accuracy: 14.84, data load time: 0.09155, step time: 0.00132
epoch: [8], step: [311/391], batch loss: 3.16637, batch accuracy: 7.81, data load time: 0.00031, step time: 0.00123
epoch: [8], step: [321/391], batch loss: 3.07946, batch accuracy: 10.16, data load time: 0.02275, step time: 0.00123
epoch: [8], step: [331/391], batch loss: 3.07567, batch accuracy: 10.94, data load time: 0.00471, step time: 0.00123
epoch: [8], step: [341/391], batch loss: 3.13211, batch accuracy: 7.03, data load time: 0.00025, step time: 0.00124
epoch: [8], step: [351/391], batch loss: 3.22547, batch accuracy: 4.69, data load time: 0.00025, step time: 0.00123
epoch: [8], step: [361/391], batch loss: 3.10650, batch accuracy: 7.03, data load time: 0.00027, step time: 0.00124
epoch: [8], step: [371/391], batch loss: 3.00419, batch accuracy: 9.38, data load time: 0.00031, step time: 0.00122
epoch: [8], step: [381/391], batch loss: 2.96265, batch accuracy: 10.94, data load time: 0.00025, step time: 0.00122
epoch: [9], step: [0/391], batch loss: 2.97028, batch accuracy: 13.28, data load time: 1.63257, step time: 0.00256
epoch: [9], step: [10/391], batch loss: 2.97865, batch accuracy: 14.84, data load time: 0.00031, step time: 0.00123
epoch: [9], step: [20/391], batch loss: 3.14738, batch accuracy: 12.50, data load time: 0.00030, step time: 0.00122
epoch: [9], step: [30/391], batch loss: 3.33505, batch accuracy: 6.25, data load time: 0.00030, step time: 0.00123
epoch: [9], step: [40/391], batch loss: 3.20348, batch accuracy: 7.81, data load time: 0.00030, step time: 0.00123
epoch: [9], step: [50/391], batch loss: 3.12909, batch accuracy: 7.03, data load time: 0.00030, step time: 0.00123
epoch: [9], step: [60/391], batch loss: 3.02591, batch accuracy: 11.72, data load time: 0.00030, step time: 0.00123
epoch: [9], step: [70/391], batch loss: 3.13380, batch accuracy: 6.25, data load time: 0.00030, step time: 0.00123
epoch: [9], step: [80/391], batch loss: 2.97067, batch accuracy: 11.72, data load time: 0.00030, step time: 0.00123
epoch: [9], step: [90/391], batch loss: 3.03016, batch accuracy: 8.59, data load time: 0.00030, step time: 0.00123
epoch: [9], step: [100/391], batch loss: 3.13125, batch accuracy: 10.16, data load time: 0.00031, step time: 0.00122
epoch: [9], step: [110/391], batch loss: 2.99096, batch accuracy: 12.50, data load time: 0.00030, step time: 0.00123
epoch: [9], step: [120/391], batch loss: 2.99195, batch accuracy: 13.28, data load time: 0.00031, step time: 0.00124
epoch: [9], step: [130/391], batch loss: 3.12862, batch accuracy: 9.38, data load time: 0.00030, step time: 0.00123
epoch: [9], step: [140/391], batch loss: 2.88471, batch accuracy: 12.50, data load time: 0.00046, step time: 0.00124
epoch: [9], step: [150/391], batch loss: 3.09860, batch accuracy: 10.94, data load time: 0.00031, step time: 0.00123
epoch: [9], step: [160/391], batch loss: 3.13188, batch accuracy: 7.81, data load time: 0.00031, step time: 0.00123
epoch: [9], step: [170/391], batch loss: 3.12803, batch accuracy: 9.38, data load time: 0.00037, step time: 0.00124
epoch: [9], step: [180/391], batch loss: 3.08332, batch accuracy: 11.72, data load time: 0.00038, step time: 0.00123
epoch: [9], step: [190/391], batch loss: 3.10590, batch accuracy: 14.06, data load time: 0.00038, step time: 0.00123
epoch: [9], step: [200/391], batch loss: 3.19604, batch accuracy: 5.47, data load time: 0.00031, step time: 0.00123
epoch: [9], step: [210/391], batch loss: 3.19007, batch accuracy: 7.81, data load time: 0.00030, step time: 0.00123
epoch: [9], step: [220/391], batch loss: 2.97688, batch accuracy: 10.94, data load time: 0.00030, step time: 0.00124
epoch: [9], step: [230/391], batch loss: 2.91570, batch accuracy: 16.41, data load time: 0.00029, step time: 0.00123
epoch: [9], step: [240/391], batch loss: 3.03368, batch accuracy: 11.72, data load time: 0.00030, step time: 0.00124
epoch: [9], step: [250/391], batch loss: 3.18706, batch accuracy: 6.25, data load time: 0.43482, step time: 0.00132
epoch: [9], step: [260/391], batch loss: 2.97348, batch accuracy: 10.94, data load time: 0.00038, step time: 0.00123
epoch: [9], step: [270/391], batch loss: 2.90615, batch accuracy: 13.28, data load time: 0.02271, step time: 0.00124
epoch: [9], step: [280/391], batch loss: 2.97880, batch accuracy: 9.38, data load time: 0.02263, step time: 0.00124
epoch: [9], step: [290/391], batch loss: 3.16596, batch accuracy: 11.72, data load time: 0.00030, step time: 0.00123
epoch: [9], step: [300/391], batch loss: 3.15062, batch accuracy: 7.03, data load time: 0.00030, step time: 0.00123
epoch: [9], step: [310/391], batch loss: 3.01270, batch accuracy: 10.94, data load time: 0.00030, step time: 0.00124
epoch: [9], step: [320/391], batch loss: 3.33424, batch accuracy: 5.47, data load time: 0.00030, step time: 0.00123
epoch: [9], step: [330/391], batch loss: 3.19117, batch accuracy: 7.03, data load time: 0.00030, step time: 0.00123
epoch: [9], step: [340/391], batch loss: 3.07027, batch accuracy: 14.06, data load time: 0.00027, step time: 0.00123
epoch: [9], step: [350/391], batch loss: 3.20038, batch accuracy: 11.72, data load time: 0.00028, step time: 0.00123
epoch: [9], step: [360/391], batch loss: 3.08008, batch accuracy: 10.94, data load time: 0.00025, step time: 0.00123
epoch: [9], step: [370/391], batch loss: 3.09435, batch accuracy: 9.38, data load time: 0.00027, step time: 0.00123
epoch: [9], step: [380/391], batch loss: 2.97739, batch accuracy: 11.72, data load time: 0.00026, step time: 0.00123
epoch: [9], step: [390/391], batch loss: 2.93202, batch accuracy: 8.75, data load time: 0.00020, step time: 0.00089
validation loss: 3.07258, accuracy: 10.00
epoch: [10], step: [9/391], batch loss: 2.98109, batch accuracy: 18.75, data load time: 0.00031, step time: 0.00123
epoch: [10], step: [19/391], batch loss: 3.07313, batch accuracy: 10.16, data load time: 0.00031, step time: 0.00123
epoch: [10], step: [29/391], batch loss: 3.01020, batch accuracy: 8.59, data load time: 0.00030, step time: 0.00124
epoch: [10], step: [39/391], batch loss: 3.12957, batch accuracy: 8.59, data load time: 0.00030, step time: 0.00123
epoch: [10], step: [49/391], batch loss: 3.14832, batch accuracy: 10.94, data load time: 0.00030, step time: 0.00123
epoch: [10], step: [59/391], batch loss: 3.08248, batch accuracy: 8.59, data load time: 0.00030, step time: 0.00123
epoch: [10], step: [69/391], batch loss: 3.09644, batch accuracy: 7.03, data load time: 0.00030, step time: 0.00123
epoch: [10], step: [79/391], batch loss: 2.95749, batch accuracy: 8.59, data load time: 0.00030, step time: 0.00123
epoch: [10], step: [89/391], batch loss: 3.10946, batch accuracy: 7.81, data load time: 0.00030, step time: 0.00123
epoch: [10], step: [99/391], batch loss: 3.29279, batch accuracy: 4.69, data load time: 0.00030, step time: 0.00123
epoch: [10], step: [109/391], batch loss: 3.02996, batch accuracy: 10.94, data load time: 0.00030, step time: 0.00123
epoch: [10], step: [119/391], batch loss: 3.08645, batch accuracy: 10.94, data load time: 0.00030, step time: 0.00123
epoch: [10], step: [129/391], batch loss: 3.02301, batch accuracy: 14.84, data load time: 0.00030, step time: 0.00123
epoch: [10], step: [139/391], batch loss: 3.03488, batch accuracy: 10.16, data load time: 0.00038, step time: 0.00125
epoch: [10], step: [149/391], batch loss: 2.98016, batch accuracy: 8.59, data load time: 0.00036, step time: 0.00123
epoch: [10], step: [159/391], batch loss: 2.93814, batch accuracy: 13.28, data load time: 0.00036, step time: 0.00123
epoch: [10], step: [169/391], batch loss: 2.88615, batch accuracy: 14.84, data load time: 0.00031, step time: 0.00123
epoch: [10], step: [179/391], batch loss: 3.10370, batch accuracy: 8.59, data load time: 0.00030, step time: 0.00123
epoch: [10], step: [189/391], batch loss: 3.00014, batch accuracy: 9.38, data load time: 0.00037, step time: 0.00123
epoch: [10], step: [199/391], batch loss: 2.97232, batch accuracy: 15.62, data load time: 0.00030, step time: 0.00123
epoch: [10], step: [209/391], batch loss: 3.07357, batch accuracy: 8.59, data load time: 0.00030, step time: 0.00123
epoch: [10], step: [219/391], batch loss: 3.00420, batch accuracy: 11.72, data load time: 0.01043, step time: 0.00124
epoch: [10], step: [229/391], batch loss: 2.89606, batch accuracy: 10.16, data load time: 0.00037, step time: 0.00123
epoch: [10], step: [239/391], batch loss: 3.16350, batch accuracy: 8.59, data load time: 0.02277, step time: 0.00123
epoch: [10], step: [249/391], batch loss: 3.08152, batch accuracy: 10.16, data load time: 0.02274, step time: 0.00123
epoch: [10], step: [259/391], batch loss: 2.99544, batch accuracy: 12.50, data load time: 0.00030, step time: 0.00123
epoch: [10], step: [269/391], batch loss: 3.16494, batch accuracy: 10.16, data load time: 0.00030, step time: 0.00123
epoch: [10], step: [279/391], batch loss: 2.90110, batch accuracy: 14.06, data load time: 0.00030, step time: 0.00123
epoch: [10], step: [289/391], batch loss: 2.94937, batch accuracy: 10.94, data load time: 0.00030, step time: 0.00123
epoch: [10], step: [299/391], batch loss: 3.05859, batch accuracy: 11.72, data load time: 0.00031, step time: 0.00123
epoch: [10], step: [309/391], batch loss: 3.16300, batch accuracy: 7.81, data load time: 0.00042, step time: 0.00124
epoch: [10], step: [319/391], batch loss: 2.96298, batch accuracy: 10.16, data load time: 0.00030, step time: 0.00123
epoch: [10], step: [329/391], batch loss: 3.10421, batch accuracy: 12.50, data load time: 0.00030, step time: 0.00123
epoch: [10], step: [339/391], batch loss: 3.05960, batch accuracy: 10.16, data load time: 0.00026, step time: 0.00123
epoch: [10], step: [349/391], batch loss: 3.01105, batch accuracy: 10.94, data load time: 0.00026, step time: 0.00123
epoch: [10], step: [359/391], batch loss: 3.06612, batch accuracy: 11.72, data load time: 0.00025, step time: 0.00122
epoch: [10], step: [369/391], batch loss: 2.91144, batch accuracy: 13.28, data load time: 0.00025, step time: 0.00123
epoch: [10], step: [379/391], batch loss: 2.97689, batch accuracy: 13.28, data load time: 0.00028, step time: 0.00123
epoch: [10], step: [389/391], batch loss: 3.21012, batch accuracy: 7.81, data load time: 0.00025, step time: 0.00124
epoch: [11], step: [8/391], batch loss: 3.14745, batch accuracy: 8.59, data load time: 0.00030, step time: 0.00123
epoch: [11], step: [18/391], batch loss: 3.22666, batch accuracy: 10.16, data load time: 0.00032, step time: 0.00124
epoch: [11], step: [28/391], batch loss: 3.01461, batch accuracy: 9.38, data load time: 0.00031, step time: 0.00123
epoch: [11], step: [38/391], batch loss: 2.99273, batch accuracy: 11.72, data load time: 0.00030, step time: 0.00123
epoch: [11], step: [48/391], batch loss: 2.97246, batch accuracy: 12.50, data load time: 0.00030, step time: 0.00123
epoch: [11], step: [58/391], batch loss: 2.87254, batch accuracy: 11.72, data load time: 0.00030, step time: 0.00123
epoch: [11], step: [68/391], batch loss: 3.06546, batch accuracy: 9.38, data load time: 0.00030, step time: 0.00123
epoch: [11], step: [78/391], batch loss: 3.02693, batch accuracy: 10.16, data load time: 0.00030, step time: 0.00123
epoch: [11], step: [88/391], batch loss: 3.01012, batch accuracy: 10.16, data load time: 0.00030, step time: 0.00124
epoch: [11], step: [98/391], batch loss: 3.15504, batch accuracy: 7.03, data load time: 0.00030, step time: 0.00123
epoch: [11], step: [108/391], batch loss: 2.92879, batch accuracy: 12.50, data load time: 0.00030, step time: 0.00123
epoch: [11], step: [118/391], batch loss: 3.07727, batch accuracy: 9.38, data load time: 0.00031, step time: 0.00123
epoch: [11], step: [128/391], batch loss: 2.87971, batch accuracy: 17.19, data load time: 0.00030, step time: 0.00123
epoch: [11], step: [138/391], batch loss: 2.92308, batch accuracy: 11.72, data load time: 0.00036, step time: 0.00124
epoch: [11], step: [148/391], batch loss: 3.06766, batch accuracy: 10.94, data load time: 0.00030, step time: 0.00123
epoch: [11], step: [158/391], batch loss: 3.06593, batch accuracy: 12.50, data load time: 0.00030, step time: 0.00123
epoch: [11], step: [168/391], batch loss: 2.94523, batch accuracy: 9.38, data load time: 0.00037, step time: 0.00123
epoch: [11], step: [178/391], batch loss: 3.11029, batch accuracy: 12.50, data load time: 0.00030, step time: 0.00128
epoch: [11], step: [188/391], batch loss: 3.06244, batch accuracy: 8.59, data load time: 0.00030, step time: 0.00128
epoch: [11], step: [198/391], batch loss: 3.07935, batch accuracy: 10.16, data load time: 0.00037, step time: 0.00128
epoch: [11], step: [208/391], batch loss: 3.10694, batch accuracy: 8.59, data load time: 0.02267, step time: 0.00129
epoch: [11], step: [218/391], batch loss: 3.10364, batch accuracy: 10.16, data load time: 0.02268, step time: 0.00128
epoch: [11], step: [228/391], batch loss: 2.94874, batch accuracy: 11.72, data load time: 0.00030, step time: 0.00128
epoch: [11], step: [238/391], batch loss: 3.06429, batch accuracy: 7.81, data load time: 0.00030, step time: 0.00127
epoch: [11], step: [248/391], batch loss: 3.09843, batch accuracy: 10.16, data load time: 0.00030, step time: 0.00128
epoch: [11], step: [258/391], batch loss: 3.16944, batch accuracy: 10.94, data load time: 0.00029, step time: 0.00128
epoch: [11], step: [268/391], batch loss: 3.12517, batch accuracy: 9.38, data load time: 0.00032, step time: 0.00128
epoch: [11], step: [278/391], batch loss: 3.12159, batch accuracy: 6.25, data load time: 0.00044, step time: 0.00129
epoch: [11], step: [288/391], batch loss: 3.17614, batch accuracy: 7.81, data load time: 0.00030, step time: 0.00128
epoch: [11], step: [298/391], batch loss: 3.13668, batch accuracy: 11.72, data load time: 0.00031, step time: 0.00129
epoch: [11], step: [308/391], batch loss: 2.99226, batch accuracy: 8.59, data load time: 0.00035, step time: 0.00130
epoch: [11], step: [318/391], batch loss: 3.10644, batch accuracy: 7.03, data load time: 0.00030, step time: 0.00129
epoch: [11], step: [328/391], batch loss: 3.20337, batch accuracy: 7.03, data load time: 0.00030, step time: 0.00129
epoch: [11], step: [338/391], batch loss: 3.17980, batch accuracy: 7.81, data load time: 0.00025, step time: 0.00129
epoch: [11], step: [348/391], batch loss: 2.99568, batch accuracy: 10.94, data load time: 0.00027, step time: 0.00129
epoch: [11], step: [358/391], batch loss: 3.04695, batch accuracy: 7.81, data load time: 0.00025, step time: 0.00129
epoch: [11], step: [368/391], batch loss: 3.33657, batch accuracy: 4.69, data load time: 0.00027, step time: 0.00129
epoch: [11], step: [378/391], batch loss: 2.96523, batch accuracy: 14.06, data load time: 0.00025, step time: 0.00129
epoch: [11], step: [388/391], batch loss: 3.19696, batch accuracy: 5.47, data load time: 0.00026, step time: 0.00129
validation loss: 3.07258, accuracy: 10.00
epoch: [12], step: [7/391], batch loss: 2.97875, batch accuracy: 10.16, data load time: 0.00031, step time: 0.00126
epoch: [12], step: [17/391], batch loss: 3.14047, batch accuracy: 9.38, data load time: 0.00030, step time: 0.00125
epoch: [12], step: [27/391], batch loss: 3.05571, batch accuracy: 8.59, data load time: 0.03006, step time: 0.00126
epoch: [12], step: [37/391], batch loss: 2.96452, batch accuracy: 12.50, data load time: 0.00030, step time: 0.00125
epoch: [12], step: [47/391], batch loss: 2.89126, batch accuracy: 12.50, data load time: 0.00030, step time: 0.00125
epoch: [12], step: [57/391], batch loss: 3.09622, batch accuracy: 7.81, data load time: 0.00031, step time: 0.00125
epoch: [12], step: [67/391], batch loss: 3.26867, batch accuracy: 4.69, data load time: 0.00031, step time: 0.00125
epoch: [12], step: [77/391], batch loss: 2.95495, batch accuracy: 12.50, data load time: 0.00030, step time: 0.00126
epoch: [12], step: [87/391], batch loss: 3.08717, batch accuracy: 10.94, data load time: 0.00030, step time: 0.00125
epoch: [12], step: [97/391], batch loss: 3.12086, batch accuracy: 7.03, data load time: 0.00030, step time: 0.00125
epoch: [12], step: [107/391], batch loss: 3.06919, batch accuracy: 8.59, data load time: 0.00030, step time: 0.00126
epoch: [12], step: [117/391], batch loss: 3.06492, batch accuracy: 9.38, data load time: 0.00030, step time: 0.00125
epoch: [12], step: [127/391], batch loss: 3.19032, batch accuracy: 8.59, data load time: 0.00030, step time: 0.00124
epoch: [12], step: [137/391], batch loss: 3.09228, batch accuracy: 7.81, data load time: 0.00037, step time: 0.00124
epoch: [12], step: [147/391], batch loss: 2.98426, batch accuracy: 10.94, data load time: 0.00035, step time: 0.00125
epoch: [12], step: [157/391], batch loss: 3.14805, batch accuracy: 6.25, data load time: 0.00036, step time: 0.00125
epoch: [12], step: [167/391], batch loss: 3.13623, batch accuracy: 6.25, data load time: 0.00043, step time: 0.00125
epoch: [12], step: [177/391], batch loss: 3.13230, batch accuracy: 10.16, data load time: 0.00030, step time: 0.00126
epoch: [12], step: [187/391], batch loss: 2.97644, batch accuracy: 10.16, data load time: 0.00037, step time: 0.00125
epoch: [12], step: [197/391], batch loss: 3.07902, batch accuracy: 7.81, data load time: 0.06741, step time: 0.00126
epoch: [12], step: [207/391], batch loss: 3.13757, batch accuracy: 6.25, data load time: 0.00030, step time: 0.00125
epoch: [12], step: [217/391], batch loss: 3.00858, batch accuracy: 9.38, data load time: 0.00030, step time: 0.00125
epoch: [12], step: [227/391], batch loss: 3.02588, batch accuracy: 11.72, data load time: 0.00040, step time: 0.00125
epoch: [12], step: [237/391], batch loss: 3.17341, batch accuracy: 6.25, data load time: 0.00029, step time: 0.00125
epoch: [12], step: [247/391], batch loss: 3.09123, batch accuracy: 10.16, data load time: 0.00031, step time: 0.00125
epoch: [12], step: [257/391], batch loss: 3.14923, batch accuracy: 3.91, data load time: 0.00039, step time: 0.00125
epoch: [12], step: [267/391], batch loss: 3.14710, batch accuracy: 9.38, data load time: 0.00030, step time: 0.00125
epoch: [12], step: [277/391], batch loss: 2.99947, batch accuracy: 11.72, data load time: 0.00030, step time: 0.00125
epoch: [12], step: [287/391], batch loss: 3.13780, batch accuracy: 9.38, data load time: 0.00037, step time: 0.00125
epoch: [12], step: [297/391], batch loss: 3.00382, batch accuracy: 11.72, data load time: 0.00039, step time: 0.00125
epoch: [12], step: [307/391], batch loss: 2.96922, batch accuracy: 10.94, data load time: 0.00030, step time: 0.00125
epoch: [12], step: [317/391], batch loss: 3.02368, batch accuracy: 10.16, data load time: 0.00030, step time: 0.00125
epoch: [12], step: [327/391], batch loss: 2.95412, batch accuracy: 11.72, data load time: 0.00029, step time: 0.00125
epoch: [12], step: [337/391], batch loss: 3.16985, batch accuracy: 10.94, data load time: 0.00025, step time: 0.00124
epoch: [12], step: [347/391], batch loss: 2.88627, batch accuracy: 16.41, data load time: 0.00025, step time: 0.00126
epoch: [12], step: [357/391], batch loss: 3.11629, batch accuracy: 7.81, data load time: 0.00026, step time: 0.00125
epoch: [12], step: [367/391], batch loss: 2.99660, batch accuracy: 10.94, data load time: 0.00026, step time: 0.00125
epoch: [12], step: [377/391], batch loss: 3.04370, batch accuracy: 11.72, data load time: 0.00025, step time: 0.00126
epoch: [12], step: [387/391], batch loss: 2.88072, batch accuracy: 13.28, data load time: 0.00026, step time: 0.00125
epoch: [13], step: [6/391], batch loss: 3.04399, batch accuracy: 10.16, data load time: 0.00031, step time: 0.00126
epoch: [13], step: [16/391], batch loss: 3.01701, batch accuracy: 10.16, data load time: 0.00031, step time: 0.00125
epoch: [13], step: [26/391], batch loss: 2.91518, batch accuracy: 13.28, data load time: 0.05201, step time: 0.00127
epoch: [13], step: [36/391], batch loss: 3.05468, batch accuracy: 9.38, data load time: 0.00030, step time: 0.00126
epoch: [13], step: [46/391], batch loss: 3.01450, batch accuracy: 13.28, data load time: 0.00030, step time: 0.00126
epoch: [13], step: [56/391], batch loss: 2.92462, batch accuracy: 10.94, data load time: 0.00032, step time: 0.00125
epoch: [13], step: [66/391], batch loss: 3.04479, batch accuracy: 7.81, data load time: 0.00030, step time: 0.00126
epoch: [13], step: [76/391], batch loss: 3.10056, batch accuracy: 7.81, data load time: 0.00030, step time: 0.00125
epoch: [13], step: [86/391], batch loss: 3.04849, batch accuracy: 13.28, data load time: 0.00030, step time: 0.00125
epoch: [13], step: [96/391], batch loss: 2.97301, batch accuracy: 8.59, data load time: 0.00030, step time: 0.00125
epoch: [13], step: [106/391], batch loss: 2.87327, batch accuracy: 13.28, data load time: 0.00030, step time: 0.00125
epoch: [13], step: [116/391], batch loss: 3.16414, batch accuracy: 3.91, data load time: 0.00030, step time: 0.00126
epoch: [13], step: [126/391], batch loss: 2.95329, batch accuracy: 10.16, data load time: 0.00030, step time: 0.00125
epoch: [13], step: [136/391], batch loss: 3.02790, batch accuracy: 9.38, data load time: 0.00036, step time: 0.00126
epoch: [13], step: [146/391], batch loss: 3.30766, batch accuracy: 3.91, data load time: 0.00033, step time: 0.00126
epoch: [13], step: [156/391], batch loss: 3.14855, batch accuracy: 5.47, data load time: 0.00030, step time: 0.00125
epoch: [13], step: [166/391], batch loss: 3.11448, batch accuracy: 10.16, data load time: 0.00030, step time: 0.00125
epoch: [13], step: [176/391], batch loss: 3.06111, batch accuracy: 10.16, data load time: 0.00029, step time: 0.00125
epoch: [13], step: [186/391], batch loss: 3.25606, batch accuracy: 7.03, data load time: 0.00030, step time: 0.00126
epoch: [13], step: [196/391], batch loss: 3.03751, batch accuracy: 11.72, data load time: 0.00039, step time: 0.00127
epoch: [13], step: [206/391], batch loss: 3.06062, batch accuracy: 8.59, data load time: 0.00030, step time: 0.00125
epoch: [13], step: [216/391], batch loss: 3.27312, batch accuracy: 5.47, data load time: 0.00030, step time: 0.00125
epoch: [13], step: [226/391], batch loss: 3.06293, batch accuracy: 10.94, data load time: 0.00039, step time: 0.00126
epoch: [13], step: [236/391], batch loss: 3.12341, batch accuracy: 10.16, data load time: 0.00029, step time: 0.00126
epoch: [13], step: [246/391], batch loss: 3.14566, batch accuracy: 10.94, data load time: 0.00029, step time: 0.00125
epoch: [13], step: [256/391], batch loss: 3.19389, batch accuracy: 7.03, data load time: 0.00030, step time: 0.00125
epoch: [13], step: [266/391], batch loss: 3.10415, batch accuracy: 6.25, data load time: 0.00039, step time: 0.00126
epoch: [13], step: [276/391], batch loss: 3.07492, batch accuracy: 10.94, data load time: 0.00029, step time: 0.00125
epoch: [13], step: [286/391], batch loss: 2.99914, batch accuracy: 13.28, data load time: 0.00030, step time: 0.00126
epoch: [13], step: [296/391], batch loss: 3.03184, batch accuracy: 11.72, data load time: 0.00039, step time: 0.00126
epoch: [13], step: [306/391], batch loss: 3.04288, batch accuracy: 10.16, data load time: 0.00030, step time: 0.00124
epoch: [13], step: [316/391], batch loss: 3.22394, batch accuracy: 9.38, data load time: 0.00030, step time: 0.00126
epoch: [13], step: [326/391], batch loss: 3.02870, batch accuracy: 10.16, data load time: 0.00039, step time: 0.00125
epoch: [13], step: [336/391], batch loss: 2.93524, batch accuracy: 12.50, data load time: 0.00028, step time: 0.00126
epoch: [13], step: [346/391], batch loss: 3.05746, batch accuracy: 10.16, data load time: 0.00025, step time: 0.00125
epoch: [13], step: [356/391], batch loss: 3.12134, batch accuracy: 8.59, data load time: 0.00025, step time: 0.00125
epoch: [13], step: [366/391], batch loss: 3.03368, batch accuracy: 10.16, data load time: 0.00028, step time: 0.00125
epoch: [13], step: [376/391], batch loss: 3.06398, batch accuracy: 8.59, data load time: 0.00027, step time: 0.00125
epoch: [13], step: [386/391], batch loss: 3.00656, batch accuracy: 9.38, data load time: 0.00025, step time: 0.00125
validation loss: 3.07258, accuracy: 10.00
epoch: [14], step: [5/391], batch loss: 3.20413, batch accuracy: 7.03, data load time: 0.00030, step time: 0.00120
epoch: [14], step: [15/391], batch loss: 3.28549, batch accuracy: 6.25, data load time: 0.00030, step time: 0.00120
epoch: [14], step: [25/391], batch loss: 2.97077, batch accuracy: 12.50, data load time: 0.09209, step time: 0.00126
epoch: [14], step: [35/391], batch loss: 2.90635, batch accuracy: 14.06, data load time: 0.00030, step time: 0.00121
epoch: [14], step: [45/391], batch loss: 3.24326, batch accuracy: 9.38, data load time: 0.00030, step time: 0.00120
epoch: [14], step: [55/391], batch loss: 3.05702, batch accuracy: 10.94, data load time: 0.68343, step time: 0.00131
epoch: [14], step: [65/391], batch loss: 3.12521, batch accuracy: 9.38, data load time: 0.00030, step time: 0.00120
epoch: [14], step: [75/391], batch loss: 3.18156, batch accuracy: 6.25, data load time: 0.00030, step time: 0.00121
epoch: [14], step: [85/391], batch loss: 3.11954, batch accuracy: 15.62, data load time: 0.00030, step time: 0.00122
epoch: [14], step: [95/391], batch loss: 3.05259, batch accuracy: 8.59, data load time: 0.00030, step time: 0.00120
epoch: [14], step: [105/391], batch loss: 3.01481, batch accuracy: 8.59, data load time: 0.00030, step time: 0.00120
epoch: [14], step: [115/391], batch loss: 2.87392, batch accuracy: 13.28, data load time: 0.00030, step time: 0.00121
epoch: [14], step: [125/391], batch loss: 2.97047, batch accuracy: 10.94, data load time: 0.00030, step time: 0.00121
epoch: [14], step: [135/391], batch loss: 2.96987, batch accuracy: 13.28, data load time: 0.00040, step time: 0.00121
epoch: [14], step: [145/391], batch loss: 3.05234, batch accuracy: 8.59, data load time: 0.00031, step time: 0.00122
epoch: [14], step: [155/391], batch loss: 3.06103, batch accuracy: 7.81, data load time: 0.00030, step time: 0.00120
epoch: [14], step: [165/391], batch loss: 3.02089, batch accuracy: 8.59, data load time: 0.00037, step time: 0.00120
epoch: [14], step: [175/391], batch loss: 2.95788, batch accuracy: 10.16, data load time: 0.00030, step time: 0.00120
epoch: [14], step: [185/391], batch loss: 3.08886, batch accuracy: 9.38, data load time: 0.00030, step time: 0.00121
epoch: [14], step: [195/391], batch loss: 3.13259, batch accuracy: 7.81, data load time: 0.39725, step time: 0.00130
epoch: [14], step: [205/391], batch loss: 3.01900, batch accuracy: 11.72, data load time: 0.00722, step time: 0.00121
epoch: [14], step: [215/391], batch loss: 3.06371, batch accuracy: 6.25, data load time: 0.00030, step time: 0.00120
epoch: [14], step: [225/391], batch loss: 3.09969, batch accuracy: 7.81, data load time: 0.00041, step time: 0.00121
epoch: [14], step: [235/391], batch loss: 3.04805, batch accuracy: 7.81, data load time: 0.02276, step time: 0.00120
epoch: [14], step: [245/391], batch loss: 3.18381, batch accuracy: 6.25, data load time: 0.02274, step time: 0.00121
epoch: [14], step: [255/391], batch loss: 3.12638, batch accuracy: 7.81, data load time: 0.09030, step time: 0.00129
epoch: [14], step: [265/391], batch loss: 3.02984, batch accuracy: 12.50, data load time: 0.00030, step time: 0.00120
epoch: [14], step: [275/391], batch loss: 2.95000, batch accuracy: 14.84, data load time: 0.47018, step time: 0.00130
epoch: [14], step: [285/391], batch loss: 2.99774, batch accuracy: 11.72, data load time: 0.00037, step time: 0.00121
epoch: [14], step: [295/391], batch loss: 3.15095, batch accuracy: 9.38, data load time: 0.02267, step time: 0.00120
epoch: [14], step: [305/391], batch loss: 3.12944, batch accuracy: 7.03, data load time: 0.02266, step time: 0.00129
epoch: [14], step: [315/391], batch loss: 3.15250, batch accuracy: 7.03, data load time: 0.00031, step time: 0.00128
epoch: [14], step: [325/391], batch loss: 2.97410, batch accuracy: 10.16, data load time: 0.00031, step time: 0.00130
epoch: [14], step: [335/391], batch loss: 3.14441, batch accuracy: 9.38, data load time: 0.00026, step time: 0.00129
epoch: [14], step: [345/391], batch loss: 3.18564, batch accuracy: 4.69, data load time: 0.00026, step time: 0.00128
epoch: [14], step: [355/391], batch loss: 3.14314, batch accuracy: 7.81, data load time: 0.00025, step time: 0.00127
epoch: [14], step: [365/391], batch loss: 2.82475, batch accuracy: 12.50, data load time: 0.00027, step time: 0.00129
epoch: [14], step: [375/391], batch loss: 3.21863, batch accuracy: 10.94, data load time: 0.00025, step time: 0.00128
epoch: [14], step: [385/391], batch loss: 3.12452, batch accuracy: 9.38, data load time: 0.00025, step time: 0.00128
epoch: [15], step: [4/391], batch loss: 3.00876, batch accuracy: 14.06, data load time: 0.00031, step time: 0.00119
epoch: [15], step: [14/391], batch loss: 3.03669, batch accuracy: 10.16, data load time: 0.00030, step time: 0.00119
epoch: [15], step: [24/391], batch loss: 3.03651, batch accuracy: 10.94, data load time: 1.21500, step time: 0.00127
epoch: [15], step: [34/391], batch loss: 3.17005, batch accuracy: 7.03, data load time: 0.00030, step time: 0.00117
epoch: [15], step: [44/391], batch loss: 3.08468, batch accuracy: 8.59, data load time: 0.00031, step time: 0.00119
epoch: [15], step: [54/391], batch loss: 3.07387, batch accuracy: 13.28, data load time: 0.00030, step time: 0.00118
epoch: [15], step: [64/391], batch loss: 2.99778, batch accuracy: 12.50, data load time: 0.00030, step time: 0.00118
epoch: [15], step: [74/391], batch loss: 2.94341, batch accuracy: 10.94, data load time: 0.00030, step time: 0.00118
epoch: [15], step: [84/391], batch loss: 3.05943, batch accuracy: 7.03, data load time: 0.00032, step time: 0.00119
epoch: [15], step: [94/391], batch loss: 3.02756, batch accuracy: 10.94, data load time: 0.00031, step time: 0.00118
epoch: [15], step: [104/391], batch loss: 3.05441, batch accuracy: 7.03, data load time: 0.00030, step time: 0.00118
epoch: [15], step: [114/391], batch loss: 3.17688, batch accuracy: 5.47, data load time: 0.00030, step time: 0.00118
epoch: [15], step: [124/391], batch loss: 2.94136, batch accuracy: 14.06, data load time: 0.00030, step time: 0.00118
epoch: [15], step: [134/391], batch loss: 3.20179, batch accuracy: 9.38, data load time: 0.00036, step time: 0.00118
epoch: [15], step: [144/391], batch loss: 3.09135, batch accuracy: 9.38, data load time: 0.00030, step time: 0.00118
epoch: [15], step: [154/391], batch loss: 2.97870, batch accuracy: 8.59, data load time: 0.00030, step time: 0.00119
epoch: [15], step: [164/391], batch loss: 2.91614, batch accuracy: 10.94, data load time: 0.00038, step time: 0.00118
epoch: [15], step: [174/391], batch loss: 3.16567, batch accuracy: 8.59, data load time: 0.00030, step time: 0.00118
epoch: [15], step: [184/391], batch loss: 3.16782, batch accuracy: 11.72, data load time: 0.00030, step time: 0.00119
epoch: [15], step: [194/391], batch loss: 3.07402, batch accuracy: 11.72, data load time: 0.00037, step time: 0.00118
epoch: [15], step: [204/391], batch loss: 3.11688, batch accuracy: 7.81, data load time: 0.00030, step time: 0.00118
epoch: [15], step: [214/391], batch loss: 3.09615, batch accuracy: 7.81, data load time: 0.00030, step time: 0.00118
epoch: [15], step: [224/391], batch loss: 3.03124, batch accuracy: 7.03, data load time: 0.00038, step time: 0.00118
epoch: [15], step: [234/391], batch loss: 3.04300, batch accuracy: 13.28, data load time: 0.00030, step time: 0.00118
epoch: [15], step: [244/391], batch loss: 3.01115, batch accuracy: 8.59, data load time: 0.00030, step time: 0.00118
epoch: [15], step: [254/391], batch loss: 3.19261, batch accuracy: 10.94, data load time: 0.02264, step time: 0.00119
epoch: [15], step: [264/391], batch loss: 3.08180, batch accuracy: 10.16, data load time: 0.02269, step time: 0.00119
epoch: [15], step: [274/391], batch loss: 3.05149, batch accuracy: 10.16, data load time: 0.00030, step time: 0.00118
epoch: [15], step: [284/391], batch loss: 2.94673, batch accuracy: 17.19, data load time: 0.00032, step time: 0.00119
epoch: [15], step: [294/391], batch loss: 3.18022, batch accuracy: 7.81, data load time: 0.02270, step time: 0.00119
epoch: [15], step: [304/391], batch loss: 3.16064, batch accuracy: 8.59, data load time: 0.02270, step time: 0.00119
epoch: [15], step: [314/391], batch loss: 3.24616, batch accuracy: 5.47, data load time: 0.00030, step time: 0.00119
epoch: [15], step: [324/391], batch loss: 3.16776, batch accuracy: 7.81, data load time: 0.00031, step time: 0.00119
epoch: [15], step: [334/391], batch loss: 3.12696, batch accuracy: 8.59, data load time: 0.03538, step time: 0.00118
epoch: [15], step: [344/391], batch loss: 3.15703, batch accuracy: 7.81, data load time: 0.00026, step time: 0.00118
epoch: [15], step: [354/391], batch loss: 3.07974, batch accuracy: 13.28, data load time: 0.00026, step time: 0.00118
epoch: [15], step: [364/391], batch loss: 3.11928, batch accuracy: 10.16, data load time: 0.00025, step time: 0.00118
epoch: [15], step: [374/391], batch loss: 3.21106, batch accuracy: 7.81, data load time: 0.00027, step time: 0.00118
epoch: [15], step: [384/391], batch loss: 3.03719, batch accuracy: 8.59, data load time: 0.00025, step time: 0.00118
validation loss: 3.07258, accuracy: 10.00
epoch: [16], step: [3/391], batch loss: 3.04916, batch accuracy: 10.94, data load time: 0.00030, step time: 0.00118
epoch: [16], step: [13/391], batch loss: 3.27514, batch accuracy: 7.03, data load time: 0.00031, step time: 0.00118
epoch: [16], step: [23/391], batch loss: 3.19833, batch accuracy: 6.25, data load time: 0.00031, step time: 0.00118
epoch: [16], step: [33/391], batch loss: 3.06739, batch accuracy: 10.94, data load time: 0.00030, step time: 0.00117
epoch: [16], step: [43/391], batch loss: 3.08804, batch accuracy: 8.59, data load time: 0.00030, step time: 0.00117
epoch: [16], step: [53/391], batch loss: 3.09785, batch accuracy: 10.94, data load time: 0.00029, step time: 0.00119
epoch: [16], step: [63/391], batch loss: 2.92978, batch accuracy: 14.84, data load time: 0.00031, step time: 0.00118
epoch: [16], step: [73/391], batch loss: 3.18504, batch accuracy: 7.03, data load time: 0.00030, step time: 0.00118
epoch: [16], step: [83/391], batch loss: 3.02619, batch accuracy: 11.72, data load time: 0.68675, step time: 0.00127
epoch: [16], step: [93/391], batch loss: 3.14576, batch accuracy: 9.38, data load time: 0.00030, step time: 0.00118
epoch: [16], step: [103/391], batch loss: 3.00056, batch accuracy: 8.59, data load time: 0.00030, step time: 0.00118
epoch: [16], step: [113/391], batch loss: 3.03052, batch accuracy: 8.59, data load time: 0.00030, step time: 0.00119
epoch: [16], step: [123/391], batch loss: 3.00979, batch accuracy: 14.84, data load time: 0.00031, step time: 0.00118
epoch: [16], step: [133/391], batch loss: 3.14748, batch accuracy: 3.91, data load time: 0.00037, step time: 0.00119
epoch: [16], step: [143/391], batch loss: 2.91664, batch accuracy: 14.06, data load time: 0.00031, step time: 0.00118
epoch: [16], step: [153/391], batch loss: 3.03855, batch accuracy: 9.38, data load time: 0.00030, step time: 0.00118
epoch: [16], step: [163/391], batch loss: 3.11825, batch accuracy: 10.94, data load time: 0.00037, step time: 0.00118
epoch: [16], step: [173/391], batch loss: 3.04979, batch accuracy: 10.94, data load time: 0.00030, step time: 0.00119
epoch: [16], step: [183/391], batch loss: 2.81590, batch accuracy: 10.94, data load time: 0.00030, step time: 0.00119
epoch: [16], step: [193/391], batch loss: 3.08756, batch accuracy: 7.81, data load time: 0.00030, step time: 0.00118
epoch: [16], step: [203/391], batch loss: 3.14370, batch accuracy: 6.25, data load time: 0.00043, step time: 0.00118
epoch: [16], step: [213/391], batch loss: 3.17711, batch accuracy: 9.38, data load time: 0.00030, step time: 0.00118
epoch: [16], step: [223/391], batch loss: 2.77902, batch accuracy: 17.19, data load time: 0.00032, step time: 0.43671
epoch: [16], step: [233/391], batch loss: 3.24541, batch accuracy: 7.03, data load time: 0.00031, step time: 0.00119
epoch: [16], step: [243/391], batch loss: 2.95923, batch accuracy: 13.28, data load time: 0.00030, step time: 0.00118
epoch: [16], step: [253/391], batch loss: 3.07222, batch accuracy: 10.16, data load time: 0.00030, step time: 0.00119
epoch: [16], step: [263/391], batch loss: 3.03780, batch accuracy: 10.94, data load time: 0.00034, step time: 0.00118
epoch: [16], step: [273/391], batch loss: 2.96759, batch accuracy: 13.28, data load time: 0.00031, step time: 0.00118
epoch: [16], step: [283/391], batch loss: 3.10483, batch accuracy: 12.50, data load time: 0.00031, step time: 0.00118
epoch: [16], step: [293/391], batch loss: 2.78782, batch accuracy: 17.97, data load time: 0.00040, step time: 0.00126
epoch: [16], step: [303/391], batch loss: 3.11474, batch accuracy: 6.25, data load time: 0.00030, step time: 0.00117
epoch: [16], step: [313/391], batch loss: 3.01245, batch accuracy: 7.03, data load time: 0.46167, step time: 0.00127
epoch: [16], step: [323/391], batch loss: 3.23641, batch accuracy: 7.03, data load time: 0.00038, step time: 0.00118
epoch: [16], step: [333/391], batch loss: 3.09869, batch accuracy: 10.16, data load time: 0.03562, step time: 0.00119
epoch: [16], step: [343/391], batch loss: 3.02550, batch accuracy: 7.81, data load time: 0.00025, step time: 0.00118
epoch: [16], step: [353/391], batch loss: 3.08310, batch accuracy: 10.16, data load time: 0.00025, step time: 0.00118
epoch: [16], step: [363/391], batch loss: 3.15269, batch accuracy: 9.38, data load time: 0.00027, step time: 0.00118
epoch: [16], step: [373/391], batch loss: 3.11338, batch accuracy: 8.59, data load time: 0.00025, step time: 0.00118
epoch: [16], step: [383/391], batch loss: 3.07429, batch accuracy: 8.59, data load time: 0.00025, step time: 0.00118
epoch: [17], step: [2/391], batch loss: 2.94788, batch accuracy: 10.16, data load time: 0.00031, step time: 0.00118
epoch: [17], step: [12/391], batch loss: 3.18642, batch accuracy: 7.81, data load time: 0.00032, step time: 0.00118
epoch: [17], step: [22/391], batch loss: 3.07205, batch accuracy: 9.38, data load time: 0.00030, step time: 0.00118
epoch: [17], step: [32/391], batch loss: 2.90183, batch accuracy: 10.94, data load time: 0.00031, step time: 0.00118
epoch: [17], step: [42/391], batch loss: 2.82015, batch accuracy: 14.84, data load time: 0.00030, step time: 0.00118
epoch: [17], step: [52/391], batch loss: 3.26725, batch accuracy: 7.81, data load time: 0.00030, step time: 0.00118
epoch: [17], step: [62/391], batch loss: 2.99925, batch accuracy: 13.28, data load time: 0.00030, step time: 0.00118
epoch: [17], step: [72/391], batch loss: 3.02671, batch accuracy: 7.81, data load time: 0.00030, step time: 0.00119
epoch: [17], step: [82/391], batch loss: 3.10637, batch accuracy: 8.59, data load time: 0.00030, step time: 0.00118
epoch: [17], step: [92/391], batch loss: 2.86895, batch accuracy: 14.06, data load time: 0.00031, step time: 0.00118
epoch: [17], step: [102/391], batch loss: 3.00061, batch accuracy: 14.06, data load time: 0.00030, step time: 0.00118
epoch: [17], step: [112/391], batch loss: 3.04417, batch accuracy: 11.72, data load time: 0.00032, step time: 0.00118
epoch: [17], step: [122/391], batch loss: 3.09858, batch accuracy: 8.59, data load time: 0.00030, step time: 0.00118
epoch: [17], step: [132/391], batch loss: 3.24646, batch accuracy: 9.38, data load time: 0.00036, step time: 0.00118
epoch: [17], step: [142/391], batch loss: 3.09376, batch accuracy: 7.81, data load time: 0.00040, step time: 0.00118
epoch: [17], step: [152/391], batch loss: 3.03267, batch accuracy: 9.38, data load time: 0.00030, step time: 0.00118
epoch: [17], step: [162/391], batch loss: 3.13308, batch accuracy: 11.72, data load time: 0.00030, step time: 0.00118
epoch: [17], step: [172/391], batch loss: 3.12705, batch accuracy: 7.81, data load time: 0.00036, step time: 0.00120
epoch: [17], step: [182/391], batch loss: 2.95798, batch accuracy: 10.16, data load time: 0.00031, step time: 0.00118
epoch: [17], step: [192/391], batch loss: 3.07947, batch accuracy: 11.72, data load time: 0.00030, step time: 0.00120
epoch: [17], step: [202/391], batch loss: 3.08521, batch accuracy: 9.38, data load time: 0.00037, step time: 0.00118
epoch: [17], step: [212/391], batch loss: 3.15989, batch accuracy: 8.59, data load time: 0.12876, step time: 0.00121
epoch: [17], step: [222/391], batch loss: 3.01049, batch accuracy: 10.94, data load time: 0.02275, step time: 0.00119
epoch: [17], step: [232/391], batch loss: 2.82601, batch accuracy: 14.06, data load time: 0.00030, step time: 0.00118
epoch: [17], step: [242/391], batch loss: 2.92881, batch accuracy: 13.28, data load time: 0.00031, step time: 0.00120
epoch: [17], step: [252/391], batch loss: 3.16641, batch accuracy: 7.81, data load time: 0.00042, step time: 0.00119
epoch: [17], step: [262/391], batch loss: 3.12993, batch accuracy: 7.03, data load time: 0.00031, step time: 0.00118
epoch: [17], step: [272/391], batch loss: 3.11341, batch accuracy: 9.38, data load time: 0.00030, step time: 0.00118
epoch: [17], step: [282/391], batch loss: 3.02241, batch accuracy: 7.03, data load time: 0.00031, step time: 0.00120
epoch: [17], step: [292/391], batch loss: 3.08602, batch accuracy: 9.38, data load time: 0.00030, step time: 0.00118
epoch: [17], step: [302/391], batch loss: 3.05966, batch accuracy: 8.59, data load time: 0.01318, step time: 0.00119
epoch: [17], step: [312/391], batch loss: 3.03618, batch accuracy: 9.38, data load time: 0.02254, step time: 0.00119
epoch: [17], step: [322/391], batch loss: 3.07604, batch accuracy: 11.72, data load time: 0.02273, step time: 0.00119
epoch: [17], step: [332/391], batch loss: 2.91709, batch accuracy: 14.06, data load time: 0.00032, step time: 0.00118
epoch: [17], step: [342/391], batch loss: 2.97540, batch accuracy: 9.38, data load time: 0.00026, step time: 0.00118
epoch: [17], step: [352/391], batch loss: 3.26901, batch accuracy: 9.38, data load time: 0.00026, step time: 0.00118
epoch: [17], step: [362/391], batch loss: 3.18204, batch accuracy: 7.03, data load time: 0.00030, step time: 0.00118
epoch: [17], step: [372/391], batch loss: 3.04399, batch accuracy: 11.72, data load time: 0.00028, step time: 0.00118
epoch: [17], step: [382/391], batch loss: 2.90455, batch accuracy: 13.28, data load time: 0.00027, step time: 0.00117
validation loss: 3.07258, accuracy: 10.00
epoch: [18], step: [1/391], batch loss: 2.89933, batch accuracy: 13.28, data load time: 0.00032, step time: 0.00128
epoch: [18], step: [11/391], batch loss: 3.11907, batch accuracy: 7.81, data load time: 0.00030, step time: 0.00128
epoch: [18], step: [21/391], batch loss: 3.06687, batch accuracy: 11.72, data load time: 0.00030, step time: 0.00128
epoch: [18], step: [31/391], batch loss: 3.06120, batch accuracy: 11.72, data load time: 0.00030, step time: 0.00128
epoch: [18], step: [41/391], batch loss: 3.00359, batch accuracy: 10.94, data load time: 0.00030, step time: 0.00129
epoch: [18], step: [51/391], batch loss: 2.86154, batch accuracy: 12.50, data load time: 0.00031, step time: 0.00129
epoch: [18], step: [61/391], batch loss: 2.93927, batch accuracy: 14.06, data load time: 0.00030, step time: 0.00128
epoch: [18], step: [71/391], batch loss: 3.11468, batch accuracy: 10.16, data load time: 0.00030, step time: 0.00129
epoch: [18], step: [81/391], batch loss: 3.15331, batch accuracy: 7.81, data load time: 0.00030, step time: 0.00128
epoch: [18], step: [91/391], batch loss: 3.01014, batch accuracy: 13.28, data load time: 0.00031, step time: 0.00129
epoch: [18], step: [101/391], batch loss: 2.95175, batch accuracy: 13.28, data load time: 0.00030, step time: 0.00128
epoch: [18], step: [111/391], batch loss: 3.06170, batch accuracy: 12.50, data load time: 0.38376, step time: 0.00137
epoch: [18], step: [121/391], batch loss: 2.95546, batch accuracy: 10.94, data load time: 0.00030, step time: 0.00130
epoch: [18], step: [131/391], batch loss: 3.12048, batch accuracy: 9.38, data load time: 0.00031, step time: 0.00129
epoch: [18], step: [141/391], batch loss: 3.03938, batch accuracy: 10.94, data load time: 0.00036, step time: 0.00128
epoch: [18], step: [151/391], batch loss: 2.99463, batch accuracy: 8.59, data load time: 0.00031, step time: 0.00129
epoch: [18], step: [161/391], batch loss: 3.14148, batch accuracy: 9.38, data load time: 0.00029, step time: 0.00128
epoch: [18], step: [171/391], batch loss: 3.10235, batch accuracy: 7.81, data load time: 0.00031, step time: 0.00128
epoch: [18], step: [181/391], batch loss: 3.10234, batch accuracy: 12.50, data load time: 0.00041, step time: 0.00128
epoch: [18], step: [191/391], batch loss: 3.09708, batch accuracy: 10.16, data load time: 0.00029, step time: 0.00128
epoch: [18], step: [201/391], batch loss: 3.25075, batch accuracy: 7.81, data load time: 0.00030, step time: 0.00129
epoch: [18], step: [211/391], batch loss: 3.21018, batch accuracy: 6.25, data load time: 0.00041, step time: 0.00128
epoch: [18], step: [221/391], batch loss: 2.99757, batch accuracy: 9.38, data load time: 0.00030, step time: 0.00128
epoch: [18], step: [231/391], batch loss: 2.85738, batch accuracy: 14.06, data load time: 0.00029, step time: 0.00128
epoch: [18], step: [241/391], batch loss: 2.98430, batch accuracy: 10.16, data load time: 0.00030, step time: 0.00128
epoch: [18], step: [251/391], batch loss: 2.89489, batch accuracy: 13.28, data load time: 0.00040, step time: 0.00129
epoch: [18], step: [261/391], batch loss: 2.89824, batch accuracy: 14.06, data load time: 0.00029, step time: 0.00128
epoch: [18], step: [271/391], batch loss: 2.89110, batch accuracy: 14.06, data load time: 0.00030, step time: 0.00127
epoch: [18], step: [281/391], batch loss: 3.15486, batch accuracy: 7.03, data load time: 0.00040, step time: 0.00128
epoch: [18], step: [291/391], batch loss: 3.02328, batch accuracy: 10.16, data load time: 0.00029, step time: 0.00128
epoch: [18], step: [301/391], batch loss: 3.09340, batch accuracy: 8.59, data load time: 0.00030, step time: 0.00128
epoch: [18], step: [311/391], batch loss: 3.08099, batch accuracy: 10.16, data load time: 0.00042, step time: 0.00128
epoch: [18], step: [321/391], batch loss: 3.15287, batch accuracy: 4.69, data load time: 0.00030, step time: 0.00128
epoch: [18], step: [331/391], batch loss: 2.95843, batch accuracy: 10.16, data load time: 0.00030, step time: 0.00128
epoch: [18], step: [341/391], batch loss: 3.05344, batch accuracy: 8.59, data load time: 0.00025, step time: 0.00128
epoch: [18], step: [351/391], batch loss: 3.04695, batch accuracy: 9.38, data load time: 0.00041, step time: 0.00128
epoch: [18], step: [361/391], batch loss: 3.15182, batch accuracy: 7.81, data load time: 0.00029, step time: 0.00129
epoch: [18], step: [371/391], batch loss: 2.97546, batch accuracy: 10.16, data load time: 0.00026, step time: 0.00127
epoch: [18], step: [381/391], batch loss: 2.98356, batch accuracy: 14.06, data load time: 0.00026, step time: 0.00128
epoch: [19], step: [0/391], batch loss: 3.27044, batch accuracy: 3.91, data load time: 1.66779, step time: 0.00251
epoch: [19], step: [10/391], batch loss: 3.08300, batch accuracy: 9.38, data load time: 0.00031, step time: 0.00128
epoch: [19], step: [20/391], batch loss: 3.01127, batch accuracy: 9.38, data load time: 0.00031, step time: 0.00128
epoch: [19], step: [30/391], batch loss: 3.11536, batch accuracy: 10.94, data load time: 0.00030, step time: 0.00128
epoch: [19], step: [40/391], batch loss: 3.26562, batch accuracy: 5.47, data load time: 0.00030, step time: 0.00128
epoch: [19], step: [50/391], batch loss: 2.96003, batch accuracy: 15.62, data load time: 0.00031, step time: 0.00128
epoch: [19], step: [60/391], batch loss: 3.26472, batch accuracy: 10.16, data load time: 0.00030, step time: 0.00128
epoch: [19], step: [70/391], batch loss: 3.00029, batch accuracy: 9.38, data load time: 0.00030, step time: 0.00129
epoch: [19], step: [80/391], batch loss: 3.08563, batch accuracy: 6.25, data load time: 0.00030, step time: 0.00129
epoch: [19], step: [90/391], batch loss: 3.27559, batch accuracy: 10.94, data load time: 0.00030, step time: 0.00128
epoch: [19], step: [100/391], batch loss: 3.18650, batch accuracy: 7.03, data load time: 0.00031, step time: 0.00128
epoch: [19], step: [110/391], batch loss: 3.08411, batch accuracy: 6.25, data load time: 0.00030, step time: 0.00127
epoch: [19], step: [120/391], batch loss: 3.04846, batch accuracy: 9.38, data load time: 0.00030, step time: 0.00128
epoch: [19], step: [130/391], batch loss: 3.08937, batch accuracy: 12.50, data load time: 0.00044, step time: 0.00129
epoch: [19], step: [140/391], batch loss: 2.89627, batch accuracy: 17.19, data load time: 0.00030, step time: 0.00128
epoch: [19], step: [150/391], batch loss: 3.21047, batch accuracy: 7.03, data load time: 0.00029, step time: 0.00127
epoch: [19], step: [160/391], batch loss: 2.91557, batch accuracy: 14.06, data load time: 0.00030, step time: 0.00129
epoch: [19], step: [170/391], batch loss: 2.89101, batch accuracy: 12.50, data load time: 0.00040, step time: 0.00129
epoch: [19], step: [180/391], batch loss: 2.97086, batch accuracy: 10.16, data load time: 0.00029, step time: 0.00128
epoch: [19], step: [190/391], batch loss: 3.24740, batch accuracy: 7.03, data load time: 0.00030, step time: 0.00128
epoch: [19], step: [200/391], batch loss: 2.97012, batch accuracy: 14.06, data load time: 0.00039, step time: 0.00129
epoch: [19], step: [210/391], batch loss: 2.95842, batch accuracy: 10.94, data load time: 0.00030, step time: 0.00129
epoch: [19], step: [220/391], batch loss: 3.09906, batch accuracy: 3.91, data load time: 0.00029, step time: 0.00128
epoch: [19], step: [230/391], batch loss: 3.04876, batch accuracy: 14.84, data load time: 0.00031, step time: 0.00128
epoch: [19], step: [240/391], batch loss: 2.95085, batch accuracy: 10.94, data load time: 0.00043, step time: 0.00129
epoch: [19], step: [250/391], batch loss: 2.99561, batch accuracy: 13.28, data load time: 0.00029, step time: 0.00129
epoch: [19], step: [260/391], batch loss: 3.06039, batch accuracy: 11.72, data load time: 0.00030, step time: 0.00128
epoch: [19], step: [270/391], batch loss: 2.90617, batch accuracy: 10.16, data load time: 0.00039, step time: 0.00130
epoch: [19], step: [280/391], batch loss: 2.98856, batch accuracy: 12.50, data load time: 0.00030, step time: 0.00128
epoch: [19], step: [290/391], batch loss: 2.90895, batch accuracy: 15.62, data load time: 0.00031, step time: 0.00129
epoch: [19], step: [300/391], batch loss: 3.10837, batch accuracy: 10.16, data load time: 0.00039, step time: 0.00129
epoch: [19], step: [310/391], batch loss: 2.83328, batch accuracy: 14.06, data load time: 0.00033, step time: 0.00129
epoch: [19], step: [320/391], batch loss: 3.04990, batch accuracy: 10.94, data load time: 0.00029, step time: 0.00128
epoch: [19], step: [330/391], batch loss: 3.14663, batch accuracy: 9.38, data load time: 0.00031, step time: 0.00129
epoch: [19], step: [340/391], batch loss: 3.01266, batch accuracy: 7.81, data load time: 0.00032, step time: 0.00135
epoch: [19], step: [350/391], batch loss: 3.00211, batch accuracy: 13.28, data load time: 0.00026, step time: 0.00127
epoch: [19], step: [360/391], batch loss: 3.00394, batch accuracy: 8.59, data load time: 0.00027, step time: 0.00128
epoch: [19], step: [370/391], batch loss: 3.15161, batch accuracy: 7.81, data load time: 0.00025, step time: 0.00127
epoch: [19], step: [380/391], batch loss: 2.92563, batch accuracy: 14.06, data load time: 0.00026, step time: 0.00128
epoch: [19], step: [390/391], batch loss: 3.23745, batch accuracy: 10.00, data load time: 0.00021, step time: 0.00092
validation loss: 3.07258, accuracy: 10.00
