Files already downloaded and verified
Writing logs to logs/CNN_bn_bs=128_lr=0.1_momentum=0.9_run_0
/mnt/storage/software/languages/anaconda/Anaconda3.8.8/lib/python3.8/site-packages/torch/utils/data/dataloader.py:563: UserWarning: This DataLoader will create 28 worker processes in total. Our suggested max number of worker in current system is 1, which is smaller than what this DataLoader is going to create. Please be aware that excessive worker creation might get DataLoader running slow or even freeze, lower the worker number to avoid potential slowness/freeze if necessary.
  warnings.warn(_create_warning_msg(
epoch: [0], step: [9/391], batch loss: 2.56870, batch accuracy: 34.38, data load time: 0.00029, step time: 0.02547
epoch: [0], step: [19/391], batch loss: 2.54455, batch accuracy: 34.38, data load time: 0.00029, step time: 0.02375
epoch: [0], step: [29/391], batch loss: 2.96372, batch accuracy: 25.78, data load time: 0.00029, step time: 0.02357
epoch: [0], step: [39/391], batch loss: 2.29597, batch accuracy: 38.28, data load time: 0.00027, step time: 0.02352
epoch: [0], step: [49/391], batch loss: 2.35455, batch accuracy: 36.72, data load time: 0.00028, step time: 0.02376
epoch: [0], step: [59/391], batch loss: 2.60649, batch accuracy: 36.72, data load time: 0.00029, step time: 0.02357
epoch: [0], step: [69/391], batch loss: 1.94486, batch accuracy: 46.09, data load time: 0.00029, step time: 0.02359
epoch: [0], step: [79/391], batch loss: 1.43131, batch accuracy: 54.69, data load time: 0.00029, step time: 0.02363
epoch: [0], step: [89/391], batch loss: 2.27552, batch accuracy: 38.28, data load time: 0.00029, step time: 0.02353
epoch: [0], step: [99/391], batch loss: 1.67322, batch accuracy: 46.09, data load time: 0.00029, step time: 0.02355
epoch: [0], step: [109/391], batch loss: 1.98830, batch accuracy: 36.72, data load time: 0.00030, step time: 0.02335
epoch: [0], step: [119/391], batch loss: 1.62414, batch accuracy: 43.75, data load time: 0.00029, step time: 0.02338
epoch: [0], step: [129/391], batch loss: 1.78127, batch accuracy: 41.41, data load time: 0.00030, step time: 0.02329
epoch: [0], step: [139/391], batch loss: 1.99974, batch accuracy: 44.53, data load time: 0.00029, step time: 0.02328
epoch: [0], step: [149/391], batch loss: 1.25735, batch accuracy: 51.56, data load time: 0.00029, step time: 0.02332
epoch: [0], step: [159/391], batch loss: 1.82794, batch accuracy: 42.19, data load time: 0.00029, step time: 0.02334
epoch: [0], step: [169/391], batch loss: 1.49147, batch accuracy: 48.44, data load time: 0.00029, step time: 0.02285
epoch: [0], step: [179/391], batch loss: 1.46973, batch accuracy: 55.47, data load time: 0.00029, step time: 0.02298
epoch: [0], step: [189/391], batch loss: 1.46755, batch accuracy: 52.34, data load time: 0.00029, step time: 0.02302
epoch: [0], step: [199/391], batch loss: 1.29123, batch accuracy: 55.47, data load time: 0.00029, step time: 0.02299
epoch: [0], step: [209/391], batch loss: 1.45947, batch accuracy: 50.00, data load time: 0.00029, step time: 0.02300
epoch: [0], step: [219/391], batch loss: 1.13953, batch accuracy: 55.47, data load time: 0.00029, step time: 0.02315
epoch: [0], step: [229/391], batch loss: 1.17485, batch accuracy: 58.59, data load time: 0.00029, step time: 0.02299
epoch: [0], step: [239/391], batch loss: 1.09738, batch accuracy: 63.28, data load time: 0.00030, step time: 0.02300
epoch: [0], step: [249/391], batch loss: 1.31668, batch accuracy: 59.38, data load time: 0.00029, step time: 0.02295
epoch: [0], step: [259/391], batch loss: 1.35461, batch accuracy: 53.91, data load time: 0.00029, step time: 0.02302
epoch: [0], step: [269/391], batch loss: 1.24821, batch accuracy: 59.38, data load time: 0.00029, step time: 0.02298
epoch: [0], step: [279/391], batch loss: 1.08245, batch accuracy: 62.50, data load time: 0.00029, step time: 0.02302
epoch: [0], step: [289/391], batch loss: 1.01508, batch accuracy: 69.53, data load time: 0.00029, step time: 0.02305
epoch: [0], step: [299/391], batch loss: 1.07461, batch accuracy: 61.72, data load time: 0.00029, step time: 0.02303
epoch: [0], step: [309/391], batch loss: 1.26713, batch accuracy: 58.59, data load time: 0.00029, step time: 0.02295
epoch: [0], step: [319/391], batch loss: 1.11181, batch accuracy: 58.59, data load time: 0.00030, step time: 0.02302
epoch: [0], step: [329/391], batch loss: 0.92477, batch accuracy: 68.75, data load time: 0.00029, step time: 0.02314
epoch: [0], step: [339/391], batch loss: 1.13077, batch accuracy: 62.50, data load time: 0.00025, step time: 0.00513
epoch: [0], step: [349/391], batch loss: 1.07578, batch accuracy: 62.50, data load time: 0.00025, step time: 0.00512
epoch: [0], step: [359/391], batch loss: 1.08498, batch accuracy: 63.28, data load time: 0.00025, step time: 0.00512
epoch: [0], step: [369/391], batch loss: 1.18207, batch accuracy: 63.28, data load time: 0.00026, step time: 0.00511
epoch: [0], step: [379/391], batch loss: 1.19103, batch accuracy: 64.06, data load time: 0.00025, step time: 0.00482
epoch: [0], step: [389/391], batch loss: 0.80453, batch accuracy: 75.00, data load time: 0.00025, step time: 0.00482
epoch: [1], step: [8/391], batch loss: 0.89877, batch accuracy: 69.53, data load time: 0.00029, step time: 0.02415
epoch: [1], step: [18/391], batch loss: 0.88466, batch accuracy: 74.22, data load time: 0.00029, step time: 0.02358
epoch: [1], step: [28/391], batch loss: 0.92106, batch accuracy: 68.75, data load time: 0.00029, step time: 0.02387
epoch: [1], step: [38/391], batch loss: 0.85462, batch accuracy: 70.31, data load time: 0.00028, step time: 0.02394
epoch: [1], step: [48/391], batch loss: 0.79641, batch accuracy: 76.56, data load time: 0.00028, step time: 0.02398
epoch: [1], step: [58/391], batch loss: 0.82278, batch accuracy: 67.19, data load time: 0.00029, step time: 0.02382
epoch: [1], step: [68/391], batch loss: 0.79395, batch accuracy: 75.00, data load time: 0.00028, step time: 0.02370
epoch: [1], step: [78/391], batch loss: 0.84130, batch accuracy: 72.66, data load time: 0.00028, step time: 0.02365
epoch: [1], step: [88/391], batch loss: 0.70580, batch accuracy: 74.22, data load time: 0.00028, step time: 0.02338
epoch: [1], step: [98/391], batch loss: 0.71315, batch accuracy: 76.56, data load time: 0.00029, step time: 0.02336
epoch: [1], step: [108/391], batch loss: 0.92406, batch accuracy: 69.53, data load time: 0.00029, step time: 0.02335
epoch: [1], step: [118/391], batch loss: 0.84816, batch accuracy: 71.88, data load time: 0.00029, step time: 0.02333
epoch: [1], step: [128/391], batch loss: 1.00054, batch accuracy: 59.38, data load time: 0.00029, step time: 0.02340
epoch: [1], step: [138/391], batch loss: 0.66542, batch accuracy: 76.56, data load time: 0.00029, step time: 0.02357
epoch: [1], step: [148/391], batch loss: 0.66648, batch accuracy: 79.69, data load time: 0.00029, step time: 0.02344
epoch: [1], step: [158/391], batch loss: 1.00479, batch accuracy: 62.50, data load time: 0.00029, step time: 0.02338
epoch: [1], step: [168/391], batch loss: 0.84792, batch accuracy: 69.53, data load time: 0.00030, step time: 0.02307
epoch: [1], step: [178/391], batch loss: 0.77856, batch accuracy: 72.66, data load time: 0.00029, step time: 0.02305
epoch: [1], step: [188/391], batch loss: 0.82399, batch accuracy: 70.31, data load time: 0.00029, step time: 0.02304
epoch: [1], step: [198/391], batch loss: 0.97575, batch accuracy: 67.97, data load time: 0.00029, step time: 0.02305
epoch: [1], step: [208/391], batch loss: 0.84933, batch accuracy: 71.88, data load time: 0.00029, step time: 0.02328
epoch: [1], step: [218/391], batch loss: 0.95125, batch accuracy: 70.31, data load time: 0.00029, step time: 0.02301
epoch: [1], step: [228/391], batch loss: 0.86735, batch accuracy: 68.75, data load time: 0.00029, step time: 0.02301
epoch: [1], step: [238/391], batch loss: 0.90460, batch accuracy: 64.06, data load time: 0.00029, step time: 0.02304
epoch: [1], step: [248/391], batch loss: 0.66814, batch accuracy: 75.78, data load time: 0.00029, step time: 0.02304
epoch: [1], step: [258/391], batch loss: 0.98391, batch accuracy: 67.19, data load time: 0.00029, step time: 0.02306
epoch: [1], step: [268/391], batch loss: 0.66063, batch accuracy: 75.00, data load time: 0.00029, step time: 0.02319
epoch: [1], step: [278/391], batch loss: 0.65736, batch accuracy: 78.91, data load time: 0.00029, step time: 0.02311
epoch: [1], step: [288/391], batch loss: 0.79467, batch accuracy: 67.19, data load time: 0.00029, step time: 0.02314
epoch: [1], step: [298/391], batch loss: 0.76193, batch accuracy: 72.66, data load time: 0.00029, step time: 0.02307
epoch: [1], step: [308/391], batch loss: 0.56176, batch accuracy: 76.56, data load time: 0.00029, step time: 0.02303
epoch: [1], step: [318/391], batch loss: 0.79997, batch accuracy: 73.44, data load time: 0.00030, step time: 0.02318
epoch: [1], step: [328/391], batch loss: 0.75689, batch accuracy: 70.31, data load time: 0.00029, step time: 0.02313
epoch: [1], step: [338/391], batch loss: 0.87779, batch accuracy: 70.31, data load time: 0.00025, step time: 0.00513
epoch: [1], step: [348/391], batch loss: 0.96186, batch accuracy: 65.62, data load time: 0.00025, step time: 0.00512
epoch: [1], step: [358/391], batch loss: 0.86008, batch accuracy: 65.62, data load time: 0.00025, step time: 0.00481
epoch: [1], step: [368/391], batch loss: 0.67973, batch accuracy: 76.56, data load time: 0.00026, step time: 0.00482
epoch: [1], step: [378/391], batch loss: 0.87349, batch accuracy: 68.75, data load time: 0.00025, step time: 0.00478
epoch: [1], step: [388/391], batch loss: 0.73342, batch accuracy: 74.22, data load time: 0.00024, step time: 0.00478
validation loss: 1.02072, accuracy: 64.91
epoch: [2], step: [7/391], batch loss: 0.54737, batch accuracy: 85.94, data load time: 0.00030, step time: 0.04381
epoch: [2], step: [17/391], batch loss: 0.67440, batch accuracy: 76.56, data load time: 0.00029, step time: 0.02366
epoch: [2], step: [27/391], batch loss: 0.54506, batch accuracy: 83.59, data load time: 0.01558, step time: 0.02119
epoch: [2], step: [37/391], batch loss: 0.46662, batch accuracy: 82.81, data load time: 0.00029, step time: 0.02361
epoch: [2], step: [47/391], batch loss: 0.57346, batch accuracy: 81.25, data load time: 0.00029, step time: 0.02366
epoch: [2], step: [57/391], batch loss: 0.51291, batch accuracy: 75.78, data load time: 0.00028, step time: 0.02365
epoch: [2], step: [67/391], batch loss: 0.33055, batch accuracy: 87.50, data load time: 0.00028, step time: 0.02342
epoch: [2], step: [77/391], batch loss: 0.42062, batch accuracy: 86.72, data load time: 0.00028, step time: 0.02333
epoch: [2], step: [87/391], batch loss: 0.62552, batch accuracy: 78.12, data load time: 0.00028, step time: 0.02333
epoch: [2], step: [97/391], batch loss: 0.54456, batch accuracy: 82.03, data load time: 0.00030, step time: 0.02346
epoch: [2], step: [107/391], batch loss: 0.48701, batch accuracy: 82.03, data load time: 0.00029, step time: 0.02462
epoch: [2], step: [117/391], batch loss: 0.52215, batch accuracy: 82.03, data load time: 0.00029, step time: 0.02323
epoch: [2], step: [127/391], batch loss: 0.62947, batch accuracy: 78.12, data load time: 0.00029, step time: 0.02329
epoch: [2], step: [137/391], batch loss: 0.68300, batch accuracy: 75.78, data load time: 0.00029, step time: 0.02348
epoch: [2], step: [147/391], batch loss: 0.57391, batch accuracy: 82.81, data load time: 0.00029, step time: 0.02332
epoch: [2], step: [157/391], batch loss: 0.38482, batch accuracy: 85.94, data load time: 0.00029, step time: 0.02340
epoch: [2], step: [167/391], batch loss: 0.54999, batch accuracy: 81.25, data load time: 0.00029, step time: 0.02333
epoch: [2], step: [177/391], batch loss: 0.57618, batch accuracy: 81.25, data load time: 0.00029, step time: 0.02340
epoch: [2], step: [187/391], batch loss: 0.59829, batch accuracy: 76.56, data load time: 0.00029, step time: 0.02311
epoch: [2], step: [197/391], batch loss: 0.74876, batch accuracy: 77.34, data load time: 0.00029, step time: 0.02311
epoch: [2], step: [207/391], batch loss: 0.45342, batch accuracy: 84.38, data load time: 0.00030, step time: 0.02313
epoch: [2], step: [217/391], batch loss: 0.51694, batch accuracy: 83.59, data load time: 0.00029, step time: 0.02310
epoch: [2], step: [227/391], batch loss: 0.60813, batch accuracy: 78.91, data load time: 0.00029, step time: 0.02319
epoch: [2], step: [237/391], batch loss: 0.52585, batch accuracy: 82.03, data load time: 0.00029, step time: 0.02315
epoch: [2], step: [247/391], batch loss: 0.56326, batch accuracy: 80.47, data load time: 0.00029, step time: 0.02316
epoch: [2], step: [257/391], batch loss: 0.56320, batch accuracy: 76.56, data load time: 0.00029, step time: 0.02324
epoch: [2], step: [267/391], batch loss: 0.55966, batch accuracy: 83.59, data load time: 0.00029, step time: 0.02317
epoch: [2], step: [277/391], batch loss: 0.57972, batch accuracy: 77.34, data load time: 0.00029, step time: 0.02316
epoch: [2], step: [287/391], batch loss: 0.50944, batch accuracy: 79.69, data load time: 0.00029, step time: 0.02310
epoch: [2], step: [297/391], batch loss: 0.46136, batch accuracy: 84.38, data load time: 0.00029, step time: 0.02307
epoch: [2], step: [307/391], batch loss: 0.61295, batch accuracy: 80.47, data load time: 0.00029, step time: 0.02308
epoch: [2], step: [317/391], batch loss: 0.68413, batch accuracy: 78.91, data load time: 0.00029, step time: 0.02317
epoch: [2], step: [327/391], batch loss: 0.61762, batch accuracy: 76.56, data load time: 0.00029, step time: 0.02317
epoch: [2], step: [337/391], batch loss: 0.44220, batch accuracy: 83.59, data load time: 0.00026, step time: 0.00476
epoch: [2], step: [347/391], batch loss: 0.54299, batch accuracy: 84.38, data load time: 0.00025, step time: 0.00477
epoch: [2], step: [357/391], batch loss: 0.53863, batch accuracy: 82.81, data load time: 0.00025, step time: 0.00477
epoch: [2], step: [367/391], batch loss: 0.54905, batch accuracy: 81.25, data load time: 0.00025, step time: 0.00476
epoch: [2], step: [377/391], batch loss: 0.58482, batch accuracy: 78.91, data load time: 0.00025, step time: 0.00476
epoch: [2], step: [387/391], batch loss: 0.48391, batch accuracy: 85.16, data load time: 0.00024, step time: 0.00477
epoch: [3], step: [6/391], batch loss: 0.40005, batch accuracy: 85.94, data load time: 0.00029, step time: 0.00611
epoch: [3], step: [16/391], batch loss: 0.35899, batch accuracy: 86.72, data load time: 0.00029, step time: 0.02377
epoch: [3], step: [26/391], batch loss: 0.33469, batch accuracy: 89.06, data load time: 0.02649, step time: 0.02120
epoch: [3], step: [36/391], batch loss: 0.29501, batch accuracy: 89.06, data load time: 0.00028, step time: 0.02358
epoch: [3], step: [46/391], batch loss: 0.31367, batch accuracy: 89.84, data load time: 0.00028, step time: 0.02371
epoch: [3], step: [56/391], batch loss: 0.20931, batch accuracy: 96.09, data load time: 0.00028, step time: 0.02424
epoch: [3], step: [66/391], batch loss: 0.26313, batch accuracy: 89.84, data load time: 0.00027, step time: 0.02348
epoch: [3], step: [76/391], batch loss: 0.30017, batch accuracy: 89.06, data load time: 0.00028, step time: 0.02342
epoch: [3], step: [86/391], batch loss: 0.26673, batch accuracy: 87.50, data load time: 0.00029, step time: 0.02340
epoch: [3], step: [96/391], batch loss: 0.26467, batch accuracy: 93.75, data load time: 0.00030, step time: 0.02369
epoch: [3], step: [106/391], batch loss: 0.30914, batch accuracy: 90.62, data load time: 0.00029, step time: 0.02344
epoch: [3], step: [116/391], batch loss: 0.39597, batch accuracy: 85.94, data load time: 0.00030, step time: 0.02327
epoch: [3], step: [126/391], batch loss: 0.41283, batch accuracy: 85.94, data load time: 0.00029, step time: 0.02344
epoch: [3], step: [136/391], batch loss: 0.42584, batch accuracy: 86.72, data load time: 0.00029, step time: 0.02335
epoch: [3], step: [146/391], batch loss: 0.21770, batch accuracy: 95.31, data load time: 0.00029, step time: 0.02360
epoch: [3], step: [156/391], batch loss: 0.21547, batch accuracy: 92.19, data load time: 0.00029, step time: 0.02334
epoch: [3], step: [166/391], batch loss: 0.27982, batch accuracy: 92.19, data load time: 0.00030, step time: 0.02338
epoch: [3], step: [176/391], batch loss: 0.40538, batch accuracy: 85.16, data load time: 0.00030, step time: 0.02309
epoch: [3], step: [186/391], batch loss: 0.29700, batch accuracy: 89.06, data load time: 0.00029, step time: 0.02401
epoch: [3], step: [196/391], batch loss: 0.41221, batch accuracy: 86.72, data load time: 0.00029, step time: 0.02337
epoch: [3], step: [206/391], batch loss: 0.35298, batch accuracy: 86.72, data load time: 0.00029, step time: 0.02312
epoch: [3], step: [216/391], batch loss: 0.40662, batch accuracy: 85.16, data load time: 0.00030, step time: 0.02320
epoch: [3], step: [226/391], batch loss: 0.26642, batch accuracy: 90.62, data load time: 0.00029, step time: 0.02317
epoch: [3], step: [236/391], batch loss: 0.37435, batch accuracy: 89.84, data load time: 0.00029, step time: 0.02303
epoch: [3], step: [246/391], batch loss: 0.40749, batch accuracy: 85.16, data load time: 0.00029, step time: 0.02331
epoch: [3], step: [256/391], batch loss: 0.35309, batch accuracy: 87.50, data load time: 0.00029, step time: 0.02300
epoch: [3], step: [266/391], batch loss: 0.36873, batch accuracy: 81.25, data load time: 0.00029, step time: 0.02425
epoch: [3], step: [276/391], batch loss: 0.32049, batch accuracy: 88.28, data load time: 0.00030, step time: 0.02311
epoch: [3], step: [286/391], batch loss: 0.35231, batch accuracy: 86.72, data load time: 0.00029, step time: 0.02307
epoch: [3], step: [296/391], batch loss: 0.37173, batch accuracy: 89.06, data load time: 0.00029, step time: 0.02318
epoch: [3], step: [306/391], batch loss: 0.55496, batch accuracy: 78.91, data load time: 0.00029, step time: 0.02308
epoch: [3], step: [316/391], batch loss: 0.36204, batch accuracy: 87.50, data load time: 0.00029, step time: 0.02308
epoch: [3], step: [326/391], batch loss: 0.23962, batch accuracy: 91.41, data load time: 0.00029, step time: 0.02310
epoch: [3], step: [336/391], batch loss: 0.46317, batch accuracy: 82.81, data load time: 0.00025, step time: 0.00477
epoch: [3], step: [346/391], batch loss: 0.57623, batch accuracy: 80.47, data load time: 0.00025, step time: 0.00477
epoch: [3], step: [356/391], batch loss: 0.33301, batch accuracy: 88.28, data load time: 0.00025, step time: 0.00475
epoch: [3], step: [366/391], batch loss: 0.35591, batch accuracy: 86.72, data load time: 0.00025, step time: 0.00478
epoch: [3], step: [376/391], batch loss: 0.40221, batch accuracy: 85.94, data load time: 0.00025, step time: 0.00478
epoch: [3], step: [386/391], batch loss: 0.55544, batch accuracy: 78.91, data load time: 0.00025, step time: 0.00478
validation loss: 1.27246, accuracy: 64.34
epoch: [4], step: [5/391], batch loss: 0.23889, batch accuracy: 91.41, data load time: 0.00029, step time: 0.00475
epoch: [4], step: [15/391], batch loss: 0.11583, batch accuracy: 97.66, data load time: 0.00029, step time: 0.02368
epoch: [4], step: [25/391], batch loss: 0.14535, batch accuracy: 96.88, data load time: 0.07997, step time: 0.02380
epoch: [4], step: [35/391], batch loss: 0.13252, batch accuracy: 96.88, data load time: 0.00028, step time: 0.02364
epoch: [4], step: [45/391], batch loss: 0.17630, batch accuracy: 96.09, data load time: 0.00028, step time: 0.02364
epoch: [4], step: [55/391], batch loss: 0.16909, batch accuracy: 94.53, data load time: 0.02520, step time: 0.02348
epoch: [4], step: [65/391], batch loss: 0.14102, batch accuracy: 96.09, data load time: 0.00028, step time: 0.02343
epoch: [4], step: [75/391], batch loss: 0.20136, batch accuracy: 92.97, data load time: 0.00028, step time: 0.02345
epoch: [4], step: [85/391], batch loss: 0.14395, batch accuracy: 96.88, data load time: 0.00028, step time: 0.02336
epoch: [4], step: [95/391], batch loss: 0.18074, batch accuracy: 95.31, data load time: 0.00028, step time: 0.02338
epoch: [4], step: [105/391], batch loss: 0.16170, batch accuracy: 96.88, data load time: 0.00029, step time: 0.02343
epoch: [4], step: [115/391], batch loss: 0.14597, batch accuracy: 95.31, data load time: 0.00030, step time: 0.02431
epoch: [4], step: [125/391], batch loss: 0.17871, batch accuracy: 93.75, data load time: 0.00030, step time: 0.02446
epoch: [4], step: [135/391], batch loss: 0.13320, batch accuracy: 93.75, data load time: 0.00030, step time: 0.02453
epoch: [4], step: [145/391], batch loss: 0.11293, batch accuracy: 96.88, data load time: 0.00030, step time: 0.02318
epoch: [4], step: [155/391], batch loss: 0.22172, batch accuracy: 94.53, data load time: 0.00030, step time: 0.02335
epoch: [4], step: [165/391], batch loss: 0.15294, batch accuracy: 96.09, data load time: 0.00030, step time: 0.02344
epoch: [4], step: [175/391], batch loss: 0.09277, batch accuracy: 98.44, data load time: 0.00029, step time: 0.02332
epoch: [4], step: [185/391], batch loss: 0.22014, batch accuracy: 89.84, data load time: 0.00031, step time: 0.02317
epoch: [4], step: [195/391], batch loss: 0.13807, batch accuracy: 94.53, data load time: 0.00029, step time: 0.02321
epoch: [4], step: [205/391], batch loss: 0.18111, batch accuracy: 92.97, data load time: 0.00029, step time: 0.02324
epoch: [4], step: [215/391], batch loss: 0.18598, batch accuracy: 93.75, data load time: 0.00029, step time: 0.02341
epoch: [4], step: [225/391], batch loss: 0.12905, batch accuracy: 95.31, data load time: 0.00030, step time: 0.02314
epoch: [4], step: [235/391], batch loss: 0.14548, batch accuracy: 96.88, data load time: 0.00029, step time: 0.02314
epoch: [4], step: [245/391], batch loss: 0.19590, batch accuracy: 95.31, data load time: 0.00029, step time: 0.02317
epoch: [4], step: [255/391], batch loss: 0.18983, batch accuracy: 92.97, data load time: 0.00029, step time: 0.02307
epoch: [4], step: [265/391], batch loss: 0.13037, batch accuracy: 94.53, data load time: 0.00031, step time: 0.02317
epoch: [4], step: [275/391], batch loss: 0.16795, batch accuracy: 95.31, data load time: 0.00029, step time: 0.02315
epoch: [4], step: [285/391], batch loss: 0.27640, batch accuracy: 86.72, data load time: 0.00029, step time: 0.02302
epoch: [4], step: [295/391], batch loss: 0.21822, batch accuracy: 92.97, data load time: 0.00030, step time: 0.02309
epoch: [4], step: [305/391], batch loss: 0.26923, batch accuracy: 89.84, data load time: 0.00031, step time: 0.02299
epoch: [4], step: [315/391], batch loss: 0.23804, batch accuracy: 91.41, data load time: 0.00030, step time: 0.02311
epoch: [4], step: [325/391], batch loss: 0.21266, batch accuracy: 92.97, data load time: 0.00029, step time: 0.02306
epoch: [4], step: [335/391], batch loss: 0.19416, batch accuracy: 94.53, data load time: 0.00025, step time: 0.00512
epoch: [4], step: [345/391], batch loss: 0.23355, batch accuracy: 92.97, data load time: 0.00025, step time: 0.00513
epoch: [4], step: [355/391], batch loss: 0.26562, batch accuracy: 91.41, data load time: 0.00025, step time: 0.00513
epoch: [4], step: [365/391], batch loss: 0.27609, batch accuracy: 89.84, data load time: 0.00025, step time: 0.00512
epoch: [4], step: [375/391], batch loss: 0.23383, batch accuracy: 92.97, data load time: 0.00025, step time: 0.00482
epoch: [4], step: [385/391], batch loss: 0.26556, batch accuracy: 89.84, data load time: 0.00025, step time: 0.00481
epoch: [5], step: [4/391], batch loss: 0.13728, batch accuracy: 94.53, data load time: 0.00029, step time: 0.00569
epoch: [5], step: [14/391], batch loss: 0.10793, batch accuracy: 94.53, data load time: 0.00029, step time: 0.02417
epoch: [5], step: [24/391], batch loss: 0.09144, batch accuracy: 96.88, data load time: 0.00044, step time: 0.02356
epoch: [5], step: [34/391], batch loss: 0.15961, batch accuracy: 94.53, data load time: 0.00028, step time: 0.02364
epoch: [5], step: [44/391], batch loss: 0.09997, batch accuracy: 98.44, data load time: 0.00028, step time: 0.02359
epoch: [5], step: [54/391], batch loss: 0.04630, batch accuracy: 98.44, data load time: 0.00028, step time: 0.02369
epoch: [5], step: [64/391], batch loss: 0.09294, batch accuracy: 97.66, data load time: 0.00028, step time: 0.02332
epoch: [5], step: [74/391], batch loss: 0.07686, batch accuracy: 99.22, data load time: 0.00028, step time: 0.02337
epoch: [5], step: [84/391], batch loss: 0.06958, batch accuracy: 98.44, data load time: 0.00028, step time: 0.02339
epoch: [5], step: [94/391], batch loss: 0.07830, batch accuracy: 96.88, data load time: 0.00028, step time: 0.02347
epoch: [5], step: [104/391], batch loss: 0.06958, batch accuracy: 98.44, data load time: 0.00029, step time: 0.02338
epoch: [5], step: [114/391], batch loss: 0.06825, batch accuracy: 98.44, data load time: 0.00029, step time: 0.02327
epoch: [5], step: [124/391], batch loss: 0.13151, batch accuracy: 95.31, data load time: 0.00029, step time: 0.02336
epoch: [5], step: [134/391], batch loss: 0.08859, batch accuracy: 97.66, data load time: 0.00029, step time: 0.02334
epoch: [5], step: [144/391], batch loss: 0.08554, batch accuracy: 98.44, data load time: 0.00029, step time: 0.02334
epoch: [5], step: [154/391], batch loss: 0.09631, batch accuracy: 96.88, data load time: 0.00029, step time: 0.02329
epoch: [5], step: [164/391], batch loss: 0.07768, batch accuracy: 96.88, data load time: 0.00029, step time: 0.02343
epoch: [5], step: [174/391], batch loss: 0.07979, batch accuracy: 98.44, data load time: 0.00029, step time: 0.02311
epoch: [5], step: [184/391], batch loss: 0.12003, batch accuracy: 96.09, data load time: 0.00029, step time: 0.02313
epoch: [5], step: [194/391], batch loss: 0.10052, batch accuracy: 96.09, data load time: 0.00029, step time: 0.02309
epoch: [5], step: [204/391], batch loss: 0.10606, batch accuracy: 96.88, data load time: 0.00030, step time: 0.02305
epoch: [5], step: [214/391], batch loss: 0.10652, batch accuracy: 94.53, data load time: 0.00029, step time: 0.02308
epoch: [5], step: [224/391], batch loss: 0.07433, batch accuracy: 97.66, data load time: 0.00029, step time: 0.02298
epoch: [5], step: [234/391], batch loss: 0.08555, batch accuracy: 96.88, data load time: 0.00029, step time: 0.02321
epoch: [5], step: [244/391], batch loss: 0.07393, batch accuracy: 98.44, data load time: 0.00029, step time: 0.02305
epoch: [5], step: [254/391], batch loss: 0.09723, batch accuracy: 97.66, data load time: 0.00029, step time: 0.02303
epoch: [5], step: [264/391], batch loss: 0.08051, batch accuracy: 97.66, data load time: 0.00029, step time: 0.02314
epoch: [5], step: [274/391], batch loss: 0.08675, batch accuracy: 96.09, data load time: 0.00029, step time: 0.02306
epoch: [5], step: [284/391], batch loss: 0.09378, batch accuracy: 98.44, data load time: 0.00029, step time: 0.02337
epoch: [5], step: [294/391], batch loss: 0.07831, batch accuracy: 97.66, data load time: 0.00029, step time: 0.02311
epoch: [5], step: [304/391], batch loss: 0.10554, batch accuracy: 96.09, data load time: 0.00029, step time: 0.02316
epoch: [5], step: [314/391], batch loss: 0.11494, batch accuracy: 96.09, data load time: 0.00029, step time: 0.02311
epoch: [5], step: [324/391], batch loss: 0.11414, batch accuracy: 95.31, data load time: 0.00029, step time: 0.02310
epoch: [5], step: [334/391], batch loss: 0.10535, batch accuracy: 96.88, data load time: 0.00288, step time: 0.01609
epoch: [5], step: [344/391], batch loss: 0.11862, batch accuracy: 95.31, data load time: 0.00025, step time: 0.00478
epoch: [5], step: [354/391], batch loss: 0.09878, batch accuracy: 95.31, data load time: 0.00024, step time: 0.00476
epoch: [5], step: [364/391], batch loss: 0.12177, batch accuracy: 96.88, data load time: 0.00025, step time: 0.00476
epoch: [5], step: [374/391], batch loss: 0.07647, batch accuracy: 96.88, data load time: 0.00025, step time: 0.00477
epoch: [5], step: [384/391], batch loss: 0.09673, batch accuracy: 97.66, data load time: 0.00025, step time: 0.00476
validation loss: 1.06849, accuracy: 72.30
epoch: [6], step: [3/391], batch loss: 0.02165, batch accuracy: 100.00, data load time: 0.00030, step time: 0.00496
epoch: [6], step: [13/391], batch loss: 0.07037, batch accuracy: 97.66, data load time: 0.00029, step time: 0.02505
epoch: [6], step: [23/391], batch loss: 0.08035, batch accuracy: 97.66, data load time: 0.00029, step time: 0.02372
epoch: [6], step: [33/391], batch loss: 0.05103, batch accuracy: 98.44, data load time: 0.00027, step time: 0.02360
epoch: [6], step: [43/391], batch loss: 0.07138, batch accuracy: 96.09, data load time: 0.00028, step time: 0.02357
epoch: [6], step: [53/391], batch loss: 0.05437, batch accuracy: 98.44, data load time: 0.00028, step time: 0.02370
epoch: [6], step: [63/391], batch loss: 0.03718, batch accuracy: 99.22, data load time: 0.00028, step time: 0.02362
epoch: [6], step: [73/391], batch loss: 0.08054, batch accuracy: 97.66, data load time: 0.00028, step time: 0.02350
epoch: [6], step: [83/391], batch loss: 0.03863, batch accuracy: 100.00, data load time: 0.00036, step time: 0.02361
epoch: [6], step: [93/391], batch loss: 0.02153, batch accuracy: 100.00, data load time: 0.00029, step time: 0.02342
epoch: [6], step: [103/391], batch loss: 0.03083, batch accuracy: 99.22, data load time: 0.00029, step time: 0.02341
epoch: [6], step: [113/391], batch loss: 0.02997, batch accuracy: 100.00, data load time: 0.00029, step time: 0.02439
epoch: [6], step: [123/391], batch loss: 0.08134, batch accuracy: 97.66, data load time: 0.00029, step time: 0.02322
epoch: [6], step: [133/391], batch loss: 0.03287, batch accuracy: 98.44, data load time: 0.00029, step time: 0.02335
epoch: [6], step: [143/391], batch loss: 0.07388, batch accuracy: 96.88, data load time: 0.00029, step time: 0.02333
epoch: [6], step: [153/391], batch loss: 0.05502, batch accuracy: 99.22, data load time: 0.00030, step time: 0.02337
epoch: [6], step: [163/391], batch loss: 0.06522, batch accuracy: 98.44, data load time: 0.00029, step time: 0.02335
epoch: [6], step: [173/391], batch loss: 0.03435, batch accuracy: 99.22, data load time: 0.00029, step time: 0.02311
epoch: [6], step: [183/391], batch loss: 0.07839, batch accuracy: 96.88, data load time: 0.00029, step time: 0.02314
epoch: [6], step: [193/391], batch loss: 0.05928, batch accuracy: 97.66, data load time: 0.00029, step time: 0.02314
epoch: [6], step: [203/391], batch loss: 0.01976, batch accuracy: 100.00, data load time: 0.00029, step time: 0.02307
epoch: [6], step: [213/391], batch loss: 0.05819, batch accuracy: 97.66, data load time: 0.00029, step time: 0.02307
epoch: [6], step: [223/391], batch loss: 0.03288, batch accuracy: 99.22, data load time: 0.00029, step time: 0.02309
epoch: [6], step: [233/391], batch loss: 0.03085, batch accuracy: 99.22, data load time: 0.00030, step time: 0.02312
epoch: [6], step: [243/391], batch loss: 0.01908, batch accuracy: 100.00, data load time: 0.00029, step time: 0.02312
epoch: [6], step: [253/391], batch loss: 0.06877, batch accuracy: 97.66, data load time: 0.00029, step time: 0.02320
epoch: [6], step: [263/391], batch loss: 0.03373, batch accuracy: 99.22, data load time: 0.00029, step time: 0.02330
epoch: [6], step: [273/391], batch loss: 0.04726, batch accuracy: 99.22, data load time: 0.00030, step time: 0.02310
epoch: [6], step: [283/391], batch loss: 0.02164, batch accuracy: 99.22, data load time: 0.00030, step time: 0.02310
epoch: [6], step: [293/391], batch loss: 0.06693, batch accuracy: 98.44, data load time: 0.00029, step time: 0.02315
epoch: [6], step: [303/391], batch loss: 0.04050, batch accuracy: 98.44, data load time: 0.00029, step time: 0.02306
epoch: [6], step: [313/391], batch loss: 0.10242, batch accuracy: 96.88, data load time: 0.00029, step time: 0.02359
epoch: [6], step: [323/391], batch loss: 0.06379, batch accuracy: 97.66, data load time: 0.00030, step time: 0.02314
epoch: [6], step: [333/391], batch loss: 0.07661, batch accuracy: 98.44, data load time: 0.00029, step time: 0.02306
epoch: [6], step: [343/391], batch loss: 0.06570, batch accuracy: 97.66, data load time: 0.00025, step time: 0.00477
epoch: [6], step: [353/391], batch loss: 0.04957, batch accuracy: 99.22, data load time: 0.00025, step time: 0.00476
epoch: [6], step: [363/391], batch loss: 0.03306, batch accuracy: 98.44, data load time: 0.00025, step time: 0.00481
epoch: [6], step: [373/391], batch loss: 0.02980, batch accuracy: 99.22, data load time: 0.00025, step time: 0.00479
epoch: [6], step: [383/391], batch loss: 0.05299, batch accuracy: 97.66, data load time: 0.00025, step time: 0.00479
epoch: [7], step: [2/391], batch loss: 0.02475, batch accuracy: 99.22, data load time: 0.00029, step time: 0.00477
epoch: [7], step: [12/391], batch loss: 0.04148, batch accuracy: 99.22, data load time: 0.00029, step time: 0.02421
epoch: [7], step: [22/391], batch loss: 0.01412, batch accuracy: 100.00, data load time: 0.00029, step time: 0.02378
epoch: [7], step: [32/391], batch loss: 0.04284, batch accuracy: 97.66, data load time: 0.00028, step time: 0.02358
epoch: [7], step: [42/391], batch loss: 0.01080, batch accuracy: 100.00, data load time: 0.00028, step time: 0.02353
epoch: [7], step: [52/391], batch loss: 0.03488, batch accuracy: 99.22, data load time: 0.00029, step time: 0.02372
epoch: [7], step: [62/391], batch loss: 0.02471, batch accuracy: 100.00, data load time: 0.00028, step time: 0.02348
epoch: [7], step: [72/391], batch loss: 0.02107, batch accuracy: 100.00, data load time: 0.00028, step time: 0.02339
epoch: [7], step: [82/391], batch loss: 0.03528, batch accuracy: 98.44, data load time: 0.00028, step time: 0.02342
epoch: [7], step: [92/391], batch loss: 0.03042, batch accuracy: 99.22, data load time: 0.00028, step time: 0.02328
epoch: [7], step: [102/391], batch loss: 0.00936, batch accuracy: 100.00, data load time: 0.00030, step time: 0.02332
epoch: [7], step: [112/391], batch loss: 0.01654, batch accuracy: 99.22, data load time: 0.00029, step time: 0.02330
epoch: [7], step: [122/391], batch loss: 0.01464, batch accuracy: 99.22, data load time: 0.00029, step time: 0.02329
epoch: [7], step: [132/391], batch loss: 0.03588, batch accuracy: 98.44, data load time: 0.00029, step time: 0.02331
epoch: [7], step: [142/391], batch loss: 0.02458, batch accuracy: 99.22, data load time: 0.00029, step time: 0.02324
epoch: [7], step: [152/391], batch loss: 0.01930, batch accuracy: 100.00, data load time: 0.00029, step time: 0.02330
epoch: [7], step: [162/391], batch loss: 0.03824, batch accuracy: 99.22, data load time: 0.00029, step time: 0.02339
epoch: [7], step: [172/391], batch loss: 0.02770, batch accuracy: 99.22, data load time: 0.00029, step time: 0.02327
epoch: [7], step: [182/391], batch loss: 0.03502, batch accuracy: 98.44, data load time: 0.00029, step time: 0.02304
epoch: [7], step: [192/391], batch loss: 0.01913, batch accuracy: 99.22, data load time: 0.00029, step time: 0.02312
epoch: [7], step: [202/391], batch loss: 0.02033, batch accuracy: 100.00, data load time: 0.00029, step time: 0.02307
epoch: [7], step: [212/391], batch loss: 0.02671, batch accuracy: 99.22, data load time: 0.00029, step time: 0.02315
epoch: [7], step: [222/391], batch loss: 0.01377, batch accuracy: 100.00, data load time: 0.00029, step time: 0.02310
epoch: [7], step: [232/391], batch loss: 0.02351, batch accuracy: 99.22, data load time: 0.00029, step time: 0.02309
epoch: [7], step: [242/391], batch loss: 0.01200, batch accuracy: 100.00, data load time: 0.00029, step time: 0.02330
epoch: [7], step: [252/391], batch loss: 0.01406, batch accuracy: 100.00, data load time: 0.00029, step time: 0.02304
epoch: [7], step: [262/391], batch loss: 0.02335, batch accuracy: 100.00, data load time: 0.00029, step time: 0.02315
epoch: [7], step: [272/391], batch loss: 0.02680, batch accuracy: 100.00, data load time: 0.00029, step time: 0.02311
epoch: [7], step: [282/391], batch loss: 0.02274, batch accuracy: 98.44, data load time: 0.00029, step time: 0.02308
epoch: [7], step: [292/391], batch loss: 0.03572, batch accuracy: 99.22, data load time: 0.00029, step time: 0.02308
epoch: [7], step: [302/391], batch loss: 0.03202, batch accuracy: 98.44, data load time: 0.00030, step time: 0.02323
epoch: [7], step: [312/391], batch loss: 0.00906, batch accuracy: 100.00, data load time: 0.00029, step time: 0.02311
epoch: [7], step: [322/391], batch loss: 0.01102, batch accuracy: 100.00, data load time: 0.00029, step time: 0.02313
epoch: [7], step: [332/391], batch loss: 0.04443, batch accuracy: 98.44, data load time: 0.00029, step time: 0.02313
epoch: [7], step: [342/391], batch loss: 0.02116, batch accuracy: 99.22, data load time: 0.00025, step time: 0.00476
epoch: [7], step: [352/391], batch loss: 0.02967, batch accuracy: 98.44, data load time: 0.00025, step time: 0.00477
epoch: [7], step: [362/391], batch loss: 0.01518, batch accuracy: 99.22, data load time: 0.00025, step time: 0.00476
epoch: [7], step: [372/391], batch loss: 0.05680, batch accuracy: 97.66, data load time: 0.00026, step time: 0.00476
epoch: [7], step: [382/391], batch loss: 0.01354, batch accuracy: 100.00, data load time: 0.00024, step time: 0.00476
validation loss: 1.10093, accuracy: 75.36
epoch: [8], step: [1/391], batch loss: 0.01317, batch accuracy: 100.00, data load time: 0.00033, step time: 0.00575
epoch: [8], step: [11/391], batch loss: 0.00689, batch accuracy: 100.00, data load time: 0.00029, step time: 0.02629
epoch: [8], step: [21/391], batch loss: 0.01073, batch accuracy: 100.00, data load time: 0.00030, step time: 0.02375
epoch: [8], step: [31/391], batch loss: 0.03356, batch accuracy: 99.22, data load time: 0.00028, step time: 0.02388
epoch: [8], step: [41/391], batch loss: 0.01874, batch accuracy: 99.22, data load time: 0.00028, step time: 0.02379
epoch: [8], step: [51/391], batch loss: 0.01040, batch accuracy: 100.00, data load time: 0.00028, step time: 0.02389
epoch: [8], step: [61/391], batch loss: 0.01146, batch accuracy: 99.22, data load time: 0.00028, step time: 0.02368
epoch: [8], step: [71/391], batch loss: 0.01585, batch accuracy: 100.00, data load time: 0.00028, step time: 0.02370
epoch: [8], step: [81/391], batch loss: 0.01139, batch accuracy: 100.00, data load time: 0.00028, step time: 0.02334
epoch: [8], step: [91/391], batch loss: 0.01002, batch accuracy: 100.00, data load time: 0.00028, step time: 0.02330
epoch: [8], step: [101/391], batch loss: 0.01707, batch accuracy: 99.22, data load time: 0.00029, step time: 0.02365
epoch: [8], step: [111/391], batch loss: 0.00814, batch accuracy: 100.00, data load time: 0.00030, step time: 0.02333
epoch: [8], step: [121/391], batch loss: 0.00368, batch accuracy: 100.00, data load time: 0.00029, step time: 0.02334
epoch: [8], step: [131/391], batch loss: 0.00378, batch accuracy: 100.00, data load time: 0.00029, step time: 0.02339
epoch: [8], step: [141/391], batch loss: 0.00954, batch accuracy: 100.00, data load time: 0.00029, step time: 0.02341
epoch: [8], step: [151/391], batch loss: 0.01086, batch accuracy: 100.00, data load time: 0.00029, step time: 0.02337
epoch: [8], step: [161/391], batch loss: 0.00818, batch accuracy: 100.00, data load time: 0.00029, step time: 0.02344
epoch: [8], step: [171/391], batch loss: 0.00857, batch accuracy: 100.00, data load time: 0.00030, step time: 0.02313
epoch: [8], step: [181/391], batch loss: 0.00873, batch accuracy: 100.00, data load time: 0.00029, step time: 0.02310
epoch: [8], step: [191/391], batch loss: 0.01506, batch accuracy: 99.22, data load time: 0.00030, step time: 0.02306
epoch: [8], step: [201/391], batch loss: 0.00424, batch accuracy: 100.00, data load time: 0.00029, step time: 0.02311
epoch: [8], step: [211/391], batch loss: 0.00692, batch accuracy: 100.00, data load time: 0.00029, step time: 0.02316
epoch: [8], step: [221/391], batch loss: 0.01060, batch accuracy: 100.00, data load time: 0.00029, step time: 0.02314
epoch: [8], step: [231/391], batch loss: 0.00682, batch accuracy: 100.00, data load time: 0.00029, step time: 0.02314
epoch: [8], step: [241/391], batch loss: 0.00609, batch accuracy: 100.00, data load time: 0.00029, step time: 0.02310
epoch: [8], step: [251/391], batch loss: 0.00626, batch accuracy: 100.00, data load time: 0.00029, step time: 0.02312
epoch: [8], step: [261/391], batch loss: 0.01528, batch accuracy: 99.22, data load time: 0.00029, step time: 0.02317
epoch: [8], step: [271/391], batch loss: 0.00664, batch accuracy: 100.00, data load time: 0.00029, step time: 0.02311
epoch: [8], step: [281/391], batch loss: 0.01171, batch accuracy: 100.00, data load time: 0.00029, step time: 0.02422
epoch: [8], step: [291/391], batch loss: 0.00862, batch accuracy: 100.00, data load time: 0.00029, step time: 0.02423
epoch: [8], step: [301/391], batch loss: 0.01699, batch accuracy: 99.22, data load time: 0.00029, step time: 0.02421
epoch: [8], step: [311/391], batch loss: 0.00595, batch accuracy: 100.00, data load time: 0.00029, step time: 0.02312
epoch: [8], step: [321/391], batch loss: 0.00811, batch accuracy: 100.00, data load time: 0.00029, step time: 0.02320
epoch: [8], step: [331/391], batch loss: 0.01845, batch accuracy: 100.00, data load time: 0.00029, step time: 0.02328
epoch: [8], step: [341/391], batch loss: 0.00562, batch accuracy: 100.00, data load time: 0.00025, step time: 0.00514
epoch: [8], step: [351/391], batch loss: 0.00664, batch accuracy: 100.00, data load time: 0.00025, step time: 0.00513
epoch: [8], step: [361/391], batch loss: 0.00705, batch accuracy: 100.00, data load time: 0.00025, step time: 0.00482
epoch: [8], step: [371/391], batch loss: 0.00563, batch accuracy: 100.00, data load time: 0.00025, step time: 0.00482
epoch: [8], step: [381/391], batch loss: 0.00777, batch accuracy: 100.00, data load time: 0.00025, step time: 0.00478
epoch: [9], step: [0/391], batch loss: 0.00566, batch accuracy: 100.00, data load time: 1.57052, step time: 0.53256
epoch: [9], step: [10/391], batch loss: 0.00447, batch accuracy: 100.00, data load time: 0.00029, step time: 0.02357
epoch: [9], step: [20/391], batch loss: 0.00286, batch accuracy: 100.00, data load time: 0.00030, step time: 0.02363
epoch: [9], step: [30/391], batch loss: 0.00344, batch accuracy: 100.00, data load time: 0.00028, step time: 0.02353
epoch: [9], step: [40/391], batch loss: 0.00529, batch accuracy: 100.00, data load time: 0.00028, step time: 0.02363
epoch: [9], step: [50/391], batch loss: 0.00375, batch accuracy: 100.00, data load time: 0.00028, step time: 0.02361
epoch: [9], step: [60/391], batch loss: 0.00495, batch accuracy: 100.00, data load time: 0.00028, step time: 0.02361
epoch: [9], step: [70/391], batch loss: 0.01282, batch accuracy: 100.00, data load time: 0.00028, step time: 0.02353
epoch: [9], step: [80/391], batch loss: 0.00349, batch accuracy: 100.00, data load time: 0.00028, step time: 0.02340
epoch: [9], step: [90/391], batch loss: 0.00515, batch accuracy: 100.00, data load time: 0.00028, step time: 0.02439
epoch: [9], step: [100/391], batch loss: 0.00397, batch accuracy: 100.00, data load time: 0.00029, step time: 0.02442
epoch: [9], step: [110/391], batch loss: 0.00321, batch accuracy: 100.00, data load time: 0.00029, step time: 0.02433
epoch: [9], step: [120/391], batch loss: 0.00631, batch accuracy: 100.00, data load time: 0.00029, step time: 0.02325
epoch: [9], step: [130/391], batch loss: 0.00487, batch accuracy: 100.00, data load time: 0.00029, step time: 0.02340
epoch: [9], step: [140/391], batch loss: 0.00421, batch accuracy: 100.00, data load time: 0.00029, step time: 0.02340
epoch: [9], step: [150/391], batch loss: 0.00861, batch accuracy: 100.00, data load time: 0.00029, step time: 0.02334
epoch: [9], step: [160/391], batch loss: 0.00213, batch accuracy: 100.00, data load time: 0.00030, step time: 0.02338
epoch: [9], step: [170/391], batch loss: 0.00310, batch accuracy: 100.00, data load time: 0.00029, step time: 0.02309
epoch: [9], step: [180/391], batch loss: 0.00345, batch accuracy: 100.00, data load time: 0.00029, step time: 0.02308
epoch: [9], step: [190/391], batch loss: 0.00377, batch accuracy: 100.00, data load time: 0.00029, step time: 0.02305
epoch: [9], step: [200/391], batch loss: 0.00172, batch accuracy: 100.00, data load time: 0.00030, step time: 0.02302
epoch: [9], step: [210/391], batch loss: 0.00262, batch accuracy: 100.00, data load time: 0.00029, step time: 0.02330
epoch: [9], step: [220/391], batch loss: 0.00386, batch accuracy: 100.00, data load time: 0.00029, step time: 0.02313
epoch: [9], step: [230/391], batch loss: 0.00244, batch accuracy: 100.00, data load time: 0.00031, step time: 0.02325
epoch: [9], step: [240/391], batch loss: 0.00546, batch accuracy: 100.00, data load time: 0.00030, step time: 0.02310
epoch: [9], step: [250/391], batch loss: 0.00332, batch accuracy: 100.00, data load time: 0.00030, step time: 0.02309
epoch: [9], step: [260/391], batch loss: 0.01544, batch accuracy: 99.22, data load time: 0.00029, step time: 0.02305
epoch: [9], step: [270/391], batch loss: 0.00201, batch accuracy: 100.00, data load time: 0.00030, step time: 0.02310
epoch: [9], step: [280/391], batch loss: 0.00267, batch accuracy: 100.00, data load time: 0.00029, step time: 0.02325
epoch: [9], step: [290/391], batch loss: 0.00243, batch accuracy: 100.00, data load time: 0.00029, step time: 0.02308
epoch: [9], step: [300/391], batch loss: 0.00283, batch accuracy: 100.00, data load time: 0.00029, step time: 0.02303
epoch: [9], step: [310/391], batch loss: 0.00364, batch accuracy: 100.00, data load time: 0.00029, step time: 0.02311
epoch: [9], step: [320/391], batch loss: 0.00369, batch accuracy: 100.00, data load time: 0.00029, step time: 0.02312
epoch: [9], step: [330/391], batch loss: 0.00264, batch accuracy: 100.00, data load time: 0.00029, step time: 0.02313
epoch: [9], step: [340/391], batch loss: 0.00937, batch accuracy: 100.00, data load time: 0.00026, step time: 0.00477
epoch: [9], step: [350/391], batch loss: 0.00266, batch accuracy: 100.00, data load time: 0.00025, step time: 0.00476
epoch: [9], step: [360/391], batch loss: 0.00221, batch accuracy: 100.00, data load time: 0.00025, step time: 0.00476
epoch: [9], step: [370/391], batch loss: 0.00245, batch accuracy: 100.00, data load time: 0.00025, step time: 0.00477
epoch: [9], step: [380/391], batch loss: 0.00273, batch accuracy: 100.00, data load time: 0.00025, step time: 0.00477
epoch: [9], step: [390/391], batch loss: 0.00340, batch accuracy: 100.00, data load time: 0.00019, step time: 0.00397
validation loss: 1.08871, accuracy: 76.85
epoch: [10], step: [9/391], batch loss: 0.00214, batch accuracy: 100.00, data load time: 0.00031, step time: 0.02383
epoch: [10], step: [19/391], batch loss: 0.00488, batch accuracy: 100.00, data load time: 0.00029, step time: 0.02369
epoch: [10], step: [29/391], batch loss: 0.00173, batch accuracy: 100.00, data load time: 0.00029, step time: 0.02355
epoch: [10], step: [39/391], batch loss: 0.00341, batch accuracy: 100.00, data load time: 0.00028, step time: 0.02366
epoch: [10], step: [49/391], batch loss: 0.00709, batch accuracy: 100.00, data load time: 0.00029, step time: 0.02360
epoch: [10], step: [59/391], batch loss: 0.00522, batch accuracy: 100.00, data load time: 0.00028, step time: 0.02363
epoch: [10], step: [69/391], batch loss: 0.00315, batch accuracy: 100.00, data load time: 0.00028, step time: 0.02343
epoch: [10], step: [79/391], batch loss: 0.00250, batch accuracy: 100.00, data load time: 0.00028, step time: 0.02348
epoch: [10], step: [89/391], batch loss: 0.00302, batch accuracy: 100.00, data load time: 0.00028, step time: 0.02325
epoch: [10], step: [99/391], batch loss: 0.00317, batch accuracy: 100.00, data load time: 0.00028, step time: 0.02342
epoch: [10], step: [109/391], batch loss: 0.00207, batch accuracy: 100.00, data load time: 0.00028, step time: 0.02342
epoch: [10], step: [119/391], batch loss: 0.00277, batch accuracy: 100.00, data load time: 0.00029, step time: 0.02429
epoch: [10], step: [129/391], batch loss: 0.00203, batch accuracy: 100.00, data load time: 0.00029, step time: 0.02341
epoch: [10], step: [139/391], batch loss: 0.00253, batch accuracy: 100.00, data load time: 0.00030, step time: 0.02333
epoch: [10], step: [149/391], batch loss: 0.00304, batch accuracy: 100.00, data load time: 0.00029, step time: 0.02340
epoch: [10], step: [159/391], batch loss: 0.00139, batch accuracy: 100.00, data load time: 0.00030, step time: 0.02346
epoch: [10], step: [169/391], batch loss: 0.00166, batch accuracy: 100.00, data load time: 0.00029, step time: 0.02302
epoch: [10], step: [179/391], batch loss: 0.00168, batch accuracy: 100.00, data load time: 0.00030, step time: 0.02303
epoch: [10], step: [189/391], batch loss: 0.00123, batch accuracy: 100.00, data load time: 0.00029, step time: 0.02308
epoch: [10], step: [199/391], batch loss: 0.00293, batch accuracy: 100.00, data load time: 0.00029, step time: 0.02322
epoch: [10], step: [209/391], batch loss: 0.00118, batch accuracy: 100.00, data load time: 0.00030, step time: 0.02316
epoch: [10], step: [219/391], batch loss: 0.00160, batch accuracy: 100.00, data load time: 0.00029, step time: 0.02304
epoch: [10], step: [229/391], batch loss: 0.00205, batch accuracy: 100.00, data load time: 0.00029, step time: 0.02299
epoch: [10], step: [239/391], batch loss: 0.00267, batch accuracy: 100.00, data load time: 0.00029, step time: 0.02308
epoch: [10], step: [249/391], batch loss: 0.00143, batch accuracy: 100.00, data load time: 0.00029, step time: 0.02315
epoch: [10], step: [259/391], batch loss: 0.00229, batch accuracy: 100.00, data load time: 0.00030, step time: 0.02314
epoch: [10], step: [269/391], batch loss: 0.00261, batch accuracy: 100.00, data load time: 0.00030, step time: 0.02324
epoch: [10], step: [279/391], batch loss: 0.00450, batch accuracy: 100.00, data load time: 0.00029, step time: 0.02319
epoch: [10], step: [289/391], batch loss: 0.00169, batch accuracy: 100.00, data load time: 0.00029, step time: 0.02358
epoch: [10], step: [299/391], batch loss: 0.00305, batch accuracy: 100.00, data load time: 0.00029, step time: 0.02313
epoch: [10], step: [309/391], batch loss: 0.00313, batch accuracy: 100.00, data load time: 0.00029, step time: 0.02301
epoch: [10], step: [319/391], batch loss: 0.00175, batch accuracy: 100.00, data load time: 0.00029, step time: 0.02312
epoch: [10], step: [329/391], batch loss: 0.00170, batch accuracy: 100.00, data load time: 0.00029, step time: 0.02306
epoch: [10], step: [339/391], batch loss: 0.00243, batch accuracy: 100.00, data load time: 0.00025, step time: 0.00477
epoch: [10], step: [349/391], batch loss: 0.01912, batch accuracy: 99.22, data load time: 0.00025, step time: 0.00477
epoch: [10], step: [359/391], batch loss: 0.00192, batch accuracy: 100.00, data load time: 0.00025, step time: 0.00477
epoch: [10], step: [369/391], batch loss: 0.00265, batch accuracy: 100.00, data load time: 0.00025, step time: 0.00476
epoch: [10], step: [379/391], batch loss: 0.00268, batch accuracy: 100.00, data load time: 0.00025, step time: 0.00476
epoch: [10], step: [389/391], batch loss: 0.00143, batch accuracy: 100.00, data load time: 0.00025, step time: 0.00477
epoch: [11], step: [8/391], batch loss: 0.00159, batch accuracy: 100.00, data load time: 0.00031, step time: 0.08204
epoch: [11], step: [18/391], batch loss: 0.00242, batch accuracy: 100.00, data load time: 0.00029, step time: 0.02354
epoch: [11], step: [28/391], batch loss: 0.00165, batch accuracy: 100.00, data load time: 0.00028, step time: 0.00805
epoch: [11], step: [38/391], batch loss: 0.00133, batch accuracy: 100.00, data load time: 0.00028, step time: 0.02368
epoch: [11], step: [48/391], batch loss: 0.00242, batch accuracy: 100.00, data load time: 0.00028, step time: 0.02368
epoch: [11], step: [58/391], batch loss: 0.00128, batch accuracy: 100.00, data load time: 0.00028, step time: 0.02359
epoch: [11], step: [68/391], batch loss: 0.00114, batch accuracy: 100.00, data load time: 0.00028, step time: 0.02507
epoch: [11], step: [78/391], batch loss: 0.00238, batch accuracy: 100.00, data load time: 0.00028, step time: 0.02359
epoch: [11], step: [88/391], batch loss: 0.00207, batch accuracy: 100.00, data load time: 0.00029, step time: 0.02339
epoch: [11], step: [98/391], batch loss: 0.00085, batch accuracy: 100.00, data load time: 0.00029, step time: 0.02336
epoch: [11], step: [108/391], batch loss: 0.00112, batch accuracy: 100.00, data load time: 0.00030, step time: 0.02339
epoch: [11], step: [118/391], batch loss: 0.00240, batch accuracy: 100.00, data load time: 0.00029, step time: 0.02337
epoch: [11], step: [128/391], batch loss: 0.00092, batch accuracy: 100.00, data load time: 0.00029, step time: 0.02357
epoch: [11], step: [138/391], batch loss: 0.00178, batch accuracy: 100.00, data load time: 0.00030, step time: 0.02331
epoch: [11], step: [148/391], batch loss: 0.00114, batch accuracy: 100.00, data load time: 0.00029, step time: 0.02337
epoch: [11], step: [158/391], batch loss: 0.00157, batch accuracy: 100.00, data load time: 0.00030, step time: 0.02342
epoch: [11], step: [168/391], batch loss: 0.00114, batch accuracy: 100.00, data load time: 0.00029, step time: 0.02306
epoch: [11], step: [178/391], batch loss: 0.00333, batch accuracy: 100.00, data load time: 0.00030, step time: 0.02309
epoch: [11], step: [188/391], batch loss: 0.00381, batch accuracy: 100.00, data load time: 0.00029, step time: 0.02316
epoch: [11], step: [198/391], batch loss: 0.00175, batch accuracy: 100.00, data load time: 0.00029, step time: 0.02318
epoch: [11], step: [208/391], batch loss: 0.00101, batch accuracy: 100.00, data load time: 0.00030, step time: 0.02317
epoch: [11], step: [218/391], batch loss: 0.00208, batch accuracy: 100.00, data load time: 0.00030, step time: 0.02313
epoch: [11], step: [228/391], batch loss: 0.00089, batch accuracy: 100.00, data load time: 0.00030, step time: 0.02305
epoch: [11], step: [238/391], batch loss: 0.00259, batch accuracy: 100.00, data load time: 0.00029, step time: 0.02311
epoch: [11], step: [248/391], batch loss: 0.00194, batch accuracy: 100.00, data load time: 0.00030, step time: 0.02314
epoch: [11], step: [258/391], batch loss: 0.00111, batch accuracy: 100.00, data load time: 0.00029, step time: 0.02311
epoch: [11], step: [268/391], batch loss: 0.00101, batch accuracy: 100.00, data load time: 0.00029, step time: 0.02308
epoch: [11], step: [278/391], batch loss: 0.00199, batch accuracy: 100.00, data load time: 0.00030, step time: 0.02307
epoch: [11], step: [288/391], batch loss: 0.00119, batch accuracy: 100.00, data load time: 0.00030, step time: 0.02309
epoch: [11], step: [298/391], batch loss: 0.00103, batch accuracy: 100.00, data load time: 0.00031, step time: 0.02311
epoch: [11], step: [308/391], batch loss: 0.00088, batch accuracy: 100.00, data load time: 0.00029, step time: 0.02305
epoch: [11], step: [318/391], batch loss: 0.00140, batch accuracy: 100.00, data load time: 0.00030, step time: 0.02307
epoch: [11], step: [328/391], batch loss: 0.00150, batch accuracy: 100.00, data load time: 0.00029, step time: 0.02319
epoch: [11], step: [338/391], batch loss: 0.00137, batch accuracy: 100.00, data load time: 0.00025, step time: 0.00492
epoch: [11], step: [348/391], batch loss: 0.00196, batch accuracy: 100.00, data load time: 0.00025, step time: 0.00520
epoch: [11], step: [358/391], batch loss: 0.00171, batch accuracy: 100.00, data load time: 0.00025, step time: 0.00512
epoch: [11], step: [368/391], batch loss: 0.00151, batch accuracy: 100.00, data load time: 0.00025, step time: 0.00512
epoch: [11], step: [378/391], batch loss: 0.00088, batch accuracy: 100.00, data load time: 0.00026, step time: 0.00482
epoch: [11], step: [388/391], batch loss: 0.00123, batch accuracy: 100.00, data load time: 0.00025, step time: 0.00481
validation loss: 1.10892, accuracy: 77.41
epoch: [12], step: [7/391], batch loss: 0.00122, batch accuracy: 100.00, data load time: 0.00029, step time: 0.08333
epoch: [12], step: [17/391], batch loss: 0.00093, batch accuracy: 100.00, data load time: 0.00029, step time: 0.02393
epoch: [12], step: [27/391], batch loss: 0.00092, batch accuracy: 100.00, data load time: 0.00683, step time: 0.02093
epoch: [12], step: [37/391], batch loss: 0.00224, batch accuracy: 100.00, data load time: 0.00028, step time: 0.02356
epoch: [12], step: [47/391], batch loss: 0.00056, batch accuracy: 100.00, data load time: 0.00028, step time: 0.02364
epoch: [12], step: [57/391], batch loss: 0.00264, batch accuracy: 100.00, data load time: 0.00028, step time: 0.02363
epoch: [12], step: [67/391], batch loss: 0.00100, batch accuracy: 100.00, data load time: 0.00028, step time: 0.02346
epoch: [12], step: [77/391], batch loss: 0.00094, batch accuracy: 100.00, data load time: 0.00028, step time: 0.02345
epoch: [12], step: [87/391], batch loss: 0.00081, batch accuracy: 100.00, data load time: 0.00028, step time: 0.02340
epoch: [12], step: [97/391], batch loss: 0.00079, batch accuracy: 100.00, data load time: 0.00029, step time: 0.02338
epoch: [12], step: [107/391], batch loss: 0.00170, batch accuracy: 100.00, data load time: 0.00029, step time: 0.02333
epoch: [12], step: [117/391], batch loss: 0.00130, batch accuracy: 100.00, data load time: 0.00029, step time: 0.02335
epoch: [12], step: [127/391], batch loss: 0.00147, batch accuracy: 100.00, data load time: 0.00030, step time: 0.02335
epoch: [12], step: [137/391], batch loss: 0.00125, batch accuracy: 100.00, data load time: 0.00029, step time: 0.02337
epoch: [12], step: [147/391], batch loss: 0.00104, batch accuracy: 100.00, data load time: 0.00029, step time: 0.02337
epoch: [12], step: [157/391], batch loss: 0.00138, batch accuracy: 100.00, data load time: 0.00029, step time: 0.02354
epoch: [12], step: [167/391], batch loss: 0.00066, batch accuracy: 100.00, data load time: 0.00029, step time: 0.02350
epoch: [12], step: [177/391], batch loss: 0.00212, batch accuracy: 100.00, data load time: 0.00030, step time: 0.02319
epoch: [12], step: [187/391], batch loss: 0.00152, batch accuracy: 100.00, data load time: 0.00029, step time: 0.02315
epoch: [12], step: [197/391], batch loss: 0.00124, batch accuracy: 100.00, data load time: 0.00029, step time: 0.02312
epoch: [12], step: [207/391], batch loss: 0.00125, batch accuracy: 100.00, data load time: 0.00029, step time: 0.02318
epoch: [12], step: [217/391], batch loss: 0.00140, batch accuracy: 100.00, data load time: 0.00030, step time: 0.02324
epoch: [12], step: [227/391], batch loss: 0.00073, batch accuracy: 100.00, data load time: 0.00029, step time: 0.02317
epoch: [12], step: [237/391], batch loss: 0.00142, batch accuracy: 100.00, data load time: 0.00029, step time: 0.02315
epoch: [12], step: [247/391], batch loss: 0.00116, batch accuracy: 100.00, data load time: 0.00029, step time: 0.02311
epoch: [12], step: [257/391], batch loss: 0.00154, batch accuracy: 100.00, data load time: 0.00029, step time: 0.02313
epoch: [12], step: [267/391], batch loss: 0.00089, batch accuracy: 100.00, data load time: 0.00029, step time: 0.02307
epoch: [12], step: [277/391], batch loss: 0.00074, batch accuracy: 100.00, data load time: 0.00030, step time: 0.02315
epoch: [12], step: [287/391], batch loss: 0.00172, batch accuracy: 100.00, data load time: 0.00030, step time: 0.02316
epoch: [12], step: [297/391], batch loss: 0.00119, batch accuracy: 100.00, data load time: 0.00030, step time: 0.02313
epoch: [12], step: [307/391], batch loss: 0.00204, batch accuracy: 100.00, data load time: 0.00029, step time: 0.02312
epoch: [12], step: [317/391], batch loss: 0.00193, batch accuracy: 100.00, data load time: 0.00029, step time: 0.02313
epoch: [12], step: [327/391], batch loss: 0.00093, batch accuracy: 100.00, data load time: 0.00030, step time: 0.02338
epoch: [12], step: [337/391], batch loss: 0.00104, batch accuracy: 100.00, data load time: 0.00025, step time: 0.00477
epoch: [12], step: [347/391], batch loss: 0.00080, batch accuracy: 100.00, data load time: 0.00025, step time: 0.00477
epoch: [12], step: [357/391], batch loss: 0.00254, batch accuracy: 100.00, data load time: 0.00025, step time: 0.00476
epoch: [12], step: [367/391], batch loss: 0.00061, batch accuracy: 100.00, data load time: 0.00025, step time: 0.00477
epoch: [12], step: [377/391], batch loss: 0.00118, batch accuracy: 100.00, data load time: 0.00025, step time: 0.00478
epoch: [12], step: [387/391], batch loss: 0.00163, batch accuracy: 100.00, data load time: 0.00024, step time: 0.00476
epoch: [13], step: [6/391], batch loss: 0.00114, batch accuracy: 100.00, data load time: 0.00029, step time: 0.00476
epoch: [13], step: [16/391], batch loss: 0.00107, batch accuracy: 100.00, data load time: 0.00030, step time: 0.02363
epoch: [13], step: [26/391], batch loss: 0.00059, batch accuracy: 100.00, data load time: 0.02633, step time: 0.02117
epoch: [13], step: [36/391], batch loss: 0.00074, batch accuracy: 100.00, data load time: 0.00028, step time: 0.02364
epoch: [13], step: [46/391], batch loss: 0.00079, batch accuracy: 100.00, data load time: 0.00028, step time: 0.02376
epoch: [13], step: [56/391], batch loss: 0.00119, batch accuracy: 100.00, data load time: 0.00029, step time: 0.02349
epoch: [13], step: [66/391], batch loss: 0.00095, batch accuracy: 100.00, data load time: 0.00028, step time: 0.02332
epoch: [13], step: [76/391], batch loss: 0.00086, batch accuracy: 100.00, data load time: 0.00028, step time: 0.02347
epoch: [13], step: [86/391], batch loss: 0.00129, batch accuracy: 100.00, data load time: 0.00028, step time: 0.02332
epoch: [13], step: [96/391], batch loss: 0.00113, batch accuracy: 100.00, data load time: 0.00029, step time: 0.02326
epoch: [13], step: [106/391], batch loss: 0.00095, batch accuracy: 100.00, data load time: 0.00029, step time: 0.02335
epoch: [13], step: [116/391], batch loss: 0.00088, batch accuracy: 100.00, data load time: 0.00029, step time: 0.02345
epoch: [13], step: [126/391], batch loss: 0.00068, batch accuracy: 100.00, data load time: 0.00029, step time: 0.02340
epoch: [13], step: [136/391], batch loss: 0.00106, batch accuracy: 100.00, data load time: 0.00029, step time: 0.02335
epoch: [13], step: [146/391], batch loss: 0.00077, batch accuracy: 100.00, data load time: 0.00029, step time: 0.02338
epoch: [13], step: [156/391], batch loss: 0.00101, batch accuracy: 100.00, data load time: 0.00030, step time: 0.02347
epoch: [13], step: [166/391], batch loss: 0.00123, batch accuracy: 100.00, data load time: 0.00029, step time: 0.02338
epoch: [13], step: [176/391], batch loss: 0.00122, batch accuracy: 100.00, data load time: 0.00029, step time: 0.02320
epoch: [13], step: [186/391], batch loss: 0.00099, batch accuracy: 100.00, data load time: 0.00029, step time: 0.02315
epoch: [13], step: [196/391], batch loss: 0.00190, batch accuracy: 100.00, data load time: 0.00029, step time: 0.02298
epoch: [13], step: [206/391], batch loss: 0.00078, batch accuracy: 100.00, data load time: 0.00030, step time: 0.02307
epoch: [13], step: [216/391], batch loss: 0.00092, batch accuracy: 100.00, data load time: 0.00029, step time: 0.02311
epoch: [13], step: [226/391], batch loss: 0.00064, batch accuracy: 100.00, data load time: 0.00029, step time: 0.02306
epoch: [13], step: [236/391], batch loss: 0.00071, batch accuracy: 100.00, data load time: 0.00029, step time: 0.02337
epoch: [13], step: [246/391], batch loss: 0.00076, batch accuracy: 100.00, data load time: 0.00029, step time: 0.02325
epoch: [13], step: [256/391], batch loss: 0.00119, batch accuracy: 100.00, data load time: 0.00029, step time: 0.02423
epoch: [13], step: [266/391], batch loss: 0.00149, batch accuracy: 100.00, data load time: 0.00029, step time: 0.02430
epoch: [13], step: [276/391], batch loss: 0.00072, batch accuracy: 100.00, data load time: 0.00030, step time: 0.02425
epoch: [13], step: [286/391], batch loss: 0.00138, batch accuracy: 100.00, data load time: 0.00029, step time: 0.02318
epoch: [13], step: [296/391], batch loss: 0.00064, batch accuracy: 100.00, data load time: 0.00029, step time: 0.02319
epoch: [13], step: [306/391], batch loss: 0.00116, batch accuracy: 100.00, data load time: 0.00029, step time: 0.02313
epoch: [13], step: [316/391], batch loss: 0.00081, batch accuracy: 100.00, data load time: 0.00029, step time: 0.02323
epoch: [13], step: [326/391], batch loss: 0.00140, batch accuracy: 100.00, data load time: 0.00029, step time: 0.02314
epoch: [13], step: [336/391], batch loss: 0.00083, batch accuracy: 100.00, data load time: 0.00025, step time: 0.00476
epoch: [13], step: [346/391], batch loss: 0.00078, batch accuracy: 100.00, data load time: 0.00025, step time: 0.00477
epoch: [13], step: [356/391], batch loss: 0.00109, batch accuracy: 100.00, data load time: 0.00025, step time: 0.00479
epoch: [13], step: [366/391], batch loss: 0.00140, batch accuracy: 100.00, data load time: 0.00026, step time: 0.00476
epoch: [13], step: [376/391], batch loss: 0.00125, batch accuracy: 100.00, data load time: 0.00025, step time: 0.00478
epoch: [13], step: [386/391], batch loss: 0.00086, batch accuracy: 100.00, data load time: 0.00025, step time: 0.00477
validation loss: 1.13063, accuracy: 77.60
epoch: [14], step: [5/391], batch loss: 0.00282, batch accuracy: 100.00, data load time: 0.00029, step time: 0.00476
epoch: [14], step: [15/391], batch loss: 0.00094, batch accuracy: 100.00, data load time: 0.00029, step time: 0.02364
epoch: [14], step: [25/391], batch loss: 0.00046, batch accuracy: 100.00, data load time: 0.08074, step time: 0.02384
epoch: [14], step: [35/391], batch loss: 0.00142, batch accuracy: 100.00, data load time: 0.00029, step time: 0.02362
epoch: [14], step: [45/391], batch loss: 0.00094, batch accuracy: 100.00, data load time: 0.00028, step time: 0.02364
epoch: [14], step: [55/391], batch loss: 0.00056, batch accuracy: 100.00, data load time: 0.02507, step time: 0.02342
epoch: [14], step: [65/391], batch loss: 0.00092, batch accuracy: 100.00, data load time: 0.00028, step time: 0.02341
epoch: [14], step: [75/391], batch loss: 0.00085, batch accuracy: 100.00, data load time: 0.00028, step time: 0.02342
epoch: [14], step: [85/391], batch loss: 0.00055, batch accuracy: 100.00, data load time: 0.00028, step time: 0.02331
epoch: [14], step: [95/391], batch loss: 0.00040, batch accuracy: 100.00, data load time: 0.00028, step time: 0.02334
epoch: [14], step: [105/391], batch loss: 0.00054, batch accuracy: 100.00, data load time: 0.00030, step time: 0.02342
epoch: [14], step: [115/391], batch loss: 0.00067, batch accuracy: 100.00, data load time: 0.00029, step time: 0.02329
epoch: [14], step: [125/391], batch loss: 0.00110, batch accuracy: 100.00, data load time: 0.00030, step time: 0.02636
epoch: [14], step: [135/391], batch loss: 0.00127, batch accuracy: 100.00, data load time: 0.00029, step time: 0.02344
epoch: [14], step: [145/391], batch loss: 0.00224, batch accuracy: 100.00, data load time: 0.00029, step time: 0.02332
epoch: [14], step: [155/391], batch loss: 0.00057, batch accuracy: 100.00, data load time: 0.00030, step time: 0.02334
epoch: [14], step: [165/391], batch loss: 0.00065, batch accuracy: 100.00, data load time: 0.00029, step time: 0.02366
epoch: [14], step: [175/391], batch loss: 0.00068, batch accuracy: 100.00, data load time: 0.00029, step time: 0.02342
epoch: [14], step: [185/391], batch loss: 0.00071, batch accuracy: 100.00, data load time: 0.00029, step time: 0.02311
epoch: [14], step: [195/391], batch loss: 0.00100, batch accuracy: 100.00, data load time: 0.00029, step time: 0.02325
epoch: [14], step: [205/391], batch loss: 0.00089, batch accuracy: 100.00, data load time: 0.00030, step time: 0.02324
epoch: [14], step: [215/391], batch loss: 0.00528, batch accuracy: 100.00, data load time: 0.00029, step time: 0.02324
epoch: [14], step: [225/391], batch loss: 0.00055, batch accuracy: 100.00, data load time: 0.00029, step time: 0.02322
epoch: [14], step: [235/391], batch loss: 0.00078, batch accuracy: 100.00, data load time: 0.00029, step time: 0.02328
epoch: [14], step: [245/391], batch loss: 0.00159, batch accuracy: 100.00, data load time: 0.00029, step time: 0.02310
epoch: [14], step: [255/391], batch loss: 0.00087, batch accuracy: 100.00, data load time: 0.00029, step time: 0.02314
epoch: [14], step: [265/391], batch loss: 0.00069, batch accuracy: 100.00, data load time: 0.00029, step time: 0.02326
epoch: [14], step: [275/391], batch loss: 0.00091, batch accuracy: 100.00, data load time: 0.00029, step time: 0.02313
epoch: [14], step: [285/391], batch loss: 0.00117, batch accuracy: 100.00, data load time: 0.00029, step time: 0.02322
epoch: [14], step: [295/391], batch loss: 0.00089, batch accuracy: 100.00, data load time: 0.00029, step time: 0.02317
epoch: [14], step: [305/391], batch loss: 0.00050, batch accuracy: 100.00, data load time: 0.00030, step time: 0.02315
epoch: [14], step: [315/391], batch loss: 0.00043, batch accuracy: 100.00, data load time: 0.00029, step time: 0.02324
epoch: [14], step: [325/391], batch loss: 0.00059, batch accuracy: 100.00, data load time: 0.00030, step time: 0.02311
epoch: [14], step: [335/391], batch loss: 0.00090, batch accuracy: 100.00, data load time: 0.00025, step time: 0.00476
epoch: [14], step: [345/391], batch loss: 0.00144, batch accuracy: 100.00, data load time: 0.00025, step time: 0.00476
epoch: [14], step: [355/391], batch loss: 0.00043, batch accuracy: 100.00, data load time: 0.00025, step time: 0.00476
epoch: [14], step: [365/391], batch loss: 0.00164, batch accuracy: 100.00, data load time: 0.00025, step time: 0.00476
epoch: [14], step: [375/391], batch loss: 0.00088, batch accuracy: 100.00, data load time: 0.00026, step time: 0.00477
epoch: [14], step: [385/391], batch loss: 0.00046, batch accuracy: 100.00, data load time: 0.00025, step time: 0.00476
epoch: [15], step: [4/391], batch loss: 0.00074, batch accuracy: 100.00, data load time: 0.00029, step time: 0.00587
epoch: [15], step: [14/391], batch loss: 0.00056, batch accuracy: 100.00, data load time: 0.00030, step time: 0.02925
epoch: [15], step: [24/391], batch loss: 0.00056, batch accuracy: 100.00, data load time: 0.00238, step time: 0.02343
epoch: [15], step: [34/391], batch loss: 0.00070, batch accuracy: 100.00, data load time: 0.00029, step time: 0.02355
epoch: [15], step: [44/391], batch loss: 0.00063, batch accuracy: 100.00, data load time: 0.00028, step time: 0.02364
epoch: [15], step: [54/391], batch loss: 0.00040, batch accuracy: 100.00, data load time: 0.00028, step time: 0.02363
epoch: [15], step: [64/391], batch loss: 0.00061, batch accuracy: 100.00, data load time: 0.00028, step time: 0.02344
epoch: [15], step: [74/391], batch loss: 0.00068, batch accuracy: 100.00, data load time: 0.00028, step time: 0.02348
epoch: [15], step: [84/391], batch loss: 0.00086, batch accuracy: 100.00, data load time: 0.00029, step time: 0.02328
epoch: [15], step: [94/391], batch loss: 0.00255, batch accuracy: 100.00, data load time: 0.00030, step time: 0.02329
epoch: [15], step: [104/391], batch loss: 0.00067, batch accuracy: 100.00, data load time: 0.00029, step time: 0.02343
epoch: [15], step: [114/391], batch loss: 0.00042, batch accuracy: 100.00, data load time: 0.00029, step time: 0.02335
epoch: [15], step: [124/391], batch loss: 0.00074, batch accuracy: 100.00, data load time: 0.00029, step time: 0.02325
epoch: [15], step: [134/391], batch loss: 0.00091, batch accuracy: 100.00, data load time: 0.00031, step time: 0.02336
epoch: [15], step: [144/391], batch loss: 0.00077, batch accuracy: 100.00, data load time: 0.00031, step time: 0.02335
epoch: [15], step: [154/391], batch loss: 0.00079, batch accuracy: 100.00, data load time: 0.00030, step time: 0.02331
epoch: [15], step: [164/391], batch loss: 0.00058, batch accuracy: 100.00, data load time: 0.00030, step time: 0.02341
epoch: [15], step: [174/391], batch loss: 0.00083, batch accuracy: 100.00, data load time: 0.00030, step time: 0.02308
epoch: [15], step: [184/391], batch loss: 0.00085, batch accuracy: 100.00, data load time: 0.00029, step time: 0.02318
epoch: [15], step: [194/391], batch loss: 0.00066, batch accuracy: 100.00, data load time: 0.00031, step time: 0.02334
epoch: [15], step: [204/391], batch loss: 0.00040, batch accuracy: 100.00, data load time: 0.00029, step time: 0.02317
epoch: [15], step: [214/391], batch loss: 0.00084, batch accuracy: 100.00, data load time: 0.00030, step time: 0.02315
epoch: [15], step: [224/391], batch loss: 0.00041, batch accuracy: 100.00, data load time: 0.00030, step time: 0.02306
epoch: [15], step: [234/391], batch loss: 0.00060, batch accuracy: 100.00, data load time: 0.00029, step time: 0.02331
epoch: [15], step: [244/391], batch loss: 0.00059, batch accuracy: 100.00, data load time: 0.00029, step time: 0.02315
epoch: [15], step: [254/391], batch loss: 0.00057, batch accuracy: 100.00, data load time: 0.00030, step time: 0.02312
epoch: [15], step: [264/391], batch loss: 0.00082, batch accuracy: 100.00, data load time: 0.00030, step time: 0.02310
epoch: [15], step: [274/391], batch loss: 0.00092, batch accuracy: 100.00, data load time: 0.00029, step time: 0.02319
epoch: [15], step: [284/391], batch loss: 0.00060, batch accuracy: 100.00, data load time: 0.00031, step time: 0.02307
epoch: [15], step: [294/391], batch loss: 0.00031, batch accuracy: 100.00, data load time: 0.00030, step time: 0.02314
epoch: [15], step: [304/391], batch loss: 0.00207, batch accuracy: 100.00, data load time: 0.00030, step time: 0.02309
epoch: [15], step: [314/391], batch loss: 0.00111, batch accuracy: 100.00, data load time: 0.00030, step time: 0.02298
epoch: [15], step: [324/391], batch loss: 0.00070, batch accuracy: 100.00, data load time: 0.00029, step time: 0.02313
epoch: [15], step: [334/391], batch loss: 0.00068, batch accuracy: 100.00, data load time: 0.00296, step time: 0.01608
epoch: [15], step: [344/391], batch loss: 0.00068, batch accuracy: 100.00, data load time: 0.00025, step time: 0.00492
epoch: [15], step: [354/391], batch loss: 0.00082, batch accuracy: 100.00, data load time: 0.00025, step time: 0.00488
epoch: [15], step: [364/391], batch loss: 0.00040, batch accuracy: 100.00, data load time: 0.00025, step time: 0.00485
epoch: [15], step: [374/391], batch loss: 0.00133, batch accuracy: 100.00, data load time: 0.00026, step time: 0.00485
epoch: [15], step: [384/391], batch loss: 0.00056, batch accuracy: 100.00, data load time: 0.00026, step time: 0.00478
validation loss: 1.14185, accuracy: 77.53
epoch: [16], step: [3/391], batch loss: 0.00074, batch accuracy: 100.00, data load time: 0.00029, step time: 0.01498
epoch: [16], step: [13/391], batch loss: 0.00071, batch accuracy: 100.00, data load time: 0.00029, step time: 0.02421
epoch: [16], step: [23/391], batch loss: 0.00078, batch accuracy: 100.00, data load time: 0.00029, step time: 0.02359
epoch: [16], step: [33/391], batch loss: 0.00091, batch accuracy: 100.00, data load time: 0.00028, step time: 0.02362
epoch: [16], step: [43/391], batch loss: 0.00056, batch accuracy: 100.00, data load time: 0.00028, step time: 0.02362
epoch: [16], step: [53/391], batch loss: 0.00037, batch accuracy: 100.00, data load time: 0.00028, step time: 0.02383
epoch: [16], step: [63/391], batch loss: 0.00029, batch accuracy: 100.00, data load time: 0.00028, step time: 0.02338
epoch: [16], step: [73/391], batch loss: 0.00032, batch accuracy: 100.00, data load time: 0.00029, step time: 0.02345
epoch: [16], step: [83/391], batch loss: 0.00075, batch accuracy: 100.00, data load time: 0.00035, step time: 0.02336
epoch: [16], step: [93/391], batch loss: 0.00053, batch accuracy: 100.00, data load time: 0.00028, step time: 0.02336
epoch: [16], step: [103/391], batch loss: 0.00038, batch accuracy: 100.00, data load time: 0.00029, step time: 0.02342
epoch: [16], step: [113/391], batch loss: 0.00044, batch accuracy: 100.00, data load time: 0.00029, step time: 0.02333
epoch: [16], step: [123/391], batch loss: 0.00141, batch accuracy: 100.00, data load time: 0.00029, step time: 0.02334
epoch: [16], step: [133/391], batch loss: 0.00091, batch accuracy: 100.00, data load time: 0.00030, step time: 0.02331
epoch: [16], step: [143/391], batch loss: 0.00051, batch accuracy: 100.00, data load time: 0.00029, step time: 0.02335
epoch: [16], step: [153/391], batch loss: 0.00088, batch accuracy: 100.00, data load time: 0.00029, step time: 0.02337
epoch: [16], step: [163/391], batch loss: 0.00085, batch accuracy: 100.00, data load time: 0.00029, step time: 0.02368
epoch: [16], step: [173/391], batch loss: 0.00042, batch accuracy: 100.00, data load time: 0.00030, step time: 0.02319
epoch: [16], step: [183/391], batch loss: 0.00051, batch accuracy: 100.00, data load time: 0.00029, step time: 0.02323
epoch: [16], step: [193/391], batch loss: 0.00075, batch accuracy: 100.00, data load time: 0.00029, step time: 0.02324
epoch: [16], step: [203/391], batch loss: 0.00049, batch accuracy: 100.00, data load time: 0.00030, step time: 0.02313
epoch: [16], step: [213/391], batch loss: 0.00040, batch accuracy: 100.00, data load time: 0.00029, step time: 0.02313
epoch: [16], step: [223/391], batch loss: 0.00073, batch accuracy: 100.00, data load time: 0.00029, step time: 0.02319
epoch: [16], step: [233/391], batch loss: 0.00033, batch accuracy: 100.00, data load time: 0.00029, step time: 0.02314
epoch: [16], step: [243/391], batch loss: 0.00061, batch accuracy: 100.00, data load time: 0.00029, step time: 0.02316
epoch: [16], step: [253/391], batch loss: 0.00053, batch accuracy: 100.00, data load time: 0.00029, step time: 0.02307
epoch: [16], step: [263/391], batch loss: 0.00078, batch accuracy: 100.00, data load time: 0.00029, step time: 0.02321
epoch: [16], step: [273/391], batch loss: 0.00092, batch accuracy: 100.00, data load time: 0.00029, step time: 0.02313
epoch: [16], step: [283/391], batch loss: 0.00091, batch accuracy: 100.00, data load time: 0.00029, step time: 0.02311
epoch: [16], step: [293/391], batch loss: 0.00051, batch accuracy: 100.00, data load time: 0.00029, step time: 0.02313
epoch: [16], step: [303/391], batch loss: 0.00052, batch accuracy: 100.00, data load time: 0.00029, step time: 0.02315
epoch: [16], step: [313/391], batch loss: 0.00072, batch accuracy: 100.00, data load time: 0.00029, step time: 0.02310
epoch: [16], step: [323/391], batch loss: 0.00049, batch accuracy: 100.00, data load time: 0.00029, step time: 0.02319
epoch: [16], step: [333/391], batch loss: 0.00074, batch accuracy: 100.00, data load time: 0.00030, step time: 0.02320
epoch: [16], step: [343/391], batch loss: 0.00053, batch accuracy: 100.00, data load time: 0.00025, step time: 0.00477
epoch: [16], step: [353/391], batch loss: 0.00036, batch accuracy: 100.00, data load time: 0.00025, step time: 0.00476
epoch: [16], step: [363/391], batch loss: 0.00038, batch accuracy: 100.00, data load time: 0.00025, step time: 0.00476
epoch: [16], step: [373/391], batch loss: 0.00054, batch accuracy: 100.00, data load time: 0.00025, step time: 0.00476
epoch: [16], step: [383/391], batch loss: 0.00043, batch accuracy: 100.00, data load time: 0.00025, step time: 0.00477
epoch: [17], step: [2/391], batch loss: 0.00047, batch accuracy: 100.00, data load time: 0.00030, step time: 0.00476
epoch: [17], step: [12/391], batch loss: 0.00063, batch accuracy: 100.00, data load time: 0.00029, step time: 0.01803
epoch: [17], step: [22/391], batch loss: 0.00034, batch accuracy: 100.00, data load time: 0.00029, step time: 0.02430
epoch: [17], step: [32/391], batch loss: 0.00098, batch accuracy: 100.00, data load time: 0.00028, step time: 0.02359
epoch: [17], step: [42/391], batch loss: 0.00047, batch accuracy: 100.00, data load time: 0.00028, step time: 0.02364
epoch: [17], step: [52/391], batch loss: 0.00044, batch accuracy: 100.00, data load time: 0.00028, step time: 0.02368
epoch: [17], step: [62/391], batch loss: 0.00106, batch accuracy: 100.00, data load time: 0.00030, step time: 0.02385
epoch: [17], step: [72/391], batch loss: 0.00046, batch accuracy: 100.00, data load time: 0.00028, step time: 0.02340
epoch: [17], step: [82/391], batch loss: 0.00094, batch accuracy: 100.00, data load time: 0.00028, step time: 0.02341
epoch: [17], step: [92/391], batch loss: 0.00088, batch accuracy: 100.00, data load time: 0.00029, step time: 0.02324
epoch: [17], step: [102/391], batch loss: 0.00062, batch accuracy: 100.00, data load time: 0.00030, step time: 0.02339
epoch: [17], step: [112/391], batch loss: 0.00128, batch accuracy: 100.00, data load time: 0.00029, step time: 0.02356
epoch: [17], step: [122/391], batch loss: 0.00049, batch accuracy: 100.00, data load time: 0.00029, step time: 0.02336
epoch: [17], step: [132/391], batch loss: 0.00053, batch accuracy: 100.00, data load time: 0.00029, step time: 0.02351
epoch: [17], step: [142/391], batch loss: 0.00099, batch accuracy: 100.00, data load time: 0.00029, step time: 0.02341
epoch: [17], step: [152/391], batch loss: 0.00153, batch accuracy: 100.00, data load time: 0.00029, step time: 0.02330
epoch: [17], step: [162/391], batch loss: 0.00053, batch accuracy: 100.00, data load time: 0.00029, step time: 0.02340
epoch: [17], step: [172/391], batch loss: 0.00063, batch accuracy: 100.00, data load time: 0.00029, step time: 0.02349
epoch: [17], step: [182/391], batch loss: 0.00039, batch accuracy: 100.00, data load time: 0.00029, step time: 0.02316
epoch: [17], step: [192/391], batch loss: 0.00039, batch accuracy: 100.00, data load time: 0.00029, step time: 0.02313
epoch: [17], step: [202/391], batch loss: 0.00065, batch accuracy: 100.00, data load time: 0.00030, step time: 0.02308
epoch: [17], step: [212/391], batch loss: 0.00036, batch accuracy: 100.00, data load time: 0.00029, step time: 0.02321
epoch: [17], step: [222/391], batch loss: 0.00049, batch accuracy: 100.00, data load time: 0.00029, step time: 0.02316
epoch: [17], step: [232/391], batch loss: 0.00037, batch accuracy: 100.00, data load time: 0.00029, step time: 0.02338
epoch: [17], step: [242/391], batch loss: 0.00073, batch accuracy: 100.00, data load time: 0.00029, step time: 0.02310
epoch: [17], step: [252/391], batch loss: 0.00035, batch accuracy: 100.00, data load time: 0.00029, step time: 0.02313
epoch: [17], step: [262/391], batch loss: 0.00074, batch accuracy: 100.00, data load time: 0.00030, step time: 0.02334
epoch: [17], step: [272/391], batch loss: 0.00100, batch accuracy: 100.00, data load time: 0.00030, step time: 0.02325
epoch: [17], step: [282/391], batch loss: 0.00041, batch accuracy: 100.00, data load time: 0.00029, step time: 0.02318
epoch: [17], step: [292/391], batch loss: 0.00066, batch accuracy: 100.00, data load time: 0.00029, step time: 0.02314
epoch: [17], step: [302/391], batch loss: 0.00048, batch accuracy: 100.00, data load time: 0.00030, step time: 0.02314
epoch: [17], step: [312/391], batch loss: 0.00043, batch accuracy: 100.00, data load time: 0.00029, step time: 0.02312
epoch: [17], step: [322/391], batch loss: 0.00065, batch accuracy: 100.00, data load time: 0.00029, step time: 0.02307
epoch: [17], step: [332/391], batch loss: 0.00091, batch accuracy: 100.00, data load time: 0.00030, step time: 0.02315
epoch: [17], step: [342/391], batch loss: 0.00066, batch accuracy: 100.00, data load time: 0.00025, step time: 0.00476
epoch: [17], step: [352/391], batch loss: 0.00057, batch accuracy: 100.00, data load time: 0.00025, step time: 0.00477
epoch: [17], step: [362/391], batch loss: 0.00126, batch accuracy: 100.00, data load time: 0.00025, step time: 0.00476
epoch: [17], step: [372/391], batch loss: 0.00048, batch accuracy: 100.00, data load time: 0.00025, step time: 0.00478
epoch: [17], step: [382/391], batch loss: 0.00081, batch accuracy: 100.00, data load time: 0.00025, step time: 0.00477
validation loss: 1.15794, accuracy: 77.48
epoch: [18], step: [1/391], batch loss: 0.00067, batch accuracy: 100.00, data load time: 0.00033, step time: 0.00668
epoch: [18], step: [11/391], batch loss: 0.00060, batch accuracy: 100.00, data load time: 0.00029, step time: 0.02365
epoch: [18], step: [21/391], batch loss: 0.00067, batch accuracy: 100.00, data load time: 0.00029, step time: 0.02411
epoch: [18], step: [31/391], batch loss: 0.00030, batch accuracy: 100.00, data load time: 0.00028, step time: 0.02361
epoch: [18], step: [41/391], batch loss: 0.00051, batch accuracy: 100.00, data load time: 0.00028, step time: 0.02358
epoch: [18], step: [51/391], batch loss: 0.00038, batch accuracy: 100.00, data load time: 0.00028, step time: 0.02367
epoch: [18], step: [61/391], batch loss: 0.00036, batch accuracy: 100.00, data load time: 0.00028, step time: 0.06745
epoch: [18], step: [71/391], batch loss: 0.00037, batch accuracy: 100.00, data load time: 0.00028, step time: 0.02339
epoch: [18], step: [81/391], batch loss: 0.00030, batch accuracy: 100.00, data load time: 0.00028, step time: 0.02355
epoch: [18], step: [91/391], batch loss: 0.00043, batch accuracy: 100.00, data load time: 0.00027, step time: 0.02337
epoch: [18], step: [101/391], batch loss: 0.00028, batch accuracy: 100.00, data load time: 0.00029, step time: 0.02348
epoch: [18], step: [111/391], batch loss: 0.00063, batch accuracy: 100.00, data load time: 0.00029, step time: 0.02340
epoch: [18], step: [121/391], batch loss: 0.00040, batch accuracy: 100.00, data load time: 0.00029, step time: 0.02349
epoch: [18], step: [131/391], batch loss: 0.00068, batch accuracy: 100.00, data load time: 0.00030, step time: 0.02443
epoch: [18], step: [141/391], batch loss: 0.00048, batch accuracy: 100.00, data load time: 0.00030, step time: 0.02331
epoch: [18], step: [151/391], batch loss: 0.00079, batch accuracy: 100.00, data load time: 0.00029, step time: 0.02335
epoch: [18], step: [161/391], batch loss: 0.00055, batch accuracy: 100.00, data load time: 0.00029, step time: 0.02345
epoch: [18], step: [171/391], batch loss: 0.00046, batch accuracy: 100.00, data load time: 0.00029, step time: 0.02314
epoch: [18], step: [181/391], batch loss: 0.00046, batch accuracy: 100.00, data load time: 0.00029, step time: 0.02313
epoch: [18], step: [191/391], batch loss: 0.00033, batch accuracy: 100.00, data load time: 0.00029, step time: 0.02317
epoch: [18], step: [201/391], batch loss: 0.00035, batch accuracy: 100.00, data load time: 0.00029, step time: 0.02333
epoch: [18], step: [211/391], batch loss: 0.00059, batch accuracy: 100.00, data load time: 0.00029, step time: 0.02321
epoch: [18], step: [221/391], batch loss: 0.00117, batch accuracy: 100.00, data load time: 0.00029, step time: 0.02316
epoch: [18], step: [231/391], batch loss: 0.00059, batch accuracy: 100.00, data load time: 0.00029, step time: 0.02315
epoch: [18], step: [241/391], batch loss: 0.00039, batch accuracy: 100.00, data load time: 0.00029, step time: 0.02327
epoch: [18], step: [251/391], batch loss: 0.00066, batch accuracy: 100.00, data load time: 0.00030, step time: 0.02333
epoch: [18], step: [261/391], batch loss: 0.00046, batch accuracy: 100.00, data load time: 0.00029, step time: 0.02321
epoch: [18], step: [271/391], batch loss: 0.00082, batch accuracy: 100.00, data load time: 0.00029, step time: 0.02319
epoch: [18], step: [281/391], batch loss: 0.00030, batch accuracy: 100.00, data load time: 0.00029, step time: 0.02315
epoch: [18], step: [291/391], batch loss: 0.00040, batch accuracy: 100.00, data load time: 0.00030, step time: 0.02325
epoch: [18], step: [301/391], batch loss: 0.00062, batch accuracy: 100.00, data load time: 0.00029, step time: 0.02322
epoch: [18], step: [311/391], batch loss: 0.00042, batch accuracy: 100.00, data load time: 0.00029, step time: 0.02325
epoch: [18], step: [321/391], batch loss: 0.00055, batch accuracy: 100.00, data load time: 0.00029, step time: 0.02311
epoch: [18], step: [331/391], batch loss: 0.00037, batch accuracy: 100.00, data load time: 0.00029, step time: 0.02312
epoch: [18], step: [341/391], batch loss: 0.00040, batch accuracy: 100.00, data load time: 0.00025, step time: 0.00519
epoch: [18], step: [351/391], batch loss: 0.00055, batch accuracy: 100.00, data load time: 0.00025, step time: 0.00513
epoch: [18], step: [361/391], batch loss: 0.00073, batch accuracy: 100.00, data load time: 0.00024, step time: 0.00482
epoch: [18], step: [371/391], batch loss: 0.00073, batch accuracy: 100.00, data load time: 0.00025, step time: 0.00481
epoch: [18], step: [381/391], batch loss: 0.00044, batch accuracy: 100.00, data load time: 0.00025, step time: 0.00480
epoch: [19], step: [0/391], batch loss: 0.00057, batch accuracy: 100.00, data load time: 1.57410, step time: 0.53109
epoch: [19], step: [10/391], batch loss: 0.00033, batch accuracy: 100.00, data load time: 0.00029, step time: 0.02530
epoch: [19], step: [20/391], batch loss: 0.00036, batch accuracy: 100.00, data load time: 0.00029, step time: 0.02411
epoch: [19], step: [30/391], batch loss: 0.00082, batch accuracy: 100.00, data load time: 0.00028, step time: 0.02359
epoch: [19], step: [40/391], batch loss: 0.00074, batch accuracy: 100.00, data load time: 0.00028, step time: 0.02371
epoch: [19], step: [50/391], batch loss: 0.00079, batch accuracy: 100.00, data load time: 0.00028, step time: 0.02366
epoch: [19], step: [60/391], batch loss: 0.00037, batch accuracy: 100.00, data load time: 0.00028, step time: 0.02353
epoch: [19], step: [70/391], batch loss: 0.00048, batch accuracy: 100.00, data load time: 0.00028, step time: 0.02348
epoch: [19], step: [80/391], batch loss: 0.00039, batch accuracy: 100.00, data load time: 0.00027, step time: 0.02349
epoch: [19], step: [90/391], batch loss: 0.00037, batch accuracy: 100.00, data load time: 0.00028, step time: 0.02328
epoch: [19], step: [100/391], batch loss: 0.00048, batch accuracy: 100.00, data load time: 0.00029, step time: 0.02335
epoch: [19], step: [110/391], batch loss: 0.00054, batch accuracy: 100.00, data load time: 0.00029, step time: 0.02334
epoch: [19], step: [120/391], batch loss: 0.00047, batch accuracy: 100.00, data load time: 0.00029, step time: 0.02328
epoch: [19], step: [130/391], batch loss: 0.00029, batch accuracy: 100.00, data load time: 0.00030, step time: 0.02338
epoch: [19], step: [140/391], batch loss: 0.00081, batch accuracy: 100.00, data load time: 0.00029, step time: 0.02334
epoch: [19], step: [150/391], batch loss: 0.00071, batch accuracy: 100.00, data load time: 0.00029, step time: 0.02341
epoch: [19], step: [160/391], batch loss: 0.00039, batch accuracy: 100.00, data load time: 0.00029, step time: 0.02343
epoch: [19], step: [170/391], batch loss: 0.00056, batch accuracy: 100.00, data load time: 0.00029, step time: 0.02312
epoch: [19], step: [180/391], batch loss: 0.00067, batch accuracy: 100.00, data load time: 0.00029, step time: 0.02318
epoch: [19], step: [190/391], batch loss: 0.00083, batch accuracy: 100.00, data load time: 0.00029, step time: 0.02335
epoch: [19], step: [200/391], batch loss: 0.00069, batch accuracy: 100.00, data load time: 0.00030, step time: 0.02310
epoch: [19], step: [210/391], batch loss: 0.00062, batch accuracy: 100.00, data load time: 0.00029, step time: 0.02318
epoch: [19], step: [220/391], batch loss: 0.00070, batch accuracy: 100.00, data load time: 0.00029, step time: 0.02320
epoch: [19], step: [230/391], batch loss: 0.00035, batch accuracy: 100.00, data load time: 0.00029, step time: 0.02311
epoch: [19], step: [240/391], batch loss: 0.00073, batch accuracy: 100.00, data load time: 0.00029, step time: 0.02312
epoch: [19], step: [250/391], batch loss: 0.00041, batch accuracy: 100.00, data load time: 0.00030, step time: 0.02316
epoch: [19], step: [260/391], batch loss: 0.00039, batch accuracy: 100.00, data load time: 0.00029, step time: 0.02308
epoch: [19], step: [270/391], batch loss: 0.00041, batch accuracy: 100.00, data load time: 0.00029, step time: 0.02320
epoch: [19], step: [280/391], batch loss: 0.00046, batch accuracy: 100.00, data load time: 0.00029, step time: 0.02309
epoch: [19], step: [290/391], batch loss: 0.00068, batch accuracy: 100.00, data load time: 0.00029, step time: 0.02316
epoch: [19], step: [300/391], batch loss: 0.00041, batch accuracy: 100.00, data load time: 0.00029, step time: 0.02322
epoch: [19], step: [310/391], batch loss: 0.00089, batch accuracy: 100.00, data load time: 0.00030, step time: 0.02314
epoch: [19], step: [320/391], batch loss: 0.00024, batch accuracy: 100.00, data load time: 0.00029, step time: 0.02317
epoch: [19], step: [330/391], batch loss: 0.00069, batch accuracy: 100.00, data load time: 0.00030, step time: 0.02323
epoch: [19], step: [340/391], batch loss: 0.00213, batch accuracy: 100.00, data load time: 0.00025, step time: 0.00476
epoch: [19], step: [350/391], batch loss: 0.00044, batch accuracy: 100.00, data load time: 0.00025, step time: 0.00478
epoch: [19], step: [360/391], batch loss: 0.00029, batch accuracy: 100.00, data load time: 0.00025, step time: 0.00476
epoch: [19], step: [370/391], batch loss: 0.00028, batch accuracy: 100.00, data load time: 0.00027, step time: 0.00478
epoch: [19], step: [380/391], batch loss: 0.00040, batch accuracy: 100.00, data load time: 0.00025, step time: 0.00476
epoch: [19], step: [390/391], batch loss: 0.00066, batch accuracy: 100.00, data load time: 0.00019, step time: 0.00397
validation loss: 1.17474, accuracy: 77.65
